2021-12-30 18:12:18   Arguments: Namespace(cache_refresh_rate=1000, datasets_folder='../data/', device='cuda', epochs_num=10, exp_name='./GeM', gem_power=3.0, infer_batch_size=16, lr=1e-05, margin=0.1, neg_samples_num=1000, negs_num_per_query=5, netvlad_clusters=None, num_workers=8, output_folder='runs/./GeM/2021-12-30_18-12-18', patience=3, queries_per_epoch=3000, recall_values=[1, 5, 10, 20], seed=0, train_batch_size=4, train_positives_dist_threshold=10, val_positive_dist_threshold=25)
2021-12-30 18:12:18   The outputs are being saved in runs/./GeM/2021-12-30_18-12-18
2021-12-30 18:12:18   Using 1 GPUs and 8 CPUs
2021-12-30 18:12:18   There are 96 queries without any positives within the training set. They won't be considered as they're useless for training.
2021-12-30 18:12:18   Train query set: < TripletsDataset, pitts30k - #database: 10000; #queries: 7320 >
2021-12-30 18:12:19   Val set: < BaseDataset, pitts30k - #database: 10000; #queries: 7608 >
2021-12-30 18:12:19   Test set: < BaseDataset, pitts30k - #database: 10000; #queries: 6816 >
2021-12-30 18:12:21   Output dimension of the model is 256
2021-12-30 18:12:21   Start training epoch: 00
2021-12-30 18:29:31   Finished epoch 00 in 0:17:09, average epoch triplet loss = 0.0672
2021-12-30 18:34:04   Recalls on val set < BaseDataset, pitts30k - #database: 10000; #queries: 7608 >: R@1: 68.2, R@5: 85.0, R@10: 90.5, R@20: 94.2
2021-12-30 18:34:05   Improved: previous best R@5 = 0.0, current R@5 = 85.0
2021-12-30 18:34:05   Start training epoch: 01
2021-12-30 18:51:14   Finished epoch 01 in 0:17:08, average epoch triplet loss = 0.0554
2021-12-30 18:55:48   Recalls on val set < BaseDataset, pitts30k - #database: 10000; #queries: 7608 >: R@1: 72.9, R@5: 87.8, R@10: 91.9, R@20: 95.0
2021-12-30 18:55:49   Improved: previous best R@5 = 85.0, current R@5 = 87.8
2021-12-30 18:55:49   Start training epoch: 02
2021-12-30 19:13:01   Finished epoch 02 in 0:17:12, average epoch triplet loss = 0.0490
2021-12-30 19:17:35   Recalls on val set < BaseDataset, pitts30k - #database: 10000; #queries: 7608 >: R@1: 75.3, R@5: 89.4, R@10: 93.2, R@20: 95.8
2021-12-30 19:17:36   Improved: previous best R@5 = 87.8, current R@5 = 89.4
2021-12-30 19:17:36   Start training epoch: 03
2021-12-30 19:34:47   Finished epoch 03 in 0:17:10, average epoch triplet loss = 0.0443
2021-12-30 19:39:18   Recalls on val set < BaseDataset, pitts30k - #database: 10000; #queries: 7608 >: R@1: 76.8, R@5: 90.2, R@10: 93.8, R@20: 96.0
2021-12-30 19:39:19   Improved: previous best R@5 = 89.4, current R@5 = 90.2
2021-12-30 19:39:19   Start training epoch: 04
2021-12-30 19:56:24   Finished epoch 04 in 0:17:05, average epoch triplet loss = 0.0398
2021-12-30 20:00:55   Recalls on val set < BaseDataset, pitts30k - #database: 10000; #queries: 7608 >: R@1: 77.8, R@5: 90.9, R@10: 94.0, R@20: 96.4
2021-12-30 20:00:56   Improved: previous best R@5 = 90.2, current R@5 = 90.9
2021-12-30 20:00:56   Start training epoch: 05
2021-12-30 20:18:00   Finished epoch 05 in 0:17:04, average epoch triplet loss = 0.0369
2021-12-30 20:22:30   Recalls on val set < BaseDataset, pitts30k - #database: 10000; #queries: 7608 >: R@1: 78.2, R@5: 91.3, R@10: 94.2, R@20: 96.3
2021-12-30 20:22:30   Improved: previous best R@5 = 90.9, current R@5 = 91.3
2021-12-30 20:22:30   Start training epoch: 06
2021-12-30 20:39:36   Finished epoch 06 in 0:17:05, average epoch triplet loss = 0.0351
2021-12-30 20:44:06   Recalls on val set < BaseDataset, pitts30k - #database: 10000; #queries: 7608 >: R@1: 78.8, R@5: 91.4, R@10: 94.5, R@20: 96.5
2021-12-30 20:44:07   Improved: previous best R@5 = 91.3, current R@5 = 91.4
2021-12-30 20:44:07   Start training epoch: 07
2021-12-30 21:01:12   Finished epoch 07 in 0:17:05, average epoch triplet loss = 0.0333
2021-12-30 21:05:42   Recalls on val set < BaseDataset, pitts30k - #database: 10000; #queries: 7608 >: R@1: 79.1, R@5: 91.8, R@10: 94.5, R@20: 96.8
2021-12-30 21:05:43   Improved: previous best R@5 = 91.4, current R@5 = 91.8
2021-12-30 21:05:43   Start training epoch: 08
2021-12-30 21:22:49   Finished epoch 08 in 0:17:06, average epoch triplet loss = 0.0315
2021-12-30 21:27:19   Recalls on val set < BaseDataset, pitts30k - #database: 10000; #queries: 7608 >: R@1: 79.7, R@5: 91.7, R@10: 94.5, R@20: 96.6
2021-12-30 21:27:20   Not improved: 1 / 3: best R@5 = 91.8, current R@5 = 91.7
2021-12-30 21:27:20   Start training epoch: 09
2021-12-30 21:44:23   Finished epoch 09 in 0:17:03, average epoch triplet loss = 0.0302
2021-12-30 21:48:53   Recalls on val set < BaseDataset, pitts30k - #database: 10000; #queries: 7608 >: R@1: 80.0, R@5: 91.9, R@10: 94.6, R@20: 96.8
2021-12-30 21:48:53   Improved: previous best R@5 = 91.8, current R@5 = 91.9
2021-12-30 21:48:53   Best R@5: 91.9
2021-12-30 21:48:53   Trained for 10 epochs, in total in 3:36:34
2021-12-30 21:53:12   Recalls on < BaseDataset, pitts30k - #database: 10000; #queries: 6816 >: R@1: 77.2, R@5: 89.8, R@10: 93.0, R@20: 95.1
