2022-01-17 17:23:56   Arguments: Namespace(attention=0, augment_data=5, best_model_path='../best_models/best_model.pth', cache_refresh_rate=1000, colab=False, datasets_folder='../data/', device='cuda', epochs_num=20, exp_name='./runs/resize', gem_power=None, infer_batch_size=16, lr=1e-06, margin=0.1, neg_samples_num=1000, negs_num_per_query=10, netvlad_clusters=64, num_workers=4, optimizer='Adam', output_folder='runs\\./runs/resize\\2022-01-17_17-23-56', patience=3, queries_per_epoch=3000, recall_values=[1, 5, 10, 20], resize=None, resume=False, seed=0, train_batch_size=2, train_positives_dist_threshold=10, val_positive_dist_threshold=25)
2022-01-17 17:23:56   The outputs are being saved in runs\./runs/resize\2022-01-17_17-23-56
2022-01-17 17:23:56   Using 1 GPUs and 8 CPUs
2022-01-17 17:23:56   Loading dataset Pitts30k from folder ../data/
2022-01-17 17:23:57   There are 96 queries without any positives within the training set. They won't be considered as they're useless for training.
2022-01-17 17:23:58   Train query set: < TripletsDataset, pitts30k - #database: 10000; #queries: 7320 >
2022-01-17 17:23:58   Val set: < BaseDataset, pitts30k - #database: 10000; #queries: 7608 >
2022-01-17 17:23:58   Test set: < BaseDataset, pitts30k - #database: 10000; #queries: 6816 >
2022-01-17 17:23:59   Output dimension of the model is 16384
2022-01-17 17:23:59   Start training epoch: 00
2022-01-17 17:23:59   Cache: 0 / 3
2022-01-17 17:38:04   Epoch[00](0/3): current batch triplet loss = 0.0914, average epoch triplet loss = 0.0912
2022-01-17 17:38:04   Cache: 1 / 3
2022-01-17 17:51:31   Epoch[00](1/3): current batch triplet loss = 0.0891, average epoch triplet loss = 0.0918
2022-01-17 17:51:31   Cache: 2 / 3
2022-01-17 18:04:58   Epoch[00](2/3): current batch triplet loss = 0.0890, average epoch triplet loss = 0.0916
2022-01-17 18:04:58   Finished epoch 00 in 0:40:59, average epoch triplet loss = 0.0916
2022-01-17 18:04:58   Extracting database features for evaluation/testing
2022-01-17 18:07:36   Extracting queries features for evaluation/testing
2022-01-17 18:09:48   Calculating recalls
2022-01-17 18:10:20   Recalls on val set < BaseDataset, pitts30k - #database: 10000; #queries: 7608 >: R@1: 51.2, R@5: 68.8, R@10: 75.9, R@20: 82.4
2022-01-17 18:10:20   Improved: previous best R@5 = 0.0, current R@5 = 68.8
2022-01-17 18:10:20   Start training epoch: 01
2022-01-17 18:10:20   Cache: 0 / 3
2022-01-17 18:24:15   Epoch[01](0/3): current batch triplet loss = 0.0952, average epoch triplet loss = 0.0917
2022-01-17 18:24:15   Cache: 1 / 3
2022-01-17 18:37:45   Epoch[01](1/3): current batch triplet loss = 0.0853, average epoch triplet loss = 0.0912
2022-01-17 18:37:45   Cache: 2 / 3
2022-01-17 18:51:17   Epoch[01](2/3): current batch triplet loss = 0.0911, average epoch triplet loss = 0.0908
2022-01-17 18:51:17   Finished epoch 01 in 0:40:56, average epoch triplet loss = 0.0908
2022-01-17 18:51:17   Extracting database features for evaluation/testing
2022-01-17 18:53:38   Extracting queries features for evaluation/testing
2022-01-17 18:55:35   Calculating recalls
2022-01-17 18:56:07   Recalls on val set < BaseDataset, pitts30k - #database: 10000; #queries: 7608 >: R@1: 56.4, R@5: 73.3, R@10: 80.3, R@20: 86.1
2022-01-17 18:56:07   Improved: previous best R@5 = 68.8, current R@5 = 73.3
2022-01-17 18:56:07   Start training epoch: 02
2022-01-17 18:56:07   Cache: 0 / 3
2022-01-17 19:09:55   Epoch[02](0/3): current batch triplet loss = 0.1134, average epoch triplet loss = 0.0909
2022-01-17 19:09:55   Cache: 1 / 3
2022-01-17 19:23:30   Epoch[02](1/3): current batch triplet loss = 0.0925, average epoch triplet loss = 0.0909
2022-01-17 19:23:30   Cache: 2 / 3
2022-01-17 19:37:10   Epoch[02](2/3): current batch triplet loss = 0.0915, average epoch triplet loss = 0.0907
2022-01-17 19:37:10   Finished epoch 02 in 0:41:02, average epoch triplet loss = 0.0907
2022-01-17 19:37:10   Extracting database features for evaluation/testing
2022-01-17 19:39:52   Extracting queries features for evaluation/testing
2022-01-17 19:42:00   Calculating recalls
2022-01-17 19:42:31   Recalls on val set < BaseDataset, pitts30k - #database: 10000; #queries: 7608 >: R@1: 59.3, R@5: 76.4, R@10: 82.7, R@20: 88.4
2022-01-17 19:42:32   Improved: previous best R@5 = 73.3, current R@5 = 76.4
2022-01-17 19:42:32   Start training epoch: 03
2022-01-17 19:42:32   Cache: 0 / 3
2022-01-17 19:56:14   Epoch[03](0/3): current batch triplet loss = 0.1088, average epoch triplet loss = 0.0906
2022-01-17 19:56:14   Cache: 1 / 3
2022-01-17 20:09:53   Epoch[03](1/3): current batch triplet loss = 0.0940, average epoch triplet loss = 0.0902
2022-01-17 20:09:53   Cache: 2 / 3
2022-01-17 20:23:32   Epoch[03](2/3): current batch triplet loss = 0.0987, average epoch triplet loss = 0.0900
2022-01-17 20:23:32   Finished epoch 03 in 0:41:00, average epoch triplet loss = 0.0900
2022-01-17 20:23:32   Extracting database features for evaluation/testing
2022-01-17 20:25:52   Extracting queries features for evaluation/testing
2022-01-17 20:27:48   Calculating recalls
2022-01-17 20:28:19   Recalls on val set < BaseDataset, pitts30k - #database: 10000; #queries: 7608 >: R@1: 63.0, R@5: 80.4, R@10: 86.1, R@20: 90.8
2022-01-17 20:28:19   Improved: previous best R@5 = 76.4, current R@5 = 80.4
2022-01-17 20:28:19   Start training epoch: 04
2022-01-17 20:28:19   Cache: 0 / 3
2022-01-17 20:42:16   Epoch[04](0/3): current batch triplet loss = 0.1085, average epoch triplet loss = 0.0900
2022-01-17 20:42:16   Cache: 1 / 3
2022-01-17 20:56:00   Epoch[04](1/3): current batch triplet loss = 0.0810, average epoch triplet loss = 0.0905
2022-01-17 20:56:00   Cache: 2 / 3
2022-01-17 21:09:49   Epoch[04](2/3): current batch triplet loss = 0.0797, average epoch triplet loss = 0.0900
2022-01-17 21:09:49   Finished epoch 04 in 0:41:29, average epoch triplet loss = 0.0900
2022-01-17 21:09:49   Extracting database features for evaluation/testing
2022-01-17 21:12:15   Extracting queries features for evaluation/testing
2022-01-17 21:14:13   Calculating recalls
2022-01-17 21:14:45   Recalls on val set < BaseDataset, pitts30k - #database: 10000; #queries: 7608 >: R@1: 65.9, R@5: 82.9, R@10: 87.7, R@20: 92.1
2022-01-17 21:14:45   Improved: previous best R@5 = 80.4, current R@5 = 82.9
2022-01-17 21:14:45   Start training epoch: 05
2022-01-17 21:14:45   Cache: 0 / 3
2022-01-17 21:28:55   Epoch[05](0/3): current batch triplet loss = 0.0818, average epoch triplet loss = 0.0893
2022-01-17 21:28:55   Cache: 1 / 3
2022-01-17 21:42:39   Epoch[05](1/3): current batch triplet loss = 0.0980, average epoch triplet loss = 0.0893
2022-01-17 21:42:39   Cache: 2 / 3
2022-01-17 21:56:18   Epoch[05](2/3): current batch triplet loss = 0.0760, average epoch triplet loss = 0.0895
2022-01-17 21:56:18   Finished epoch 05 in 0:41:32, average epoch triplet loss = 0.0895
2022-01-17 21:56:18   Extracting database features for evaluation/testing
2022-01-17 21:58:39   Extracting queries features for evaluation/testing
2022-01-17 22:00:34   Calculating recalls
2022-01-17 22:01:07   Recalls on val set < BaseDataset, pitts30k - #database: 10000; #queries: 7608 >: R@1: 68.1, R@5: 84.1, R@10: 88.8, R@20: 92.8
2022-01-17 22:01:07   Improved: previous best R@5 = 82.9, current R@5 = 84.1
2022-01-17 22:01:07   Start training epoch: 06
2022-01-17 22:01:07   Cache: 0 / 3
2022-01-17 22:15:08   Epoch[06](0/3): current batch triplet loss = 0.1031, average epoch triplet loss = 0.0881
2022-01-17 22:15:08   Cache: 1 / 3
2022-01-17 22:29:25   Epoch[06](1/3): current batch triplet loss = 0.1042, average epoch triplet loss = 0.0884
2022-01-17 22:29:25   Cache: 2 / 3
2022-01-17 22:44:12   Epoch[06](2/3): current batch triplet loss = 0.0890, average epoch triplet loss = 0.0884
2022-01-17 22:44:12   Finished epoch 06 in 0:43:05, average epoch triplet loss = 0.0884
2022-01-17 22:44:12   Extracting database features for evaluation/testing
2022-01-17 22:46:50   Extracting queries features for evaluation/testing
2022-01-17 22:49:00   Calculating recalls
2022-01-17 22:49:37   Recalls on val set < BaseDataset, pitts30k - #database: 10000; #queries: 7608 >: R@1: 70.4, R@5: 85.9, R@10: 90.1, R@20: 93.5
2022-01-17 22:49:37   Improved: previous best R@5 = 84.1, current R@5 = 85.9
2022-01-17 22:49:37   Start training epoch: 07
2022-01-17 22:49:37   Cache: 0 / 3
2022-01-17 23:04:48   Epoch[07](0/3): current batch triplet loss = 0.0954, average epoch triplet loss = 0.0880
2022-01-17 23:04:48   Cache: 1 / 3
2022-01-17 23:19:44   Epoch[07](1/3): current batch triplet loss = 0.0797, average epoch triplet loss = 0.0879
2022-01-17 23:19:44   Cache: 2 / 3
2022-01-17 23:34:24   Epoch[07](2/3): current batch triplet loss = 0.1011, average epoch triplet loss = 0.0876
2022-01-17 23:34:24   Finished epoch 07 in 0:44:47, average epoch triplet loss = 0.0876
2022-01-17 23:34:24   Extracting database features for evaluation/testing
2022-01-17 23:36:58   Extracting queries features for evaluation/testing
2022-01-17 23:39:14   Calculating recalls
2022-01-17 23:39:50   Recalls on val set < BaseDataset, pitts30k - #database: 10000; #queries: 7608 >: R@1: 71.6, R@5: 86.6, R@10: 90.7, R@20: 93.9
2022-01-17 23:39:50   Improved: previous best R@5 = 85.9, current R@5 = 86.6
2022-01-17 23:39:50   Start training epoch: 08
2022-01-17 23:39:50   Cache: 0 / 3
2022-01-17 23:54:59   Epoch[08](0/3): current batch triplet loss = 0.0715, average epoch triplet loss = 0.0871
2022-01-17 23:54:59   Cache: 1 / 3
2022-01-18 00:09:57   Epoch[08](1/3): current batch triplet loss = 0.0847, average epoch triplet loss = 0.0872
2022-01-18 00:09:57   Cache: 2 / 3
2022-01-18 00:24:53   Epoch[08](2/3): current batch triplet loss = 0.0704, average epoch triplet loss = 0.0870
2022-01-18 00:24:53   Finished epoch 08 in 0:45:03, average epoch triplet loss = 0.0870
2022-01-18 00:24:53   Extracting database features for evaluation/testing
2022-01-18 00:27:31   Extracting queries features for evaluation/testing
2022-01-18 00:29:43   Calculating recalls
2022-01-18 00:30:20   Recalls on val set < BaseDataset, pitts30k - #database: 10000; #queries: 7608 >: R@1: 71.4, R@5: 86.9, R@10: 90.8, R@20: 94.1
2022-01-18 00:30:20   Improved: previous best R@5 = 86.6, current R@5 = 86.9
2022-01-18 00:30:20   Start training epoch: 09
2022-01-18 00:30:20   Cache: 0 / 3
2022-01-18 00:45:28   Epoch[09](0/3): current batch triplet loss = 0.0782, average epoch triplet loss = 0.0867
2022-01-18 00:45:28   Cache: 1 / 3
2022-01-18 01:00:23   Epoch[09](1/3): current batch triplet loss = 0.0490, average epoch triplet loss = 0.0867
2022-01-18 01:00:23   Cache: 2 / 3
2022-01-18 01:15:22   Epoch[09](2/3): current batch triplet loss = 0.0730, average epoch triplet loss = 0.0865
2022-01-18 01:15:22   Finished epoch 09 in 0:45:02, average epoch triplet loss = 0.0865
2022-01-18 01:15:22   Extracting database features for evaluation/testing
2022-01-18 01:17:59   Extracting queries features for evaluation/testing
2022-01-18 01:20:08   Calculating recalls
2022-01-18 01:20:43   Recalls on val set < BaseDataset, pitts30k - #database: 10000; #queries: 7608 >: R@1: 73.0, R@5: 87.7, R@10: 91.5, R@20: 94.5
2022-01-18 01:20:44   Improved: previous best R@5 = 86.9, current R@5 = 87.7
2022-01-18 01:20:44   Start training epoch: 10
2022-01-18 01:20:44   Cache: 0 / 3
2022-01-18 01:35:56   Epoch[10](0/3): current batch triplet loss = 0.0914, average epoch triplet loss = 0.0871
2022-01-18 01:35:56   Cache: 1 / 3
2022-01-18 01:50:53   Epoch[10](1/3): current batch triplet loss = 0.1097, average epoch triplet loss = 0.0865
2022-01-18 01:50:53   Cache: 2 / 3
2022-01-18 02:05:43   Epoch[10](2/3): current batch triplet loss = 0.0485, average epoch triplet loss = 0.0863
2022-01-18 02:05:43   Finished epoch 10 in 0:44:59, average epoch triplet loss = 0.0863
2022-01-18 02:05:43   Extracting database features for evaluation/testing
2022-01-18 02:08:25   Extracting queries features for evaluation/testing
2022-01-18 02:10:35   Calculating recalls
2022-01-18 02:11:12   Recalls on val set < BaseDataset, pitts30k - #database: 10000; #queries: 7608 >: R@1: 73.4, R@5: 88.0, R@10: 91.8, R@20: 94.7
2022-01-18 02:11:12   Improved: previous best R@5 = 87.7, current R@5 = 88.0
2022-01-18 02:11:12   Start training epoch: 11
2022-01-18 02:11:12   Cache: 0 / 3
2022-01-18 02:26:18   Epoch[11](0/3): current batch triplet loss = 0.0957, average epoch triplet loss = 0.0863
2022-01-18 02:26:18   Cache: 1 / 3
2022-01-18 02:41:15   Epoch[11](1/3): current batch triplet loss = 0.0653, average epoch triplet loss = 0.0863
2022-01-18 02:41:15   Cache: 2 / 3
2022-01-18 02:56:08   Epoch[11](2/3): current batch triplet loss = 0.0978, average epoch triplet loss = 0.0861
2022-01-18 02:56:08   Finished epoch 11 in 0:44:56, average epoch triplet loss = 0.0861
2022-01-18 02:56:08   Extracting database features for evaluation/testing
2022-01-18 02:58:42   Extracting queries features for evaluation/testing
2022-01-18 03:00:56   Calculating recalls
2022-01-18 03:01:33   Recalls on val set < BaseDataset, pitts30k - #database: 10000; #queries: 7608 >: R@1: 74.3, R@5: 88.4, R@10: 92.1, R@20: 94.9
2022-01-18 03:01:33   Improved: previous best R@5 = 88.0, current R@5 = 88.4
2022-01-18 03:01:33   Start training epoch: 12
2022-01-18 03:01:33   Cache: 0 / 3
2022-01-18 03:16:42   Epoch[12](0/3): current batch triplet loss = 0.0886, average epoch triplet loss = 0.0842
2022-01-18 03:16:42   Cache: 1 / 3
2022-01-18 03:31:35   Epoch[12](1/3): current batch triplet loss = 0.0706, average epoch triplet loss = 0.0843
2022-01-18 03:31:35   Cache: 2 / 3
2022-01-18 03:46:25   Epoch[12](2/3): current batch triplet loss = 0.0882, average epoch triplet loss = 0.0849
2022-01-18 03:46:25   Finished epoch 12 in 0:44:51, average epoch triplet loss = 0.0849
2022-01-18 03:46:25   Extracting database features for evaluation/testing
2022-01-18 03:49:00   Extracting queries features for evaluation/testing
2022-01-18 03:51:17   Calculating recalls
2022-01-18 03:51:53   Recalls on val set < BaseDataset, pitts30k - #database: 10000; #queries: 7608 >: R@1: 74.9, R@5: 88.6, R@10: 92.4, R@20: 95.0
2022-01-18 03:51:53   Improved: previous best R@5 = 88.4, current R@5 = 88.6
2022-01-18 03:51:53   Start training epoch: 13
2022-01-18 03:51:53   Cache: 0 / 3
2022-01-18 04:07:30   Epoch[13](0/3): current batch triplet loss = 0.0880, average epoch triplet loss = 0.0840
2022-01-18 04:07:30   Cache: 1 / 3
2022-01-18 04:22:27   Epoch[13](1/3): current batch triplet loss = 0.1026, average epoch triplet loss = 0.0840
2022-01-18 04:22:27   Cache: 2 / 3
2022-01-18 04:37:19   Epoch[13](2/3): current batch triplet loss = 0.0792, average epoch triplet loss = 0.0842
2022-01-18 04:37:19   Finished epoch 13 in 0:45:25, average epoch triplet loss = 0.0842
2022-01-18 04:37:19   Extracting database features for evaluation/testing
2022-01-18 04:40:10   Extracting queries features for evaluation/testing
2022-01-18 04:42:28   Calculating recalls
2022-01-18 04:43:03   Recalls on val set < BaseDataset, pitts30k - #database: 10000; #queries: 7608 >: R@1: 75.4, R@5: 89.1, R@10: 92.6, R@20: 95.1
2022-01-18 04:43:03   Improved: previous best R@5 = 88.6, current R@5 = 89.1
2022-01-18 04:43:03   Start training epoch: 14
2022-01-18 04:43:03   Cache: 0 / 3
2022-01-18 04:58:16   Epoch[14](0/3): current batch triplet loss = 0.0586, average epoch triplet loss = 0.0842
2022-01-18 04:58:16   Cache: 1 / 3
2022-01-18 05:13:06   Epoch[14](1/3): current batch triplet loss = 0.1109, average epoch triplet loss = 0.0845
2022-01-18 05:13:06   Cache: 2 / 3
2022-01-18 05:27:52   Epoch[14](2/3): current batch triplet loss = 0.0710, average epoch triplet loss = 0.0843
2022-01-18 05:27:52   Finished epoch 14 in 0:44:48, average epoch triplet loss = 0.0843
2022-01-18 05:27:52   Extracting database features for evaluation/testing
2022-01-18 05:30:30   Extracting queries features for evaluation/testing
2022-01-18 05:32:37   Calculating recalls
2022-01-18 05:33:13   Recalls on val set < BaseDataset, pitts30k - #database: 10000; #queries: 7608 >: R@1: 76.7, R@5: 89.5, R@10: 93.1, R@20: 95.5
2022-01-18 05:33:13   Improved: previous best R@5 = 89.1, current R@5 = 89.5
2022-01-18 05:33:13   Start training epoch: 15
2022-01-18 05:33:13   Cache: 0 / 3
2022-01-18 05:48:17   Epoch[15](0/3): current batch triplet loss = 0.1071, average epoch triplet loss = 0.0848
2022-01-18 05:48:17   Cache: 1 / 3
2022-01-18 06:03:06   Epoch[15](1/3): current batch triplet loss = 0.0932, average epoch triplet loss = 0.0841
2022-01-18 06:03:06   Cache: 2 / 3
2022-01-18 06:17:54   Epoch[15](2/3): current batch triplet loss = 0.0876, average epoch triplet loss = 0.0838
2022-01-18 06:17:54   Finished epoch 15 in 0:44:40, average epoch triplet loss = 0.0838
2022-01-18 06:17:54   Extracting database features for evaluation/testing
2022-01-18 06:20:32   Extracting queries features for evaluation/testing
2022-01-18 06:22:49   Calculating recalls
2022-01-18 06:23:25   Recalls on val set < BaseDataset, pitts30k - #database: 10000; #queries: 7608 >: R@1: 77.0, R@5: 89.6, R@10: 93.2, R@20: 95.7
2022-01-18 06:23:26   Improved: previous best R@5 = 89.5, current R@5 = 89.6
2022-01-18 06:23:26   Start training epoch: 16
2022-01-18 06:23:26   Cache: 0 / 3
2022-01-18 06:38:27   Epoch[16](0/3): current batch triplet loss = 0.0574, average epoch triplet loss = 0.0831
2022-01-18 06:38:27   Cache: 1 / 3
2022-01-18 06:53:14   Epoch[16](1/3): current batch triplet loss = 0.0683, average epoch triplet loss = 0.0829
2022-01-18 06:53:14   Cache: 2 / 3
2022-01-18 07:08:07   Epoch[16](2/3): current batch triplet loss = 0.0864, average epoch triplet loss = 0.0829
2022-01-18 07:08:07   Finished epoch 16 in 0:44:40, average epoch triplet loss = 0.0829
2022-01-18 07:08:07   Extracting database features for evaluation/testing
2022-01-18 07:10:44   Extracting queries features for evaluation/testing
2022-01-18 07:12:55   Calculating recalls
2022-01-18 07:13:31   Recalls on val set < BaseDataset, pitts30k - #database: 10000; #queries: 7608 >: R@1: 76.7, R@5: 89.7, R@10: 93.0, R@20: 95.6
2022-01-18 07:13:31   Improved: previous best R@5 = 89.6, current R@5 = 89.7
2022-01-18 07:13:31   Start training epoch: 17
2022-01-18 07:13:31   Cache: 0 / 3
2022-01-18 07:28:40   Epoch[17](0/3): current batch triplet loss = 0.1161, average epoch triplet loss = 0.0815
2022-01-18 07:28:40   Cache: 1 / 3
2022-01-18 07:43:42   Epoch[17](1/3): current batch triplet loss = 0.1008, average epoch triplet loss = 0.0815
2022-01-18 07:43:42   Cache: 2 / 3
2022-01-18 07:58:50   Epoch[17](2/3): current batch triplet loss = 0.0837, average epoch triplet loss = 0.0818
2022-01-18 07:58:50   Finished epoch 17 in 0:45:18, average epoch triplet loss = 0.0818
2022-01-18 07:58:50   Extracting database features for evaluation/testing
2022-01-18 08:01:24   Extracting queries features for evaluation/testing
2022-01-18 08:03:33   Calculating recalls
2022-01-18 08:04:10   Recalls on val set < BaseDataset, pitts30k - #database: 10000; #queries: 7608 >: R@1: 77.6, R@5: 89.9, R@10: 93.4, R@20: 95.8
2022-01-18 08:04:10   Improved: previous best R@5 = 89.7, current R@5 = 89.9
2022-01-18 08:04:10   Start training epoch: 18
2022-01-18 08:04:10   Cache: 0 / 3
2022-01-18 08:19:48   Epoch[18](0/3): current batch triplet loss = 0.0665, average epoch triplet loss = 0.0810
2022-01-18 08:19:48   Cache: 1 / 3
2022-01-18 08:33:52   Epoch[18](1/3): current batch triplet loss = 0.0927, average epoch triplet loss = 0.0810
2022-01-18 08:33:52   Cache: 2 / 3
2022-01-18 08:47:45   Epoch[18](2/3): current batch triplet loss = 0.0881, average epoch triplet loss = 0.0814
2022-01-18 08:47:45   Finished epoch 18 in 0:43:34, average epoch triplet loss = 0.0814
2022-01-18 08:47:45   Extracting database features for evaluation/testing
2022-01-18 08:50:07   Extracting queries features for evaluation/testing
2022-01-18 08:52:06   Calculating recalls
2022-01-18 08:52:36   Recalls on val set < BaseDataset, pitts30k - #database: 10000; #queries: 7608 >: R@1: 77.8, R@5: 90.1, R@10: 93.5, R@20: 95.8
2022-01-18 08:52:37   Improved: previous best R@5 = 89.9, current R@5 = 90.1
2022-01-18 08:52:37   Start training epoch: 19
2022-01-18 08:52:37   Cache: 0 / 3
2022-01-18 09:08:11   Epoch[19](0/3): current batch triplet loss = 0.0835, average epoch triplet loss = 0.0825
2022-01-18 09:08:11   Cache: 1 / 3
2022-01-18 09:23:40   Epoch[19](1/3): current batch triplet loss = 0.0939, average epoch triplet loss = 0.0821
2022-01-18 09:23:40   Cache: 2 / 3
2022-01-18 09:38:42   Epoch[19](2/3): current batch triplet loss = 0.0989, average epoch triplet loss = 0.0819
2022-01-18 09:38:42   Finished epoch 19 in 0:46:05, average epoch triplet loss = 0.0819
2022-01-18 09:38:42   Extracting database features for evaluation/testing
2022-01-18 09:41:39   Extracting queries features for evaluation/testing
2022-01-18 09:43:59   Calculating recalls
2022-01-18 09:44:35   Recalls on val set < BaseDataset, pitts30k - #database: 10000; #queries: 7608 >: R@1: 78.0, R@5: 90.3, R@10: 93.4, R@20: 96.0
2022-01-18 09:44:35   Improved: previous best R@5 = 90.1, current R@5 = 90.3
2022-01-18 09:44:35   Best R@5: 90.3
2022-01-18 09:44:35   Trained for 21 epochs, in total in 16:20:38
2022-01-18 09:44:35   Extracting database features for evaluation/testing
2022-01-18 09:47:27   Extracting queries features for evaluation/testing
2022-01-18 09:49:25   Calculating recalls
2022-01-18 09:49:53   Recalls on < BaseDataset, pitts30k - #database: 10000; #queries: 6816 >: R@1: 77.1, R@5: 89.1, R@10: 92.3, R@20: 94.8
