2022-01-11 17:23:24   Arguments: Namespace(augment_data=0, cache_refresh_rate=1000, datasets_folder='../data/', device='cuda', epochs_num=20, exp_name='./runs/NetVlad_abl', gem_power=None, infer_batch_size=16, lr=1e-06, margin=0.1, neg_samples_num=1000, negs_num_per_query=10, netvlad_clusters=32, num_workers=4, optimizer='Adam', output_folder='runs\\./runs/NetVlad_abl\\2022-01-11_17-23-24', patience=3, queries_per_epoch=3000, recall_values=[1, 5, 10, 20], seed=0, train_batch_size=2, train_positives_dist_threshold=10, val_positive_dist_threshold=25)
2022-01-11 17:23:24   The outputs are being saved in runs\./runs/NetVlad_abl\2022-01-11_17-23-24
2022-01-11 17:23:24   Using 1 GPUs and 8 CPUs
2022-01-11 17:23:24   Loading dataset Pitts30k from folder ../data/
2022-01-11 17:23:25   There are 96 queries without any positives within the training set. They won't be considered as they're useless for training.
2022-01-11 17:23:25   Train query set: < TripletsDataset, pitts30k - #database: 10000; #queries: 7320 >
2022-01-11 17:23:26   Val set: < BaseDataset, pitts30k - #database: 10000; #queries: 7608 >
2022-01-11 17:23:27   Test set: < BaseDataset, pitts30k - #database: 10000; #queries: 6816 >
2022-01-11 17:23:27   Train only conv4 of the ResNet-18 (remove conv5), freeze the previous ones
2022-01-11 17:23:28   Output dimension of the model is 8192
2022-01-11 17:23:28   Start training epoch: 00
2022-01-11 17:23:28   Cache: 0 / 3
2022-01-11 17:33:53   Epoch[00](0/3): current batch triplet loss = 0.0604, average epoch triplet loss = 0.0848
2022-01-11 17:33:53   Cache: 1 / 3
2022-01-11 17:43:28   Epoch[00](1/3): current batch triplet loss = 0.1073, average epoch triplet loss = 0.0851
2022-01-11 17:43:28   Cache: 2 / 3
2022-01-11 17:51:47   Epoch[00](2/3): current batch triplet loss = 0.0951, average epoch triplet loss = 0.0845
2022-01-11 17:51:47   Finished epoch 00 in 0:28:18, average epoch triplet loss = 0.0845
2022-01-11 17:51:47   Extracting database features for evaluation/testing
2022-01-11 17:54:45   Extracting queries features for evaluation/testing
2022-01-11 17:57:08   Calculating recalls
2022-01-11 17:57:25   Recalls on val set < BaseDataset, pitts30k - #database: 10000; #queries: 7608 >: R@1: 48.0, R@5: 66.2, R@10: 74.9, R@20: 81.9
2022-01-11 17:57:26   Improved: previous best R@5 = 0.0, current R@5 = 66.2
2022-01-11 17:57:26   Start training epoch: 01
2022-01-11 17:57:26   Cache: 0 / 3
2022-01-11 18:05:43   Epoch[01](0/3): current batch triplet loss = 0.0947, average epoch triplet loss = 0.0834
2022-01-11 18:05:43   Cache: 1 / 3
2022-01-11 18:13:37   Epoch[01](1/3): current batch triplet loss = 0.0862, average epoch triplet loss = 0.0831
2022-01-11 18:13:37   Cache: 2 / 3
2022-01-11 18:21:28   Epoch[01](2/3): current batch triplet loss = 0.0931, average epoch triplet loss = 0.0825
2022-01-11 18:21:28   Finished epoch 01 in 0:24:02, average epoch triplet loss = 0.0825
2022-01-11 18:21:28   Extracting database features for evaluation/testing
2022-01-11 18:23:44   Extracting queries features for evaluation/testing
2022-01-11 18:25:35   Calculating recalls
2022-01-11 18:25:51   Recalls on val set < BaseDataset, pitts30k - #database: 10000; #queries: 7608 >: R@1: 56.7, R@5: 75.1, R@10: 82.5, R@20: 88.8
2022-01-11 18:25:51   Improved: previous best R@5 = 66.2, current R@5 = 75.1
2022-01-11 18:25:51   Start training epoch: 02
2022-01-11 18:25:51   Cache: 0 / 3
2022-01-11 18:33:51   Epoch[02](0/3): current batch triplet loss = 0.0913, average epoch triplet loss = 0.0812
2022-01-11 18:33:51   Cache: 1 / 3
2022-01-11 18:41:50   Epoch[02](1/3): current batch triplet loss = 0.0901, average epoch triplet loss = 0.0810
2022-01-11 18:41:50   Cache: 2 / 3
2022-01-11 18:49:48   Epoch[02](2/3): current batch triplet loss = 0.0850, average epoch triplet loss = 0.0810
2022-01-11 18:49:48   Finished epoch 02 in 0:23:56, average epoch triplet loss = 0.0810
2022-01-11 18:49:48   Extracting database features for evaluation/testing
2022-01-11 18:52:03   Extracting queries features for evaluation/testing
2022-01-11 18:53:55   Calculating recalls
2022-01-11 18:54:11   Recalls on val set < BaseDataset, pitts30k - #database: 10000; #queries: 7608 >: R@1: 62.6, R@5: 80.2, R@10: 86.4, R@20: 91.2
2022-01-11 18:54:11   Improved: previous best R@5 = 75.1, current R@5 = 80.2
2022-01-11 18:54:11   Start training epoch: 03
2022-01-11 18:54:11   Cache: 0 / 3
2022-01-11 19:02:08   Epoch[03](0/3): current batch triplet loss = 0.0940, average epoch triplet loss = 0.0810
2022-01-11 19:02:08   Cache: 1 / 3
2022-01-11 19:10:07   Epoch[03](1/3): current batch triplet loss = 0.0850, average epoch triplet loss = 0.0806
2022-01-11 19:10:07   Cache: 2 / 3
2022-01-11 19:18:03   Epoch[03](2/3): current batch triplet loss = 0.0846, average epoch triplet loss = 0.0807
2022-01-11 19:18:03   Finished epoch 03 in 0:23:51, average epoch triplet loss = 0.0807
2022-01-11 19:18:03   Extracting database features for evaluation/testing
2022-01-11 19:20:18   Extracting queries features for evaluation/testing
2022-01-11 19:22:03   Calculating recalls
2022-01-11 19:22:19   Recalls on val set < BaseDataset, pitts30k - #database: 10000; #queries: 7608 >: R@1: 67.6, R@5: 83.7, R@10: 89.0, R@20: 93.0
2022-01-11 19:22:20   Improved: previous best R@5 = 80.2, current R@5 = 83.7
2022-01-11 19:22:20   Start training epoch: 04
2022-01-11 19:22:20   Cache: 0 / 3
2022-01-11 19:30:13   Epoch[04](0/3): current batch triplet loss = 0.0419, average epoch triplet loss = 0.0797
2022-01-11 19:30:13   Cache: 1 / 3
2022-01-11 19:38:06   Epoch[04](1/3): current batch triplet loss = 0.0399, average epoch triplet loss = 0.0792
2022-01-11 19:38:06   Cache: 2 / 3
2022-01-11 19:46:00   Epoch[04](2/3): current batch triplet loss = 0.0754, average epoch triplet loss = 0.0792
2022-01-11 19:46:00   Finished epoch 04 in 0:23:40, average epoch triplet loss = 0.0792
2022-01-11 19:46:00   Extracting database features for evaluation/testing
2022-01-11 19:48:13   Extracting queries features for evaluation/testing
2022-01-11 19:49:59   Calculating recalls
2022-01-11 19:50:14   Recalls on val set < BaseDataset, pitts30k - #database: 10000; #queries: 7608 >: R@1: 69.3, R@5: 84.9, R@10: 90.1, R@20: 93.7
2022-01-11 19:50:14   Improved: previous best R@5 = 83.7, current R@5 = 84.9
2022-01-11 19:50:14   Start training epoch: 05
2022-01-11 19:50:14   Cache: 0 / 3
2022-01-11 19:58:09   Epoch[05](0/3): current batch triplet loss = 0.0810, average epoch triplet loss = 0.0772
2022-01-11 19:58:09   Cache: 1 / 3
2022-01-11 20:06:05   Epoch[05](1/3): current batch triplet loss = 0.0820, average epoch triplet loss = 0.0781
2022-01-11 20:06:05   Cache: 2 / 3
2022-01-11 20:14:06   Epoch[05](2/3): current batch triplet loss = 0.0385, average epoch triplet loss = 0.0784
2022-01-11 20:14:06   Finished epoch 05 in 0:23:51, average epoch triplet loss = 0.0784
2022-01-11 20:14:06   Extracting database features for evaluation/testing
2022-01-11 20:16:22   Extracting queries features for evaluation/testing
2022-01-11 20:18:10   Calculating recalls
2022-01-11 20:18:26   Recalls on val set < BaseDataset, pitts30k - #database: 10000; #queries: 7608 >: R@1: 71.6, R@5: 86.5, R@10: 90.7, R@20: 94.2
2022-01-11 20:18:26   Improved: previous best R@5 = 84.9, current R@5 = 86.5
2022-01-11 20:18:26   Start training epoch: 06
2022-01-11 20:18:26   Cache: 0 / 3
2022-01-11 20:26:21   Epoch[06](0/3): current batch triplet loss = 0.1061, average epoch triplet loss = 0.0783
2022-01-11 20:26:21   Cache: 1 / 3
2022-01-11 20:34:16   Epoch[06](1/3): current batch triplet loss = 0.0979, average epoch triplet loss = 0.0784
2022-01-11 20:34:16   Cache: 2 / 3
2022-01-11 20:42:08   Epoch[06](2/3): current batch triplet loss = 0.0810, average epoch triplet loss = 0.0785
2022-01-11 20:42:08   Finished epoch 06 in 0:23:42, average epoch triplet loss = 0.0785
2022-01-11 20:42:08   Extracting database features for evaluation/testing
2022-01-11 20:44:22   Extracting queries features for evaluation/testing
2022-01-11 20:46:08   Calculating recalls
2022-01-11 20:46:24   Recalls on val set < BaseDataset, pitts30k - #database: 10000; #queries: 7608 >: R@1: 73.4, R@5: 87.8, R@10: 91.9, R@20: 95.0
2022-01-11 20:46:24   Improved: previous best R@5 = 86.5, current R@5 = 87.8
2022-01-11 20:46:24   Start training epoch: 07
2022-01-11 20:46:24   Cache: 0 / 3
2022-01-11 20:54:17   Epoch[07](0/3): current batch triplet loss = 0.0977, average epoch triplet loss = 0.0766
2022-01-11 20:54:17   Cache: 1 / 3
2022-01-11 21:02:09   Epoch[07](1/3): current batch triplet loss = 0.0879, average epoch triplet loss = 0.0774
2022-01-11 21:02:09   Cache: 2 / 3
2022-01-11 21:10:02   Epoch[07](2/3): current batch triplet loss = 0.0773, average epoch triplet loss = 0.0774
2022-01-11 21:10:02   Finished epoch 07 in 0:23:38, average epoch triplet loss = 0.0774
2022-01-11 21:10:02   Extracting database features for evaluation/testing
2022-01-11 21:12:16   Extracting queries features for evaluation/testing
2022-01-11 21:14:05   Calculating recalls
2022-01-11 21:14:21   Recalls on val set < BaseDataset, pitts30k - #database: 10000; #queries: 7608 >: R@1: 74.3, R@5: 88.1, R@10: 92.2, R@20: 95.0
2022-01-11 21:14:21   Improved: previous best R@5 = 87.8, current R@5 = 88.1
2022-01-11 21:14:21   Start training epoch: 08
2022-01-11 21:14:21   Cache: 0 / 3
2022-01-11 21:22:24   Epoch[08](0/3): current batch triplet loss = 0.0845, average epoch triplet loss = 0.0775
2022-01-11 21:22:24   Cache: 1 / 3
2022-01-11 21:30:20   Epoch[08](1/3): current batch triplet loss = 0.0503, average epoch triplet loss = 0.0772
2022-01-11 21:30:20   Cache: 2 / 3
2022-01-11 21:38:19   Epoch[08](2/3): current batch triplet loss = 0.0489, average epoch triplet loss = 0.0768
2022-01-11 21:38:19   Finished epoch 08 in 0:23:58, average epoch triplet loss = 0.0768
2022-01-11 21:38:19   Extracting database features for evaluation/testing
2022-01-11 21:40:35   Extracting queries features for evaluation/testing
2022-01-11 21:42:21   Calculating recalls
2022-01-11 21:42:38   Recalls on val set < BaseDataset, pitts30k - #database: 10000; #queries: 7608 >: R@1: 74.8, R@5: 88.5, R@10: 92.5, R@20: 95.3
2022-01-11 21:42:38   Improved: previous best R@5 = 88.1, current R@5 = 88.5
2022-01-11 21:42:38   Start training epoch: 09
2022-01-11 21:42:38   Cache: 0 / 3
2022-01-11 21:50:33   Epoch[09](0/3): current batch triplet loss = 0.0658, average epoch triplet loss = 0.0765
2022-01-11 21:50:33   Cache: 1 / 3
2022-01-11 21:58:26   Epoch[09](1/3): current batch triplet loss = 0.0204, average epoch triplet loss = 0.0758
2022-01-11 21:58:26   Cache: 2 / 3
2022-01-11 22:06:20   Epoch[09](2/3): current batch triplet loss = 0.0612, average epoch triplet loss = 0.0758
2022-01-11 22:06:20   Finished epoch 09 in 0:23:42, average epoch triplet loss = 0.0758
2022-01-11 22:06:20   Extracting database features for evaluation/testing
2022-01-11 22:08:34   Extracting queries features for evaluation/testing
2022-01-11 22:10:21   Calculating recalls
2022-01-11 22:10:37   Recalls on val set < BaseDataset, pitts30k - #database: 10000; #queries: 7608 >: R@1: 75.7, R@5: 89.3, R@10: 92.8, R@20: 95.5
2022-01-11 22:10:37   Improved: previous best R@5 = 88.5, current R@5 = 89.3
2022-01-11 22:10:37   Start training epoch: 10
2022-01-11 22:10:37   Cache: 0 / 3
2022-01-11 22:18:33   Epoch[10](0/3): current batch triplet loss = 0.0796, average epoch triplet loss = 0.0760
2022-01-11 22:18:33   Cache: 1 / 3
2022-01-11 22:27:26   Epoch[10](1/3): current batch triplet loss = 0.0775, average epoch triplet loss = 0.0756
2022-01-11 22:27:26   Cache: 2 / 3
2022-01-11 22:37:13   Epoch[10](2/3): current batch triplet loss = 0.0394, average epoch triplet loss = 0.0750
2022-01-11 22:37:13   Finished epoch 10 in 0:26:36, average epoch triplet loss = 0.0750
2022-01-11 22:37:13   Extracting database features for evaluation/testing
2022-01-11 22:40:30   Extracting queries features for evaluation/testing
2022-01-11 22:43:03   Calculating recalls
2022-01-11 22:43:20   Recalls on val set < BaseDataset, pitts30k - #database: 10000; #queries: 7608 >: R@1: 76.7, R@5: 89.9, R@10: 93.3, R@20: 95.6
2022-01-11 22:43:20   Improved: previous best R@5 = 89.3, current R@5 = 89.9
2022-01-11 22:43:20   Start training epoch: 11
2022-01-11 22:43:20   Cache: 0 / 3
2022-01-11 22:51:56   Epoch[11](0/3): current batch triplet loss = 0.1066, average epoch triplet loss = 0.0762
2022-01-11 22:51:56   Cache: 1 / 3
2022-01-11 23:00:28   Epoch[11](1/3): current batch triplet loss = 0.0559, average epoch triplet loss = 0.0755
2022-01-11 23:00:28   Cache: 2 / 3
2022-01-11 23:09:02   Epoch[11](2/3): current batch triplet loss = 0.0807, average epoch triplet loss = 0.0756
2022-01-11 23:09:02   Finished epoch 11 in 0:25:42, average epoch triplet loss = 0.0756
2022-01-11 23:09:02   Extracting database features for evaluation/testing
2022-01-11 23:11:41   Extracting queries features for evaluation/testing
2022-01-11 23:13:50   Calculating recalls
2022-01-11 23:14:08   Recalls on val set < BaseDataset, pitts30k - #database: 10000; #queries: 7608 >: R@1: 76.7, R@5: 90.0, R@10: 93.3, R@20: 95.8
2022-01-11 23:14:08   Improved: previous best R@5 = 89.9, current R@5 = 90.0
2022-01-11 23:14:08   Start training epoch: 12
2022-01-11 23:14:08   Cache: 0 / 3
2022-01-11 23:22:28   Epoch[12](0/3): current batch triplet loss = 0.0775, average epoch triplet loss = 0.0721
2022-01-11 23:22:28   Cache: 1 / 3
2022-01-11 23:31:02   Epoch[12](1/3): current batch triplet loss = 0.0894, average epoch triplet loss = 0.0731
2022-01-11 23:31:02   Cache: 2 / 3
2022-01-11 23:39:31   Epoch[12](2/3): current batch triplet loss = 0.0712, average epoch triplet loss = 0.0740
2022-01-11 23:39:31   Finished epoch 12 in 0:25:23, average epoch triplet loss = 0.0740
2022-01-11 23:39:31   Extracting database features for evaluation/testing
2022-01-11 23:42:02   Extracting queries features for evaluation/testing
2022-01-11 23:43:59   Calculating recalls
2022-01-11 23:44:17   Recalls on val set < BaseDataset, pitts30k - #database: 10000; #queries: 7608 >: R@1: 77.9, R@5: 90.4, R@10: 93.8, R@20: 95.9
2022-01-11 23:44:18   Improved: previous best R@5 = 90.0, current R@5 = 90.4
2022-01-11 23:44:18   Start training epoch: 13
2022-01-11 23:44:18   Cache: 0 / 3
2022-01-11 23:52:46   Epoch[13](0/3): current batch triplet loss = 0.0621, average epoch triplet loss = 0.0736
2022-01-11 23:52:46   Cache: 1 / 3
2022-01-12 00:01:13   Epoch[13](1/3): current batch triplet loss = 0.0780, average epoch triplet loss = 0.0739
2022-01-12 00:01:13   Cache: 2 / 3
2022-01-12 00:09:46   Epoch[13](2/3): current batch triplet loss = 0.0891, average epoch triplet loss = 0.0738
2022-01-12 00:09:46   Finished epoch 13 in 0:25:28, average epoch triplet loss = 0.0738
2022-01-12 00:09:46   Extracting database features for evaluation/testing
2022-01-12 00:12:16   Extracting queries features for evaluation/testing
2022-01-12 00:14:26   Calculating recalls
2022-01-12 00:14:44   Recalls on val set < BaseDataset, pitts30k - #database: 10000; #queries: 7608 >: R@1: 78.8, R@5: 91.0, R@10: 94.0, R@20: 96.1
2022-01-12 00:14:44   Improved: previous best R@5 = 90.4, current R@5 = 91.0
2022-01-12 00:14:44   Start training epoch: 14
2022-01-12 00:14:44   Cache: 0 / 3
2022-01-12 00:23:14   Epoch[14](0/3): current batch triplet loss = 0.0547, average epoch triplet loss = 0.0742
2022-01-12 00:23:14   Cache: 1 / 3
2022-01-12 00:31:43   Epoch[14](1/3): current batch triplet loss = 0.1052, average epoch triplet loss = 0.0729
2022-01-12 00:31:43   Cache: 2 / 3
2022-01-12 00:40:09   Epoch[14](2/3): current batch triplet loss = 0.0636, average epoch triplet loss = 0.0729
2022-01-12 00:40:09   Finished epoch 14 in 0:25:25, average epoch triplet loss = 0.0729
2022-01-12 00:40:09   Extracting database features for evaluation/testing
2022-01-12 00:42:39   Extracting queries features for evaluation/testing
2022-01-12 00:44:37   Calculating recalls
2022-01-12 00:44:55   Recalls on val set < BaseDataset, pitts30k - #database: 10000; #queries: 7608 >: R@1: 79.7, R@5: 91.5, R@10: 94.5, R@20: 96.3
2022-01-12 00:44:56   Improved: previous best R@5 = 91.0, current R@5 = 91.5
2022-01-12 00:44:56   Start training epoch: 15
2022-01-12 00:44:56   Cache: 0 / 3
2022-01-12 00:53:21   Epoch[15](0/3): current batch triplet loss = 0.0901, average epoch triplet loss = 0.0737
2022-01-12 00:53:21   Cache: 1 / 3
2022-01-12 01:01:48   Epoch[15](1/3): current batch triplet loss = 0.0626, average epoch triplet loss = 0.0729
2022-01-12 01:01:48   Cache: 2 / 3
2022-01-12 01:10:16   Epoch[15](2/3): current batch triplet loss = 0.0745, average epoch triplet loss = 0.0731
2022-01-12 01:10:16   Finished epoch 15 in 0:25:20, average epoch triplet loss = 0.0731
2022-01-12 01:10:16   Extracting database features for evaluation/testing
2022-01-12 01:12:46   Extracting queries features for evaluation/testing
2022-01-12 01:14:44   Calculating recalls
2022-01-12 01:15:02   Recalls on val set < BaseDataset, pitts30k - #database: 10000; #queries: 7608 >: R@1: 79.3, R@5: 91.4, R@10: 94.3, R@20: 96.2
2022-01-12 01:15:02   Not improved: 1 / 3: best R@5 = 91.5, current R@5 = 91.4
2022-01-12 01:15:02   Start training epoch: 16
2022-01-12 01:15:02   Cache: 0 / 3
2022-01-12 01:23:58   Epoch[16](0/3): current batch triplet loss = 0.0408, average epoch triplet loss = 0.0721
2022-01-12 01:23:58   Cache: 1 / 3
2022-01-12 01:32:47   Epoch[16](1/3): current batch triplet loss = 0.0765, average epoch triplet loss = 0.0720
2022-01-12 01:32:47   Cache: 2 / 3
2022-01-12 01:41:17   Epoch[16](2/3): current batch triplet loss = 0.0685, average epoch triplet loss = 0.0718
2022-01-12 01:41:17   Finished epoch 16 in 0:26:15, average epoch triplet loss = 0.0718
2022-01-12 01:41:17   Extracting database features for evaluation/testing
2022-01-12 01:43:47   Extracting queries features for evaluation/testing
2022-01-12 01:45:50   Calculating recalls
2022-01-12 01:46:08   Recalls on val set < BaseDataset, pitts30k - #database: 10000; #queries: 7608 >: R@1: 79.4, R@5: 91.2, R@10: 94.1, R@20: 96.1
2022-01-12 01:46:08   Not improved: 2 / 3: best R@5 = 91.5, current R@5 = 91.2
2022-01-12 01:46:08   Start training epoch: 17
2022-01-12 01:46:08   Cache: 0 / 3
2022-01-12 01:54:31   Epoch[17](0/3): current batch triplet loss = 0.1228, average epoch triplet loss = 0.0709
2022-01-12 01:54:31   Cache: 1 / 3
2022-01-12 02:03:08   Epoch[17](1/3): current batch triplet loss = 0.0942, average epoch triplet loss = 0.0705
2022-01-12 02:03:08   Cache: 2 / 3
2022-01-12 02:11:31   Epoch[17](2/3): current batch triplet loss = 0.0702, average epoch triplet loss = 0.0706
2022-01-12 02:11:31   Finished epoch 17 in 0:25:22, average epoch triplet loss = 0.0706
2022-01-12 02:11:31   Extracting database features for evaluation/testing
2022-01-12 02:14:08   Extracting queries features for evaluation/testing
2022-01-12 02:16:13   Calculating recalls
2022-01-12 02:16:31   Recalls on val set < BaseDataset, pitts30k - #database: 10000; #queries: 7608 >: R@1: 79.9, R@5: 91.6, R@10: 94.4, R@20: 96.2
2022-01-12 02:16:31   Improved: previous best R@5 = 91.5, current R@5 = 91.6
2022-01-12 02:16:31   Start training epoch: 18
2022-01-12 02:16:31   Cache: 0 / 3
2022-01-12 02:24:52   Epoch[18](0/3): current batch triplet loss = 0.0589, average epoch triplet loss = 0.0703
2022-01-12 02:24:52   Cache: 1 / 3
2022-01-12 02:33:18   Epoch[18](1/3): current batch triplet loss = 0.0813, average epoch triplet loss = 0.0699
2022-01-12 02:33:18   Cache: 2 / 3
2022-01-12 02:41:40   Epoch[18](2/3): current batch triplet loss = 0.0829, average epoch triplet loss = 0.0703
2022-01-12 02:41:40   Finished epoch 18 in 0:25:08, average epoch triplet loss = 0.0703
2022-01-12 02:41:40   Extracting database features for evaluation/testing
2022-01-12 02:44:08   Extracting queries features for evaluation/testing
2022-01-12 02:46:06   Calculating recalls
2022-01-12 02:46:24   Recalls on val set < BaseDataset, pitts30k - #database: 10000; #queries: 7608 >: R@1: 80.4, R@5: 91.6, R@10: 94.5, R@20: 96.2
2022-01-12 02:46:24   Improved: previous best R@5 = 91.6, current R@5 = 91.6
2022-01-12 02:46:24   Start training epoch: 19
2022-01-12 02:46:24   Cache: 0 / 3
2022-01-12 02:54:45   Epoch[19](0/3): current batch triplet loss = 0.0708, average epoch triplet loss = 0.0712
2022-01-12 02:54:45   Cache: 1 / 3
2022-01-12 03:03:07   Epoch[19](1/3): current batch triplet loss = 0.0839, average epoch triplet loss = 0.0712
2022-01-12 03:03:07   Cache: 2 / 3
2022-01-12 03:11:27   Epoch[19](2/3): current batch triplet loss = 0.0882, average epoch triplet loss = 0.0708
2022-01-12 03:11:27   Finished epoch 19 in 0:25:02, average epoch triplet loss = 0.0708
2022-01-12 03:11:27   Extracting database features for evaluation/testing
2022-01-12 03:13:56   Extracting queries features for evaluation/testing
2022-01-12 03:15:53   Calculating recalls
2022-01-12 03:16:11   Recalls on val set < BaseDataset, pitts30k - #database: 10000; #queries: 7608 >: R@1: 80.2, R@5: 91.6, R@10: 94.3, R@20: 96.3
2022-01-12 03:16:11   Improved: previous best R@5 = 91.6, current R@5 = 91.6
2022-01-12 03:16:11   Best R@5: 91.6
2022-01-12 03:16:11   Trained for 20 epochs, in total in 9:52:46
2022-01-12 03:16:11   Extracting database features for evaluation/testing
2022-01-12 03:19:07   Extracting queries features for evaluation/testing
2022-01-12 03:21:13   Calculating recalls
2022-01-12 03:21:30   Recalls on < BaseDataset, pitts30k - #database: 10000; #queries: 6816 >: R@1: 78.6, R@5: 89.9, R@10: 92.7, R@20: 95.1
