2022-01-11 17:23:24   Arguments: Namespace(augment_data=0, cache_refresh_rate=1000, datasets_folder='../data/', device='cuda', epochs_num=20, exp_name='./runs/NetVlad_abl', gem_power=None, infer_batch_size=16, lr=1e-06, margin=0.1, neg_samples_num=1000, negs_num_per_query=10, netvlad_clusters=32, num_workers=4, optimizer='Adam', output_folder='runs\\./runs/NetVlad_abl\\2022-01-11_17-23-24', patience=3, queries_per_epoch=3000, recall_values=[1, 5, 10, 20], seed=0, train_batch_size=2, train_positives_dist_threshold=10, val_positive_dist_threshold=25)
2022-01-11 17:23:24   The outputs are being saved in runs\./runs/NetVlad_abl\2022-01-11_17-23-24
2022-01-11 17:23:24   Using 1 GPUs and 8 CPUs
2022-01-11 17:23:25   There are 96 queries without any positives within the training set. They won't be considered as they're useless for training.
2022-01-11 17:23:25   Train query set: < TripletsDataset, pitts30k - #database: 10000; #queries: 7320 >
2022-01-11 17:23:26   Val set: < BaseDataset, pitts30k - #database: 10000; #queries: 7608 >
2022-01-11 17:23:27   Test set: < BaseDataset, pitts30k - #database: 10000; #queries: 6816 >
2022-01-11 17:23:28   Output dimension of the model is 8192
2022-01-11 17:23:28   Start training epoch: 00
2022-01-11 17:51:47   Finished epoch 00 in 0:28:18, average epoch triplet loss = 0.0845
2022-01-11 17:57:25   Recalls on val set < BaseDataset, pitts30k - #database: 10000; #queries: 7608 >: R@1: 48.0, R@5: 66.2, R@10: 74.9, R@20: 81.9
2022-01-11 17:57:26   Improved: previous best R@5 = 0.0, current R@5 = 66.2
2022-01-11 17:57:26   Start training epoch: 01
2022-01-11 18:21:28   Finished epoch 01 in 0:24:02, average epoch triplet loss = 0.0825
2022-01-11 18:25:51   Recalls on val set < BaseDataset, pitts30k - #database: 10000; #queries: 7608 >: R@1: 56.7, R@5: 75.1, R@10: 82.5, R@20: 88.8
2022-01-11 18:25:51   Improved: previous best R@5 = 66.2, current R@5 = 75.1
2022-01-11 18:25:51   Start training epoch: 02
2022-01-11 18:49:48   Finished epoch 02 in 0:23:56, average epoch triplet loss = 0.0810
2022-01-11 18:54:11   Recalls on val set < BaseDataset, pitts30k - #database: 10000; #queries: 7608 >: R@1: 62.6, R@5: 80.2, R@10: 86.4, R@20: 91.2
2022-01-11 18:54:11   Improved: previous best R@5 = 75.1, current R@5 = 80.2
2022-01-11 18:54:11   Start training epoch: 03
2022-01-11 19:18:03   Finished epoch 03 in 0:23:51, average epoch triplet loss = 0.0807
2022-01-11 19:22:19   Recalls on val set < BaseDataset, pitts30k - #database: 10000; #queries: 7608 >: R@1: 67.6, R@5: 83.7, R@10: 89.0, R@20: 93.0
2022-01-11 19:22:20   Improved: previous best R@5 = 80.2, current R@5 = 83.7
2022-01-11 19:22:20   Start training epoch: 04
2022-01-11 19:46:00   Finished epoch 04 in 0:23:40, average epoch triplet loss = 0.0792
2022-01-11 19:50:14   Recalls on val set < BaseDataset, pitts30k - #database: 10000; #queries: 7608 >: R@1: 69.3, R@5: 84.9, R@10: 90.1, R@20: 93.7
2022-01-11 19:50:14   Improved: previous best R@5 = 83.7, current R@5 = 84.9
2022-01-11 19:50:14   Start training epoch: 05
2022-01-11 20:14:06   Finished epoch 05 in 0:23:51, average epoch triplet loss = 0.0784
2022-01-11 20:18:26   Recalls on val set < BaseDataset, pitts30k - #database: 10000; #queries: 7608 >: R@1: 71.6, R@5: 86.5, R@10: 90.7, R@20: 94.2
2022-01-11 20:18:26   Improved: previous best R@5 = 84.9, current R@5 = 86.5
2022-01-11 20:18:26   Start training epoch: 06
2022-01-11 20:42:08   Finished epoch 06 in 0:23:42, average epoch triplet loss = 0.0785
2022-01-11 20:46:24   Recalls on val set < BaseDataset, pitts30k - #database: 10000; #queries: 7608 >: R@1: 73.4, R@5: 87.8, R@10: 91.9, R@20: 95.0
2022-01-11 20:46:24   Improved: previous best R@5 = 86.5, current R@5 = 87.8
2022-01-11 20:46:24   Start training epoch: 07
2022-01-11 21:10:02   Finished epoch 07 in 0:23:38, average epoch triplet loss = 0.0774
2022-01-11 21:14:21   Recalls on val set < BaseDataset, pitts30k - #database: 10000; #queries: 7608 >: R@1: 74.3, R@5: 88.1, R@10: 92.2, R@20: 95.0
2022-01-11 21:14:21   Improved: previous best R@5 = 87.8, current R@5 = 88.1
2022-01-11 21:14:21   Start training epoch: 08
2022-01-11 21:38:19   Finished epoch 08 in 0:23:58, average epoch triplet loss = 0.0768
2022-01-11 21:42:38   Recalls on val set < BaseDataset, pitts30k - #database: 10000; #queries: 7608 >: R@1: 74.8, R@5: 88.5, R@10: 92.5, R@20: 95.3
2022-01-11 21:42:38   Improved: previous best R@5 = 88.1, current R@5 = 88.5
2022-01-11 21:42:38   Start training epoch: 09
2022-01-11 22:06:20   Finished epoch 09 in 0:23:42, average epoch triplet loss = 0.0758
2022-01-11 22:10:37   Recalls on val set < BaseDataset, pitts30k - #database: 10000; #queries: 7608 >: R@1: 75.7, R@5: 89.3, R@10: 92.8, R@20: 95.5
2022-01-11 22:10:37   Improved: previous best R@5 = 88.5, current R@5 = 89.3
2022-01-11 22:10:37   Start training epoch: 10
2022-01-11 22:37:13   Finished epoch 10 in 0:26:36, average epoch triplet loss = 0.0750
2022-01-11 22:43:20   Recalls on val set < BaseDataset, pitts30k - #database: 10000; #queries: 7608 >: R@1: 76.7, R@5: 89.9, R@10: 93.3, R@20: 95.6
2022-01-11 22:43:20   Improved: previous best R@5 = 89.3, current R@5 = 89.9
2022-01-11 22:43:20   Start training epoch: 11
2022-01-11 23:09:02   Finished epoch 11 in 0:25:42, average epoch triplet loss = 0.0756
2022-01-11 23:14:08   Recalls on val set < BaseDataset, pitts30k - #database: 10000; #queries: 7608 >: R@1: 76.7, R@5: 90.0, R@10: 93.3, R@20: 95.8
2022-01-11 23:14:08   Improved: previous best R@5 = 89.9, current R@5 = 90.0
2022-01-11 23:14:08   Start training epoch: 12
2022-01-11 23:39:31   Finished epoch 12 in 0:25:23, average epoch triplet loss = 0.0740
2022-01-11 23:44:17   Recalls on val set < BaseDataset, pitts30k - #database: 10000; #queries: 7608 >: R@1: 77.9, R@5: 90.4, R@10: 93.8, R@20: 95.9
2022-01-11 23:44:18   Improved: previous best R@5 = 90.0, current R@5 = 90.4
2022-01-11 23:44:18   Start training epoch: 13
2022-01-12 00:09:46   Finished epoch 13 in 0:25:28, average epoch triplet loss = 0.0738
2022-01-12 00:14:44   Recalls on val set < BaseDataset, pitts30k - #database: 10000; #queries: 7608 >: R@1: 78.8, R@5: 91.0, R@10: 94.0, R@20: 96.1
2022-01-12 00:14:44   Improved: previous best R@5 = 90.4, current R@5 = 91.0
2022-01-12 00:14:44   Start training epoch: 14
2022-01-12 00:40:09   Finished epoch 14 in 0:25:25, average epoch triplet loss = 0.0729
2022-01-12 00:44:55   Recalls on val set < BaseDataset, pitts30k - #database: 10000; #queries: 7608 >: R@1: 79.7, R@5: 91.5, R@10: 94.5, R@20: 96.3
2022-01-12 00:44:56   Improved: previous best R@5 = 91.0, current R@5 = 91.5
2022-01-12 00:44:56   Start training epoch: 15
2022-01-12 01:10:16   Finished epoch 15 in 0:25:20, average epoch triplet loss = 0.0731
2022-01-12 01:15:02   Recalls on val set < BaseDataset, pitts30k - #database: 10000; #queries: 7608 >: R@1: 79.3, R@5: 91.4, R@10: 94.3, R@20: 96.2
2022-01-12 01:15:02   Not improved: 1 / 3: best R@5 = 91.5, current R@5 = 91.4
2022-01-12 01:15:02   Start training epoch: 16
2022-01-12 01:41:17   Finished epoch 16 in 0:26:15, average epoch triplet loss = 0.0718
2022-01-12 01:46:08   Recalls on val set < BaseDataset, pitts30k - #database: 10000; #queries: 7608 >: R@1: 79.4, R@5: 91.2, R@10: 94.1, R@20: 96.1
2022-01-12 01:46:08   Not improved: 2 / 3: best R@5 = 91.5, current R@5 = 91.2
2022-01-12 01:46:08   Start training epoch: 17
2022-01-12 02:11:31   Finished epoch 17 in 0:25:22, average epoch triplet loss = 0.0706
2022-01-12 02:16:31   Recalls on val set < BaseDataset, pitts30k - #database: 10000; #queries: 7608 >: R@1: 79.9, R@5: 91.6, R@10: 94.4, R@20: 96.2
2022-01-12 02:16:31   Improved: previous best R@5 = 91.5, current R@5 = 91.6
2022-01-12 02:16:31   Start training epoch: 18
2022-01-12 02:41:40   Finished epoch 18 in 0:25:08, average epoch triplet loss = 0.0703
2022-01-12 02:46:24   Recalls on val set < BaseDataset, pitts30k - #database: 10000; #queries: 7608 >: R@1: 80.4, R@5: 91.6, R@10: 94.5, R@20: 96.2
2022-01-12 02:46:24   Improved: previous best R@5 = 91.6, current R@5 = 91.6
2022-01-12 02:46:24   Start training epoch: 19
2022-01-12 03:11:27   Finished epoch 19 in 0:25:02, average epoch triplet loss = 0.0708
2022-01-12 03:16:11   Recalls on val set < BaseDataset, pitts30k - #database: 10000; #queries: 7608 >: R@1: 80.2, R@5: 91.6, R@10: 94.3, R@20: 96.3
2022-01-12 03:16:11   Improved: previous best R@5 = 91.6, current R@5 = 91.6
2022-01-12 03:16:11   Best R@5: 91.6
2022-01-12 03:16:11   Trained for 20 epochs, in total in 9:52:46
2022-01-12 03:21:30   Recalls on < BaseDataset, pitts30k - #database: 10000; #queries: 6816 >: R@1: 78.6, R@5: 89.9, R@10: 92.7, R@20: 95.1
