2022-01-12 14:16:51   Arguments: Namespace(augment_data=0, cache_refresh_rate=1000, datasets_folder='../data/', device='cuda', epochs_num=20, exp_name='./runs/NetVlad_abl', gem_power=None, infer_batch_size=16, lr=0.0001, margin=0.1, neg_samples_num=1000, negs_num_per_query=10, netvlad_clusters=64, num_workers=4, optimizer='Adam', output_folder='runs\\./runs/NetVlad_abl\\2022-01-12_14-16-51', patience=3, queries_per_epoch=3000, recall_values=[1, 5, 10, 20], seed=0, train_batch_size=2, train_positives_dist_threshold=10, val_positive_dist_threshold=25)
2022-01-12 14:16:51   The outputs are being saved in runs\./runs/NetVlad_abl\2022-01-12_14-16-51
2022-01-12 14:16:51   Using 1 GPUs and 8 CPUs
2022-01-12 14:16:52   There are 96 queries without any positives within the training set. They won't be considered as they're useless for training.
2022-01-12 14:16:52   Train query set: < TripletsDataset, pitts30k - #database: 10000; #queries: 7320 >
2022-01-12 14:16:52   Val set: < BaseDataset, pitts30k - #database: 10000; #queries: 7608 >
2022-01-12 14:16:52   Test set: < BaseDataset, pitts30k - #database: 10000; #queries: 6816 >
2022-01-12 14:16:54   Output dimension of the model is 16384
2022-01-12 14:16:54   Start training epoch: 00
2022-01-12 14:52:50   Finished epoch 00 in 0:35:55, average epoch triplet loss = 0.0383
2022-01-12 14:58:55   Recalls on val set < BaseDataset, pitts30k - #database: 10000; #queries: 7608 >: R@1: 78.1, R@5: 89.6, R@10: 92.6, R@20: 94.9
2022-01-12 14:58:55   Improved: previous best R@5 = 0.0, current R@5 = 89.6
2022-01-12 14:58:55   Start training epoch: 01
2022-01-12 15:31:31   Finished epoch 01 in 0:32:35, average epoch triplet loss = 0.0178
2022-01-12 15:36:35   Recalls on val set < BaseDataset, pitts30k - #database: 10000; #queries: 7608 >: R@1: 81.9, R@5: 92.4, R@10: 94.5, R@20: 96.5
2022-01-12 15:36:35   Improved: previous best R@5 = 89.6, current R@5 = 92.4
2022-01-12 15:36:35   Start training epoch: 02
2022-01-12 16:09:41   Finished epoch 02 in 0:33:05, average epoch triplet loss = 0.0122
2022-01-12 16:15:06   Recalls on val set < BaseDataset, pitts30k - #database: 10000; #queries: 7608 >: R@1: 82.8, R@5: 93.0, R@10: 95.2, R@20: 97.1
2022-01-12 16:15:06   Improved: previous best R@5 = 92.4, current R@5 = 93.0
2022-01-12 16:15:06   Start training epoch: 03
2022-01-12 16:48:52   Finished epoch 03 in 0:33:45, average epoch triplet loss = 0.0094
2022-01-12 16:55:07   Recalls on val set < BaseDataset, pitts30k - #database: 10000; #queries: 7608 >: R@1: 83.0, R@5: 93.4, R@10: 95.7, R@20: 97.2
2022-01-12 16:55:07   Improved: previous best R@5 = 93.0, current R@5 = 93.4
2022-01-12 16:55:07   Start training epoch: 04
2022-01-12 17:30:01   Finished epoch 04 in 0:34:53, average epoch triplet loss = 0.0078
2022-01-12 17:35:55   Recalls on val set < BaseDataset, pitts30k - #database: 10000; #queries: 7608 >: R@1: 83.2, R@5: 93.1, R@10: 95.3, R@20: 97.0
2022-01-12 17:35:55   Not improved: 1 / 3: best R@5 = 93.4, current R@5 = 93.1
2022-01-12 17:35:55   Start training epoch: 05
2022-01-12 18:09:30   Finished epoch 05 in 0:33:35, average epoch triplet loss = 0.0072
2022-01-12 18:14:47   Recalls on val set < BaseDataset, pitts30k - #database: 10000; #queries: 7608 >: R@1: 83.0, R@5: 92.9, R@10: 95.2, R@20: 97.1
2022-01-12 18:14:47   Not improved: 2 / 3: best R@5 = 93.4, current R@5 = 92.9
2022-01-12 18:14:47   Start training epoch: 06
2022-01-12 18:48:07   Finished epoch 06 in 0:33:19, average epoch triplet loss = 0.0067
2022-01-12 18:52:49   Recalls on val set < BaseDataset, pitts30k - #database: 10000; #queries: 7608 >: R@1: 81.7, R@5: 91.8, R@10: 94.3, R@20: 96.6
2022-01-12 18:52:49   Not improved: 3 / 3: best R@5 = 93.4, current R@5 = 91.8
2022-01-12 18:52:49   Performance did not improve for 3 epochs. Stop training.
2022-01-12 18:52:49   Best R@5: 93.4
2022-01-12 18:52:49   Trained for 07 epochs, in total in 4:35:58
2022-01-12 18:57:59   Recalls on < BaseDataset, pitts30k - #database: 10000; #queries: 6816 >: R@1: 79.6, R@5: 89.8, R@10: 92.5, R@20: 94.7
