2022-01-15 15:35:35   Arguments: Namespace(augment_data=0, cache_refresh_rate=1000, datasets_folder='../data/', device='cuda', epochs_num=20, exp_name='./runs/resize', gem_power=None, infer_batch_size=16, lr=1e-06, margin=0.1, neg_samples_num=1000, negs_num_per_query=10, netvlad_clusters=64, num_workers=4, optimizer='Adam', output_folder='runs\\./runs/resize\\2022-01-15_15-35-35', patience=3, queries_per_epoch=3000, recall_values=[1, 5, 10, 20], resize=[300, 400], seed=0, train_batch_size=2, train_positives_dist_threshold=10, val_positive_dist_threshold=25)
2022-01-15 15:35:35   The outputs are being saved in runs\./runs/resize\2022-01-15_15-35-35
2022-01-15 15:35:35   Using 1 GPUs and 8 CPUs
2022-01-15 15:35:35   Loading dataset Pitts30k from folder ../data/
2022-01-15 15:35:36   There are 96 queries without any positives within the training set. They won't be considered as they're useless for training.
2022-01-15 15:35:36   Train query set: < TripletsDataset, pitts30k - #database: 10000; #queries: 7320 >
2022-01-15 15:35:36   Val set: < BaseDataset, pitts30k - #database: 10000; #queries: 7608 >
2022-01-15 15:35:36   Test set: < BaseDataset, pitts30k - #database: 10000; #queries: 6816 >
2022-01-15 15:35:37   Train only conv4 of the ResNet-18 (remove conv5), freeze the previous ones
2022-01-15 15:35:37   Output dimension of the model is 16384
2022-01-15 15:35:37   Start training epoch: 00
2022-01-15 15:35:37   Cache: 0 / 3
2022-01-15 15:43:57   Epoch[00](0/3): current batch triplet loss = 0.0675, average epoch triplet loss = 0.0772
2022-01-15 15:43:57   Cache: 1 / 3
2022-01-15 15:51:50   Epoch[00](1/3): current batch triplet loss = 0.0966, average epoch triplet loss = 0.0775
2022-01-15 15:51:50   Cache: 2 / 3
2022-01-15 15:59:42   Epoch[00](2/3): current batch triplet loss = 0.0814, average epoch triplet loss = 0.0772
2022-01-15 15:59:42   Finished epoch 00 in 0:24:04, average epoch triplet loss = 0.0772
2022-01-15 15:59:42   Extracting database features for evaluation/testing
2022-01-15 16:02:04   Extracting queries features for evaluation/testing
2022-01-15 16:04:02   Calculating recalls
2022-01-15 16:04:35   Recalls on val set < BaseDataset, pitts30k - #database: 10000; #queries: 7608 >: R@1: 70.0, R@5: 85.3, R@10: 89.6, R@20: 93.0
2022-01-15 16:04:35   Improved: previous best R@5 = 0.0, current R@5 = 85.3
2022-01-15 16:04:35   Start training epoch: 01
2022-01-15 16:04:35   Cache: 0 / 3
2022-01-15 16:12:47   Epoch[01](0/3): current batch triplet loss = 0.0887, average epoch triplet loss = 0.0771
2022-01-15 16:12:47   Cache: 1 / 3
2022-01-15 16:20:40   Epoch[01](1/3): current batch triplet loss = 0.0821, average epoch triplet loss = 0.0768
2022-01-15 16:20:40   Cache: 2 / 3
2022-01-15 16:28:31   Epoch[01](2/3): current batch triplet loss = 0.0968, average epoch triplet loss = 0.0764
2022-01-15 16:28:31   Finished epoch 01 in 0:23:55, average epoch triplet loss = 0.0764
2022-01-15 16:28:31   Extracting database features for evaluation/testing
2022-01-15 16:30:40   Extracting queries features for evaluation/testing
2022-01-15 16:32:20   Calculating recalls
2022-01-15 16:32:53   Recalls on val set < BaseDataset, pitts30k - #database: 10000; #queries: 7608 >: R@1: 74.6, R@5: 88.3, R@10: 91.9, R@20: 94.8
2022-01-15 16:32:53   Improved: previous best R@5 = 85.3, current R@5 = 88.3
2022-01-15 16:32:53   Start training epoch: 02
2022-01-15 16:32:53   Cache: 0 / 3
2022-01-15 16:40:49   Epoch[02](0/3): current batch triplet loss = 0.0869, average epoch triplet loss = 0.0753
2022-01-15 16:40:49   Cache: 1 / 3
2022-01-15 16:48:42   Epoch[02](1/3): current batch triplet loss = 0.0889, average epoch triplet loss = 0.0753
2022-01-15 16:48:42   Cache: 2 / 3
2022-01-15 16:56:33   Epoch[02](2/3): current batch triplet loss = 0.0816, average epoch triplet loss = 0.0753
2022-01-15 16:56:33   Finished epoch 02 in 0:23:39, average epoch triplet loss = 0.0753
2022-01-15 16:56:33   Extracting database features for evaluation/testing
2022-01-15 16:58:42   Extracting queries features for evaluation/testing
2022-01-15 17:00:22   Calculating recalls
2022-01-15 17:00:55   Recalls on val set < BaseDataset, pitts30k - #database: 10000; #queries: 7608 >: R@1: 77.0, R@5: 89.7, R@10: 92.9, R@20: 95.7
2022-01-15 17:00:55   Improved: previous best R@5 = 88.3, current R@5 = 89.7
2022-01-15 17:00:55   Start training epoch: 03
2022-01-15 17:00:55   Cache: 0 / 3
2022-01-15 17:08:47   Epoch[03](0/3): current batch triplet loss = 0.0882, average epoch triplet loss = 0.0750
2022-01-15 17:08:47   Cache: 1 / 3
2022-01-15 17:16:45   Epoch[03](1/3): current batch triplet loss = 0.0830, average epoch triplet loss = 0.0750
2022-01-15 17:16:45   Cache: 2 / 3
2022-01-15 17:24:58   Epoch[03](2/3): current batch triplet loss = 0.0851, average epoch triplet loss = 0.0751
2022-01-15 17:24:58   Finished epoch 03 in 0:24:03, average epoch triplet loss = 0.0751
2022-01-15 17:24:58   Extracting database features for evaluation/testing
2022-01-15 17:27:11   Extracting queries features for evaluation/testing
2022-01-15 17:28:53   Calculating recalls
2022-01-15 17:29:26   Recalls on val set < BaseDataset, pitts30k - #database: 10000; #queries: 7608 >: R@1: 78.4, R@5: 90.9, R@10: 93.8, R@20: 96.3
2022-01-15 17:29:26   Improved: previous best R@5 = 89.7, current R@5 = 90.9
2022-01-15 17:29:26   Start training epoch: 04
2022-01-15 17:29:26   Cache: 0 / 3
2022-01-15 17:37:24   Epoch[04](0/3): current batch triplet loss = 0.0394, average epoch triplet loss = 0.0745
2022-01-15 17:37:24   Cache: 1 / 3
2022-01-15 17:45:21   Epoch[04](1/3): current batch triplet loss = 0.0466, average epoch triplet loss = 0.0738
2022-01-15 17:45:21   Cache: 2 / 3
2022-01-15 17:53:11   Epoch[04](2/3): current batch triplet loss = 0.0696, average epoch triplet loss = 0.0739
2022-01-15 17:53:11   Finished epoch 04 in 0:23:44, average epoch triplet loss = 0.0739
2022-01-15 17:53:11   Extracting database features for evaluation/testing
2022-01-15 17:55:30   Extracting queries features for evaluation/testing
2022-01-15 17:57:21   Calculating recalls
2022-01-15 17:57:58   Recalls on val set < BaseDataset, pitts30k - #database: 10000; #queries: 7608 >: R@1: 79.6, R@5: 91.2, R@10: 94.5, R@20: 96.7
2022-01-15 17:57:58   Improved: previous best R@5 = 90.9, current R@5 = 91.2
2022-01-15 17:57:58   Start training epoch: 05
2022-01-15 17:57:58   Cache: 0 / 3
2022-01-15 18:06:05   Epoch[05](0/3): current batch triplet loss = 0.0740, average epoch triplet loss = 0.0715
2022-01-15 18:06:05   Cache: 1 / 3
2022-01-15 18:14:23   Epoch[05](1/3): current batch triplet loss = 0.0740, average epoch triplet loss = 0.0726
2022-01-15 18:14:23   Cache: 2 / 3
2022-01-15 18:22:18   Epoch[05](2/3): current batch triplet loss = 0.0347, average epoch triplet loss = 0.0731
2022-01-15 18:22:18   Finished epoch 05 in 0:24:19, average epoch triplet loss = 0.0731
2022-01-15 18:22:18   Extracting database features for evaluation/testing
2022-01-15 18:24:28   Extracting queries features for evaluation/testing
2022-01-15 18:26:09   Calculating recalls
2022-01-15 18:26:42   Recalls on val set < BaseDataset, pitts30k - #database: 10000; #queries: 7608 >: R@1: 80.5, R@5: 91.8, R@10: 94.9, R@20: 96.8
2022-01-15 18:26:42   Improved: previous best R@5 = 91.2, current R@5 = 91.8
2022-01-15 18:26:42   Start training epoch: 06
2022-01-15 18:26:42   Cache: 0 / 3
2022-01-15 18:34:39   Epoch[06](0/3): current batch triplet loss = 0.1050, average epoch triplet loss = 0.0733
2022-01-15 18:34:39   Cache: 1 / 3
2022-01-15 18:42:29   Epoch[06](1/3): current batch triplet loss = 0.0938, average epoch triplet loss = 0.0734
2022-01-15 18:42:29   Cache: 2 / 3
2022-01-15 18:50:20   Epoch[06](2/3): current batch triplet loss = 0.0762, average epoch triplet loss = 0.0735
2022-01-15 18:50:20   Finished epoch 06 in 0:23:37, average epoch triplet loss = 0.0735
2022-01-15 18:50:20   Extracting database features for evaluation/testing
2022-01-15 18:52:29   Extracting queries features for evaluation/testing
2022-01-15 18:54:10   Calculating recalls
2022-01-15 18:54:43   Recalls on val set < BaseDataset, pitts30k - #database: 10000; #queries: 7608 >: R@1: 81.4, R@5: 92.5, R@10: 95.4, R@20: 97.1
2022-01-15 18:54:43   Improved: previous best R@5 = 91.8, current R@5 = 92.5
2022-01-15 18:54:43   Start training epoch: 07
2022-01-15 18:54:43   Cache: 0 / 3
2022-01-15 19:02:41   Epoch[07](0/3): current batch triplet loss = 0.0921, average epoch triplet loss = 0.0718
2022-01-15 19:02:41   Cache: 1 / 3
2022-01-15 19:10:31   Epoch[07](1/3): current batch triplet loss = 0.0889, average epoch triplet loss = 0.0725
2022-01-15 19:10:31   Cache: 2 / 3
2022-01-15 19:18:15   Epoch[07](2/3): current batch triplet loss = 0.0710, average epoch triplet loss = 0.0724
2022-01-15 19:18:15   Finished epoch 07 in 0:23:31, average epoch triplet loss = 0.0724
2022-01-15 19:18:15   Extracting database features for evaluation/testing
2022-01-15 19:20:24   Extracting queries features for evaluation/testing
2022-01-15 19:22:04   Calculating recalls
2022-01-15 19:22:36   Recalls on val set < BaseDataset, pitts30k - #database: 10000; #queries: 7608 >: R@1: 81.6, R@5: 92.7, R@10: 95.4, R@20: 97.2
2022-01-15 19:22:36   Improved: previous best R@5 = 92.5, current R@5 = 92.7
2022-01-15 19:22:36   Start training epoch: 08
2022-01-15 19:22:36   Cache: 0 / 3
2022-01-15 19:30:26   Epoch[08](0/3): current batch triplet loss = 0.0829, average epoch triplet loss = 0.0727
2022-01-15 19:30:26   Cache: 1 / 3
2022-01-15 19:38:18   Epoch[08](1/3): current batch triplet loss = 0.0364, average epoch triplet loss = 0.0724
2022-01-15 19:38:18   Cache: 2 / 3
2022-01-15 19:46:13   Epoch[08](2/3): current batch triplet loss = 0.0457, average epoch triplet loss = 0.0720
2022-01-15 19:46:13   Finished epoch 08 in 0:23:36, average epoch triplet loss = 0.0720
2022-01-15 19:46:13   Extracting database features for evaluation/testing
2022-01-15 19:48:19   Extracting queries features for evaluation/testing
2022-01-15 19:49:58   Calculating recalls
2022-01-15 19:50:30   Recalls on val set < BaseDataset, pitts30k - #database: 10000; #queries: 7608 >: R@1: 81.8, R@5: 92.8, R@10: 95.4, R@20: 97.2
2022-01-15 19:50:30   Improved: previous best R@5 = 92.7, current R@5 = 92.8
2022-01-15 19:50:30   Start training epoch: 09
2022-01-15 19:50:30   Cache: 0 / 3
2022-01-15 19:58:19   Epoch[09](0/3): current batch triplet loss = 0.0565, average epoch triplet loss = 0.0718
2022-01-15 19:58:19   Cache: 1 / 3
2022-01-15 20:06:10   Epoch[09](1/3): current batch triplet loss = 0.0067, average epoch triplet loss = 0.0710
2022-01-15 20:06:10   Cache: 2 / 3
2022-01-15 20:13:52   Epoch[09](2/3): current batch triplet loss = 0.0489, average epoch triplet loss = 0.0710
2022-01-15 20:13:52   Finished epoch 09 in 0:23:22, average epoch triplet loss = 0.0710
2022-01-15 20:13:52   Extracting database features for evaluation/testing
2022-01-15 20:16:02   Extracting queries features for evaluation/testing
2022-01-15 20:17:43   Calculating recalls
2022-01-15 20:18:17   Recalls on val set < BaseDataset, pitts30k - #database: 10000; #queries: 7608 >: R@1: 82.4, R@5: 92.9, R@10: 95.5, R@20: 97.2
2022-01-15 20:18:17   Improved: previous best R@5 = 92.8, current R@5 = 92.9
2022-01-15 20:18:17   Start training epoch: 10
2022-01-15 20:18:17   Cache: 0 / 3
2022-01-15 20:26:13   Epoch[10](0/3): current batch triplet loss = 0.0741, average epoch triplet loss = 0.0708
2022-01-15 20:26:13   Cache: 1 / 3
2022-01-15 20:34:06   Epoch[10](1/3): current batch triplet loss = 0.0677, average epoch triplet loss = 0.0705
2022-01-15 20:34:06   Cache: 2 / 3
2022-01-15 20:41:56   Epoch[10](2/3): current batch triplet loss = 0.0426, average epoch triplet loss = 0.0701
2022-01-15 20:41:56   Finished epoch 10 in 0:23:38, average epoch triplet loss = 0.0701
2022-01-15 20:41:56   Extracting database features for evaluation/testing
2022-01-15 20:44:05   Extracting queries features for evaluation/testing
2022-01-15 20:45:46   Calculating recalls
2022-01-15 20:46:18   Recalls on val set < BaseDataset, pitts30k - #database: 10000; #queries: 7608 >: R@1: 83.0, R@5: 93.3, R@10: 95.6, R@20: 97.3
2022-01-15 20:46:19   Improved: previous best R@5 = 92.9, current R@5 = 93.3
2022-01-15 20:46:19   Start training epoch: 11
2022-01-15 20:46:19   Cache: 0 / 3
2022-01-15 20:54:16   Epoch[11](0/3): current batch triplet loss = 0.0958, average epoch triplet loss = 0.0712
2022-01-15 20:54:16   Cache: 1 / 3
2022-01-15 21:02:09   Epoch[11](1/3): current batch triplet loss = 0.0535, average epoch triplet loss = 0.0708
2022-01-15 21:02:09   Cache: 2 / 3
2022-01-15 21:10:01   Epoch[11](2/3): current batch triplet loss = 0.0717, average epoch triplet loss = 0.0709
2022-01-15 21:10:01   Finished epoch 11 in 0:23:42, average epoch triplet loss = 0.0709
2022-01-15 21:10:01   Extracting database features for evaluation/testing
2022-01-15 21:12:11   Extracting queries features for evaluation/testing
2022-01-15 21:13:55   Calculating recalls
2022-01-15 21:14:28   Recalls on val set < BaseDataset, pitts30k - #database: 10000; #queries: 7608 >: R@1: 83.2, R@5: 93.2, R@10: 95.5, R@20: 97.4
2022-01-15 21:14:28   Not improved: 1 / 3: best R@5 = 93.3, current R@5 = 93.2
2022-01-15 21:14:28   Start training epoch: 12
2022-01-15 21:14:28   Cache: 0 / 3
2022-01-15 21:22:29   Epoch[12](0/3): current batch triplet loss = 0.0698, average epoch triplet loss = 0.0674
2022-01-15 21:22:29   Cache: 1 / 3
2022-01-15 21:30:36   Epoch[12](1/3): current batch triplet loss = 0.0920, average epoch triplet loss = 0.0683
2022-01-15 21:30:36   Cache: 2 / 3
2022-01-15 21:38:44   Epoch[12](2/3): current batch triplet loss = 0.0689, average epoch triplet loss = 0.0692
2022-01-15 21:38:44   Finished epoch 12 in 0:24:16, average epoch triplet loss = 0.0692
2022-01-15 21:38:44   Extracting database features for evaluation/testing
2022-01-15 21:41:10   Extracting queries features for evaluation/testing
2022-01-15 21:43:01   Calculating recalls
2022-01-15 21:43:38   Recalls on val set < BaseDataset, pitts30k - #database: 10000; #queries: 7608 >: R@1: 83.3, R@5: 93.5, R@10: 95.8, R@20: 97.3
2022-01-15 21:43:38   Improved: previous best R@5 = 93.3, current R@5 = 93.5
2022-01-15 21:43:38   Start training epoch: 13
2022-01-15 21:43:38   Cache: 0 / 3
2022-01-15 21:51:50   Epoch[13](0/3): current batch triplet loss = 0.0545, average epoch triplet loss = 0.0686
2022-01-15 21:51:50   Cache: 1 / 3
2022-01-15 22:00:07   Epoch[13](1/3): current batch triplet loss = 0.0686, average epoch triplet loss = 0.0691
2022-01-15 22:00:07   Cache: 2 / 3
2022-01-15 22:08:16   Epoch[13](2/3): current batch triplet loss = 0.0837, average epoch triplet loss = 0.0691
2022-01-15 22:08:16   Finished epoch 13 in 0:24:37, average epoch triplet loss = 0.0691
2022-01-15 22:08:16   Extracting database features for evaluation/testing
2022-01-15 22:10:25   Extracting queries features for evaluation/testing
2022-01-15 22:12:07   Calculating recalls
2022-01-15 22:12:40   Recalls on val set < BaseDataset, pitts30k - #database: 10000; #queries: 7608 >: R@1: 83.8, R@5: 93.7, R@10: 96.0, R@20: 97.6
2022-01-15 22:12:40   Improved: previous best R@5 = 93.5, current R@5 = 93.7
2022-01-15 22:12:40   Start training epoch: 14
2022-01-15 22:12:40   Cache: 0 / 3
2022-01-15 22:20:50   Epoch[14](0/3): current batch triplet loss = 0.0536, average epoch triplet loss = 0.0699
2022-01-15 22:20:50   Cache: 1 / 3
2022-01-15 22:29:02   Epoch[14](1/3): current batch triplet loss = 0.0988, average epoch triplet loss = 0.0685
2022-01-15 22:29:02   Cache: 2 / 3
2022-01-15 22:37:10   Epoch[14](2/3): current batch triplet loss = 0.0563, average epoch triplet loss = 0.0684
2022-01-15 22:37:10   Finished epoch 14 in 0:24:29, average epoch triplet loss = 0.0684
2022-01-15 22:37:10   Extracting database features for evaluation/testing
2022-01-15 22:39:30   Extracting queries features for evaluation/testing
2022-01-15 22:41:18   Calculating recalls
2022-01-15 22:41:54   Recalls on val set < BaseDataset, pitts30k - #database: 10000; #queries: 7608 >: R@1: 84.2, R@5: 93.8, R@10: 96.1, R@20: 97.6
2022-01-15 22:41:54   Improved: previous best R@5 = 93.7, current R@5 = 93.8
2022-01-15 22:41:54   Start training epoch: 15
2022-01-15 22:41:54   Cache: 0 / 3
2022-01-15 22:50:02   Epoch[15](0/3): current batch triplet loss = 0.0844, average epoch triplet loss = 0.0693
2022-01-15 22:50:02   Cache: 1 / 3
2022-01-15 22:58:13   Epoch[15](1/3): current batch triplet loss = 0.0532, average epoch triplet loss = 0.0683
2022-01-15 22:58:13   Cache: 2 / 3
2022-01-15 23:06:25   Epoch[15](2/3): current batch triplet loss = 0.0568, average epoch triplet loss = 0.0685
2022-01-15 23:06:25   Finished epoch 15 in 0:24:31, average epoch triplet loss = 0.0685
2022-01-15 23:06:25   Extracting database features for evaluation/testing
2022-01-15 23:08:45   Extracting queries features for evaluation/testing
2022-01-15 23:10:35   Calculating recalls
2022-01-15 23:11:11   Recalls on val set < BaseDataset, pitts30k - #database: 10000; #queries: 7608 >: R@1: 84.1, R@5: 93.6, R@10: 96.0, R@20: 97.4
2022-01-15 23:11:11   Not improved: 1 / 3: best R@5 = 93.8, current R@5 = 93.6
2022-01-15 23:11:11   Start training epoch: 16
2022-01-15 23:11:11   Cache: 0 / 3
2022-01-15 23:19:19   Epoch[16](0/3): current batch triplet loss = 0.0343, average epoch triplet loss = 0.0675
2022-01-15 23:19:19   Cache: 1 / 3
2022-01-15 23:27:30   Epoch[16](1/3): current batch triplet loss = 0.0681, average epoch triplet loss = 0.0674
2022-01-15 23:27:30   Cache: 2 / 3
2022-01-15 23:35:41   Epoch[16](2/3): current batch triplet loss = 0.0655, average epoch triplet loss = 0.0672
2022-01-15 23:35:41   Finished epoch 16 in 0:24:30, average epoch triplet loss = 0.0672
2022-01-15 23:35:41   Extracting database features for evaluation/testing
2022-01-15 23:38:04   Extracting queries features for evaluation/testing
2022-01-15 23:39:54   Calculating recalls
2022-01-15 23:40:30   Recalls on val set < BaseDataset, pitts30k - #database: 10000; #queries: 7608 >: R@1: 84.1, R@5: 93.8, R@10: 95.7, R@20: 97.3
2022-01-15 23:40:30   Improved: previous best R@5 = 93.8, current R@5 = 93.8
2022-01-15 23:40:30   Start training epoch: 17
2022-01-15 23:40:30   Cache: 0 / 3
2022-01-15 23:48:42   Epoch[17](0/3): current batch triplet loss = 0.1104, average epoch triplet loss = 0.0664
2022-01-15 23:48:42   Cache: 1 / 3
2022-01-15 23:56:50   Epoch[17](1/3): current batch triplet loss = 0.0918, average epoch triplet loss = 0.0660
2022-01-15 23:56:50   Cache: 2 / 3
2022-01-16 00:04:50   Epoch[17](2/3): current batch triplet loss = 0.0542, average epoch triplet loss = 0.0662
2022-01-16 00:04:50   Finished epoch 17 in 0:24:19, average epoch triplet loss = 0.0662
2022-01-16 00:04:50   Extracting database features for evaluation/testing
2022-01-16 00:07:00   Extracting queries features for evaluation/testing
2022-01-16 00:08:42   Calculating recalls
2022-01-16 00:09:14   Recalls on val set < BaseDataset, pitts30k - #database: 10000; #queries: 7608 >: R@1: 84.3, R@5: 93.6, R@10: 95.8, R@20: 97.5
2022-01-16 00:09:15   Not improved: 1 / 3: best R@5 = 93.8, current R@5 = 93.6
2022-01-16 00:09:15   Start training epoch: 18
2022-01-16 00:09:15   Cache: 0 / 3
2022-01-16 00:17:18   Epoch[18](0/3): current batch triplet loss = 0.0631, average epoch triplet loss = 0.0657
2022-01-16 00:17:18   Cache: 1 / 3
2022-01-16 00:25:09   Epoch[18](1/3): current batch triplet loss = 0.0771, average epoch triplet loss = 0.0654
2022-01-16 00:25:09   Cache: 2 / 3
2022-01-16 00:33:00   Epoch[18](2/3): current batch triplet loss = 0.0752, average epoch triplet loss = 0.0658
2022-01-16 00:33:00   Finished epoch 18 in 0:23:45, average epoch triplet loss = 0.0658
2022-01-16 00:33:00   Extracting database features for evaluation/testing
2022-01-16 00:35:11   Extracting queries features for evaluation/testing
2022-01-16 00:36:52   Calculating recalls
2022-01-16 00:37:25   Recalls on val set < BaseDataset, pitts30k - #database: 10000; #queries: 7608 >: R@1: 84.4, R@5: 93.7, R@10: 95.9, R@20: 97.5
2022-01-16 00:37:25   Not improved: 2 / 3: best R@5 = 93.8, current R@5 = 93.7
2022-01-16 00:37:25   Start training epoch: 19
2022-01-16 00:37:25   Cache: 0 / 3
2022-01-16 00:45:28   Epoch[19](0/3): current batch triplet loss = 0.0709, average epoch triplet loss = 0.0664
2022-01-16 00:45:28   Cache: 1 / 3
2022-01-16 00:53:20   Epoch[19](1/3): current batch triplet loss = 0.0830, average epoch triplet loss = 0.0665
2022-01-16 00:53:20   Cache: 2 / 3
2022-01-16 01:01:13   Epoch[19](2/3): current batch triplet loss = 0.0692, average epoch triplet loss = 0.0663
2022-01-16 01:01:13   Finished epoch 19 in 0:23:47, average epoch triplet loss = 0.0663
2022-01-16 01:01:13   Extracting database features for evaluation/testing
2022-01-16 01:03:23   Extracting queries features for evaluation/testing
2022-01-16 01:05:04   Calculating recalls
2022-01-16 01:05:37   Recalls on val set < BaseDataset, pitts30k - #database: 10000; #queries: 7608 >: R@1: 84.6, R@5: 93.7, R@10: 95.9, R@20: 97.4
2022-01-16 01:05:37   Not improved: 3 / 3: best R@5 = 93.8, current R@5 = 93.7
2022-01-16 01:05:37   Performance did not improve for 3 epochs. Stop training.
2022-01-16 01:05:37   Best R@5: 93.8
2022-01-16 01:05:37   Trained for 20 epochs, in total in 9:30:02
2022-01-16 01:05:37   Extracting database features for evaluation/testing
2022-01-16 01:08:16   Extracting queries features for evaluation/testing
2022-01-16 01:10:04   Calculating recalls
2022-01-16 01:10:37   Recalls on < BaseDataset, pitts30k - #database: 10000; #queries: 6816 >: R@1: 82.9, R@5: 91.9, R@10: 94.0, R@20: 95.6
