2022-01-09 13:03:40   Arguments: Namespace(augment_data=True, cache_refresh_rate=1000, datasets_folder='../data/', device='cuda', epochs_num=20, exp_name='./runs/augment', gem_power=None, infer_batch_size=16, lr=0.0001, margin=0.1, neg_samples_num=1000, negs_num_per_query=10, netvlad_clusters=32, num_workers=4, optimizer='Adam', output_folder='runs\\./runs/augment\\2022-01-09_13-03-40', patience=3, queries_per_epoch=3000, recall_values=[1, 5, 10, 20], seed=0, train_batch_size=2, train_positives_dist_threshold=10, val_positive_dist_threshold=25)
2022-01-09 13:03:40   The outputs are being saved in runs\./runs/augment\2022-01-09_13-03-40
2022-01-09 13:03:40   Using 1 GPUs and 8 CPUs
2022-01-09 13:03:41   There are 96 queries without any positives within the training set. They won't be considered as they're useless for training.
2022-01-09 13:03:41   Train query set: < TripletsDataset, pitts30k - #database: 10000; #queries: 7320 >
2022-01-09 13:03:41   Val set: < BaseDataset, pitts30k - #database: 10000; #queries: 7608 >
2022-01-09 13:03:42   Test set: < BaseDataset, pitts30k - #database: 10000; #queries: 6816 >
2022-01-09 13:03:43   Output dimension of the model is 8192
2022-01-09 13:03:43   Start training epoch: 00
2022-01-09 13:29:33   Finished epoch 00 in 0:25:50, average epoch triplet loss = 0.0981
2022-01-09 13:35:13   Recalls on val set < BaseDataset, pitts30k - #database: 10000; #queries: 7608 >: R@1: 46.0, R@5: 67.9, R@10: 75.8, R@20: 82.8
2022-01-09 13:35:13   Improved: previous best R@5 = 0.0, current R@5 = 67.9
2022-01-09 13:35:13   Start training epoch: 01
2022-01-09 13:59:22   Finished epoch 01 in 0:24:09, average epoch triplet loss = 0.0973
2022-01-09 14:04:07   Recalls on val set < BaseDataset, pitts30k - #database: 10000; #queries: 7608 >: R@1: 49.9, R@5: 69.8, R@10: 77.6, R@20: 84.5
2022-01-09 14:04:07   Improved: previous best R@5 = 67.9, current R@5 = 69.8
2022-01-09 14:04:07   Start training epoch: 02
2022-01-09 14:28:44   Finished epoch 02 in 0:24:37, average epoch triplet loss = 0.0967
2022-01-09 14:33:15   Recalls on val set < BaseDataset, pitts30k - #database: 10000; #queries: 7608 >: R@1: 50.0, R@5: 69.5, R@10: 77.0, R@20: 83.5
2022-01-09 14:33:15   Not improved: 1 / 3: best R@5 = 69.8, current R@5 = 69.5
2022-01-09 14:33:15   Start training epoch: 03
2022-01-09 14:57:07   Finished epoch 03 in 0:23:52, average epoch triplet loss = 0.0958
2022-01-09 15:01:41   Recalls on val set < BaseDataset, pitts30k - #database: 10000; #queries: 7608 >: R@1: 56.4, R@5: 76.2, R@10: 82.8, R@20: 88.0
2022-01-09 15:01:41   Improved: previous best R@5 = 69.8, current R@5 = 76.2
2022-01-09 15:01:41   Start training epoch: 04
2022-01-09 15:25:47   Finished epoch 04 in 0:24:05, average epoch triplet loss = 0.0945
2022-01-09 15:30:14   Recalls on val set < BaseDataset, pitts30k - #database: 10000; #queries: 7608 >: R@1: 36.2, R@5: 57.5, R@10: 67.1, R@20: 76.1
2022-01-09 15:30:14   Not improved: 1 / 3: best R@5 = 76.2, current R@5 = 57.5
2022-01-09 15:30:14   Start training epoch: 05
2022-01-09 15:54:15   Finished epoch 05 in 0:24:00, average epoch triplet loss = 0.0958
2022-01-09 15:58:49   Recalls on val set < BaseDataset, pitts30k - #database: 10000; #queries: 7608 >: R@1: 38.6, R@5: 59.0, R@10: 68.1, R@20: 77.0
2022-01-09 15:58:49   Not improved: 2 / 3: best R@5 = 76.2, current R@5 = 59.0
2022-01-09 15:58:49   Start training epoch: 06
2022-01-09 16:22:47   Finished epoch 06 in 0:23:58, average epoch triplet loss = 0.0958
2022-01-09 16:27:24   Recalls on val set < BaseDataset, pitts30k - #database: 10000; #queries: 7608 >: R@1: 42.0, R@5: 61.8, R@10: 70.5, R@20: 79.0
2022-01-09 16:27:24   Not improved: 3 / 3: best R@5 = 76.2, current R@5 = 61.8
2022-01-09 16:27:24   Performance did not improve for 3 epochs. Stop training.
2022-01-09 16:27:24   Best R@5: 76.2
2022-01-09 16:27:24   Trained for 07 epochs, in total in 3:23:43
2022-01-09 16:32:13   Recalls on < BaseDataset, pitts30k - #database: 10000; #queries: 6816 >: R@1: 55.4, R@5: 74.8, R@10: 82.1, R@20: 87.9
