2022-01-03 02:00:29   Arguments: Namespace(cache_refresh_rate=1000, datasets_folder='../data/', device='cuda', epochs_num=20, exp_name='./runs/NetVlad_abl', gem_power=None, infer_batch_size=16, lr=1e-05, margin=0.1, neg_samples_num=1000, negs_num_per_query=10, netvlad_clusters=64, num_workers=4, output_folder='runs/./runs/NetVlad_abl/2022-01-03_02-00-29', patience=3, queries_per_epoch=3000, recall_values=[1, 5, 10, 20], seed=0, train_batch_size=2, train_positives_dist_threshold=10, val_positive_dist_threshold=25)
2022-01-03 02:00:29   The outputs are being saved in runs/./runs/NetVlad_abl/2022-01-03_02-00-29
2022-01-03 02:00:30   Using 1 GPUs and 8 CPUs
2022-01-03 02:00:30   Loading dataset Pitts30k from folder ../data/
2022-01-03 02:00:30   There are 96 queries without any positives within the training set. They won't be considered as they're useless for training.
2022-01-03 02:00:30   Train query set: < TripletsDataset, pitts30k - #database: 10000; #queries: 7320 >
2022-01-03 02:00:30   Val set: < BaseDataset, pitts30k - #database: 10000; #queries: 7608 >
2022-01-03 02:00:30   Test set: < BaseDataset, pitts30k - #database: 10000; #queries: 6816 >
2022-01-03 02:00:33   Train only conv4 of the ResNet-18 (remove conv5), freeze the previous ones
2022-01-03 02:00:35   Output dimension of the model is 16384
2022-01-03 02:00:35   Start training epoch: 00
2022-01-03 02:00:35   Cache: 0 / 3
2022-01-03 02:14:53   Epoch[00](0/3): current batch triplet loss = 0.0974, average epoch triplet loss = 0.0980
2022-01-03 02:14:53   Cache: 1 / 3
2022-01-03 02:28:36   Epoch[00](1/3): current batch triplet loss = 0.1065, average epoch triplet loss = 0.0986
2022-01-03 02:28:36   Cache: 2 / 3
2022-01-03 02:42:19   Epoch[00](2/3): current batch triplet loss = 0.0977, average epoch triplet loss = 0.0985
2022-01-03 02:42:19   Finished epoch 00 in 0:41:44, average epoch triplet loss = 0.0985
2022-01-03 02:42:19   Extracting database features for evaluation/testing
2022-01-03 02:45:53   Extracting queries features for evaluation/testing
2022-01-03 02:48:36   Calculating recalls
2022-01-03 02:48:47   Recalls on val set < BaseDataset, pitts30k - #database: 10000; #queries: 7608 >: R@1: 12.6, R@5: 28.8, R@10: 40.4, R@20: 54.2
2022-01-03 02:48:47   Improved: previous best R@5 = 0.0, current R@5 = 28.8
2022-01-03 02:48:47   Start training epoch: 01
2022-01-03 02:48:47   Cache: 0 / 3
2022-01-03 03:02:31   Epoch[01](0/3): current batch triplet loss = 0.1260, average epoch triplet loss = 0.0992
2022-01-03 03:02:31   Cache: 1 / 3
2022-01-03 03:16:15   Epoch[01](1/3): current batch triplet loss = 0.0851, average epoch triplet loss = 0.0991
2022-01-03 03:16:15   Cache: 2 / 3
2022-01-03 03:29:57   Epoch[01](2/3): current batch triplet loss = 0.0934, average epoch triplet loss = 0.0991
2022-01-03 03:29:57   Finished epoch 01 in 0:41:09, average epoch triplet loss = 0.0991
2022-01-03 03:29:57   Extracting database features for evaluation/testing
2022-01-03 03:33:30   Extracting queries features for evaluation/testing
2022-01-03 03:36:13   Calculating recalls
2022-01-03 03:36:24   Recalls on val set < BaseDataset, pitts30k - #database: 10000; #queries: 7608 >: R@1: 14.5, R@5: 32.8, R@10: 43.8, R@20: 57.1
2022-01-03 03:36:24   Improved: previous best R@5 = 28.8, current R@5 = 32.8
2022-01-03 03:36:24   Start training epoch: 02
2022-01-03 03:36:24   Cache: 0 / 3
2022-01-03 03:50:08   Epoch[02](0/3): current batch triplet loss = 0.1323, average epoch triplet loss = 0.0988
2022-01-03 03:50:08   Cache: 1 / 3
2022-01-03 04:03:51   Epoch[02](1/3): current batch triplet loss = 0.0778, average epoch triplet loss = 0.0987
2022-01-03 04:03:51   Cache: 2 / 3
2022-01-03 04:17:34   Epoch[02](2/3): current batch triplet loss = 0.0995, average epoch triplet loss = 0.0987
2022-01-03 04:17:34   Finished epoch 02 in 0:41:10, average epoch triplet loss = 0.0987
2022-01-03 04:17:34   Extracting database features for evaluation/testing
2022-01-03 04:21:07   Extracting queries features for evaluation/testing
2022-01-03 04:23:50   Calculating recalls
2022-01-03 04:24:00   Recalls on val set < BaseDataset, pitts30k - #database: 10000; #queries: 7608 >: R@1: 13.6, R@5: 30.7, R@10: 43.3, R@20: 58.4
2022-01-03 04:24:00   Not improved: 1 / 3: best R@5 = 32.8, current R@5 = 30.7
2022-01-03 04:24:00   Start training epoch: 03
2022-01-03 04:24:00   Cache: 0 / 3
2022-01-03 04:37:43   Epoch[03](0/3): current batch triplet loss = 0.0952, average epoch triplet loss = 0.0975
2022-01-03 04:37:43   Cache: 1 / 3
2022-01-03 04:51:27   Epoch[03](1/3): current batch triplet loss = 0.0985, average epoch triplet loss = 0.0981
2022-01-03 04:51:27   Cache: 2 / 3
2022-01-03 05:05:10   Epoch[03](2/3): current batch triplet loss = 0.0996, average epoch triplet loss = 0.0984
2022-01-03 05:05:10   Finished epoch 03 in 0:41:09, average epoch triplet loss = 0.0984
2022-01-03 05:05:10   Extracting database features for evaluation/testing
2022-01-03 05:08:43   Extracting queries features for evaluation/testing
2022-01-03 05:11:26   Calculating recalls
2022-01-03 05:11:36   Recalls on val set < BaseDataset, pitts30k - #database: 10000; #queries: 7608 >: R@1: 14.3, R@5: 31.4, R@10: 42.5, R@20: 56.6
2022-01-03 05:11:36   Not improved: 2 / 3: best R@5 = 32.8, current R@5 = 31.4
2022-01-03 05:11:36   Start training epoch: 04
2022-01-03 05:11:36   Cache: 0 / 3
2022-01-03 05:25:20   Epoch[04](0/3): current batch triplet loss = 0.1276, average epoch triplet loss = 0.0989
2022-01-03 05:25:20   Cache: 1 / 3
2022-01-03 05:39:03   Epoch[04](1/3): current batch triplet loss = 0.0947, average epoch triplet loss = 0.0981
2022-01-03 05:39:03   Cache: 2 / 3
2022-01-03 05:52:46   Epoch[04](2/3): current batch triplet loss = 0.0947, average epoch triplet loss = 0.0982
2022-01-03 05:52:46   Finished epoch 04 in 0:41:09, average epoch triplet loss = 0.0982
2022-01-03 05:52:46   Extracting database features for evaluation/testing
2022-01-03 05:56:19   Extracting queries features for evaluation/testing
2022-01-03 05:59:01   Calculating recalls
2022-01-03 05:59:12   Recalls on val set < BaseDataset, pitts30k - #database: 10000; #queries: 7608 >: R@1: 16.4, R@5: 34.8, R@10: 46.1, R@20: 59.3
2022-01-03 05:59:12   Improved: previous best R@5 = 32.8, current R@5 = 34.8
2022-01-03 05:59:12   Start training epoch: 05
2022-01-03 05:59:12   Cache: 0 / 3
2022-01-03 06:12:55   Epoch[05](0/3): current batch triplet loss = 0.0875, average epoch triplet loss = 0.0977
2022-01-03 06:12:55   Cache: 1 / 3
2022-01-03 06:26:38   Epoch[05](1/3): current batch triplet loss = 0.0921, average epoch triplet loss = 0.0982
2022-01-03 06:26:38   Cache: 2 / 3
2022-01-03 06:40:22   Epoch[05](2/3): current batch triplet loss = 0.0886, average epoch triplet loss = 0.0983
2022-01-03 06:40:22   Finished epoch 05 in 0:41:09, average epoch triplet loss = 0.0983
2022-01-03 06:40:22   Extracting database features for evaluation/testing
2022-01-03 06:43:55   Extracting queries features for evaluation/testing
2022-01-03 06:46:37   Calculating recalls
2022-01-03 06:46:48   Recalls on val set < BaseDataset, pitts30k - #database: 10000; #queries: 7608 >: R@1: 15.2, R@5: 32.6, R@10: 43.8, R@20: 58.2
2022-01-03 06:46:48   Not improved: 1 / 3: best R@5 = 34.8, current R@5 = 32.6
2022-01-03 06:46:48   Start training epoch: 06
2022-01-03 06:46:48   Cache: 0 / 3
2022-01-03 07:00:31   Epoch[06](0/3): current batch triplet loss = 0.1006, average epoch triplet loss = 0.0982
2022-01-03 07:00:31   Cache: 1 / 3
2022-01-03 07:14:14   Epoch[06](1/3): current batch triplet loss = 0.0974, average epoch triplet loss = 0.0977
2022-01-03 07:14:14   Cache: 2 / 3
2022-01-03 07:27:57   Epoch[06](2/3): current batch triplet loss = 0.0995, average epoch triplet loss = 0.0980
2022-01-03 07:27:57   Finished epoch 06 in 0:41:09, average epoch triplet loss = 0.0980
2022-01-03 07:27:57   Extracting database features for evaluation/testing
2022-01-03 07:31:30   Extracting queries features for evaluation/testing
2022-01-03 07:34:12   Calculating recalls
2022-01-03 07:34:23   Recalls on val set < BaseDataset, pitts30k - #database: 10000; #queries: 7608 >: R@1: 15.7, R@5: 34.0, R@10: 46.5, R@20: 60.0
2022-01-03 07:34:23   Not improved: 2 / 3: best R@5 = 34.8, current R@5 = 34.0
2022-01-03 07:34:23   Start training epoch: 07
2022-01-03 07:34:23   Cache: 0 / 3
2022-01-03 07:48:07   Epoch[07](0/3): current batch triplet loss = 0.1012, average epoch triplet loss = 0.0984
2022-01-03 07:48:07   Cache: 1 / 3
2022-01-03 08:01:50   Epoch[07](1/3): current batch triplet loss = 0.0921, average epoch triplet loss = 0.0982
2022-01-03 08:01:50   Cache: 2 / 3
2022-01-03 08:15:33   Epoch[07](2/3): current batch triplet loss = 0.0994, average epoch triplet loss = 0.0982
2022-01-03 08:15:33   Finished epoch 07 in 0:41:10, average epoch triplet loss = 0.0982
2022-01-03 08:15:33   Extracting database features for evaluation/testing
2022-01-03 08:19:06   Extracting queries features for evaluation/testing
2022-01-03 08:21:49   Calculating recalls
2022-01-03 08:21:59   Recalls on val set < BaseDataset, pitts30k - #database: 10000; #queries: 7608 >: R@1: 16.5, R@5: 35.0, R@10: 46.5, R@20: 60.3
2022-01-03 08:21:59   Improved: previous best R@5 = 34.8, current R@5 = 35.0
2022-01-03 08:21:59   Start training epoch: 08
2022-01-03 08:21:59   Cache: 0 / 3
2022-01-03 08:35:43   Epoch[08](0/3): current batch triplet loss = 0.1038, average epoch triplet loss = 0.0975
2022-01-03 08:35:43   Cache: 1 / 3
2022-01-03 08:49:26   Epoch[08](1/3): current batch triplet loss = 0.1296, average epoch triplet loss = 0.0977
2022-01-03 08:49:26   Cache: 2 / 3
2022-01-03 09:03:10   Epoch[08](2/3): current batch triplet loss = 0.0941, average epoch triplet loss = 0.0977
2022-01-03 09:03:10   Finished epoch 08 in 0:41:10, average epoch triplet loss = 0.0977
2022-01-03 09:03:10   Extracting database features for evaluation/testing
2022-01-03 09:06:43   Extracting queries features for evaluation/testing
2022-01-03 09:09:26   Calculating recalls
2022-01-03 09:09:36   Recalls on val set < BaseDataset, pitts30k - #database: 10000; #queries: 7608 >: R@1: 15.4, R@5: 34.8, R@10: 46.7, R@20: 60.5
2022-01-03 09:09:36   Not improved: 1 / 3: best R@5 = 35.0, current R@5 = 34.8
2022-01-03 09:09:36   Start training epoch: 09
2022-01-03 09:09:36   Cache: 0 / 3
2022-01-03 09:23:21   Epoch[09](0/3): current batch triplet loss = 0.0955, average epoch triplet loss = 0.0985
2022-01-03 09:23:21   Cache: 1 / 3
2022-01-03 09:37:04   Epoch[09](1/3): current batch triplet loss = 0.0893, average epoch triplet loss = 0.0982
2022-01-03 09:37:04   Cache: 2 / 3
2022-01-03 09:50:48   Epoch[09](2/3): current batch triplet loss = 0.1035, average epoch triplet loss = 0.0982
2022-01-03 09:50:48   Finished epoch 09 in 0:41:11, average epoch triplet loss = 0.0982
2022-01-03 09:50:48   Extracting database features for evaluation/testing
2022-01-03 09:54:21   Extracting queries features for evaluation/testing
2022-01-03 09:57:03   Calculating recalls
2022-01-03 09:57:14   Recalls on val set < BaseDataset, pitts30k - #database: 10000; #queries: 7608 >: R@1: 17.9, R@5: 36.5, R@10: 48.4, R@20: 62.1
2022-01-03 09:57:14   Improved: previous best R@5 = 35.0, current R@5 = 36.5
2022-01-03 09:57:14   Start training epoch: 10
2022-01-03 09:57:14   Cache: 0 / 3
2022-01-03 10:10:58   Epoch[10](0/3): current batch triplet loss = 0.0974, average epoch triplet loss = 0.0978
2022-01-03 10:10:58   Cache: 1 / 3
2022-01-03 10:24:41   Epoch[10](1/3): current batch triplet loss = 0.0942, average epoch triplet loss = 0.0978
2022-01-03 10:24:41   Cache: 2 / 3
2022-01-03 10:38:26   Epoch[10](2/3): current batch triplet loss = 0.0878, average epoch triplet loss = 0.0975
2022-01-03 10:38:26   Finished epoch 10 in 0:41:11, average epoch triplet loss = 0.0975
2022-01-03 10:38:26   Extracting database features for evaluation/testing
2022-01-03 10:41:59   Extracting queries features for evaluation/testing
2022-01-03 10:44:42   Calculating recalls
2022-01-03 10:44:52   Recalls on val set < BaseDataset, pitts30k - #database: 10000; #queries: 7608 >: R@1: 17.0, R@5: 35.5, R@10: 47.3, R@20: 61.4
2022-01-03 10:44:52   Not improved: 1 / 3: best R@5 = 36.5, current R@5 = 35.5
2022-01-03 10:44:52   Start training epoch: 11
2022-01-03 10:44:52   Cache: 0 / 3
2022-01-03 10:58:36   Epoch[11](0/3): current batch triplet loss = 0.0984, average epoch triplet loss = 0.0987
2022-01-03 10:58:36   Cache: 1 / 3
2022-01-03 11:12:20   Epoch[11](1/3): current batch triplet loss = 0.1001, average epoch triplet loss = 0.0984
2022-01-03 11:12:20   Cache: 2 / 3
2022-01-03 11:26:05   Epoch[11](2/3): current batch triplet loss = 0.0966, average epoch triplet loss = 0.0978
2022-01-03 11:26:05   Finished epoch 11 in 0:41:13, average epoch triplet loss = 0.0978
2022-01-03 11:26:05   Extracting database features for evaluation/testing
2022-01-03 11:29:38   Extracting queries features for evaluation/testing
2022-01-03 11:32:21   Calculating recalls
2022-01-03 11:32:32   Recalls on val set < BaseDataset, pitts30k - #database: 10000; #queries: 7608 >: R@1: 18.5, R@5: 39.6, R@10: 52.0, R@20: 66.2
2022-01-03 11:32:32   Improved: previous best R@5 = 36.5, current R@5 = 39.6
2022-01-03 11:32:32   Start training epoch: 12
2022-01-03 11:32:32   Cache: 0 / 3
2022-01-03 11:46:17   Epoch[12](0/3): current batch triplet loss = 0.0997, average epoch triplet loss = 0.0966
2022-01-03 11:46:17   Cache: 1 / 3
2022-01-03 12:00:02   Epoch[12](1/3): current batch triplet loss = 0.0968, average epoch triplet loss = 0.0965
2022-01-03 12:00:02   Cache: 2 / 3
2022-01-03 12:13:47   Epoch[12](2/3): current batch triplet loss = 0.0986, average epoch triplet loss = 0.0966
2022-01-03 12:13:47   Finished epoch 12 in 0:41:15, average epoch triplet loss = 0.0966
2022-01-03 12:13:47   Extracting database features for evaluation/testing
2022-01-03 12:17:20   Extracting queries features for evaluation/testing
2022-01-03 12:20:03   Calculating recalls
2022-01-03 12:20:13   Recalls on val set < BaseDataset, pitts30k - #database: 10000; #queries: 7608 >: R@1: 20.3, R@5: 41.6, R@10: 54.0, R@20: 67.1
2022-01-03 12:20:13   Improved: previous best R@5 = 39.6, current R@5 = 41.6
2022-01-03 12:20:13   Start training epoch: 13
2022-01-03 12:20:13   Cache: 0 / 3
2022-01-03 12:33:58   Epoch[13](0/3): current batch triplet loss = 0.0900, average epoch triplet loss = 0.0974
2022-01-03 12:33:58   Cache: 1 / 3
2022-01-03 12:47:43   Epoch[13](1/3): current batch triplet loss = 0.0961, average epoch triplet loss = 0.0970
2022-01-03 12:47:43   Cache: 2 / 3
2022-01-03 13:01:28   Epoch[13](2/3): current batch triplet loss = 0.0916, average epoch triplet loss = 0.0973
2022-01-03 13:01:28   Finished epoch 13 in 0:41:14, average epoch triplet loss = 0.0973
2022-01-03 13:01:28   Extracting database features for evaluation/testing
2022-01-03 13:05:02   Extracting queries features for evaluation/testing
2022-01-03 13:07:45   Calculating recalls
2022-01-03 13:07:55   Recalls on val set < BaseDataset, pitts30k - #database: 10000; #queries: 7608 >: R@1: 21.0, R@5: 41.9, R@10: 54.1, R@20: 67.4
2022-01-03 13:07:55   Improved: previous best R@5 = 41.6, current R@5 = 41.9
2022-01-03 13:07:55   Start training epoch: 14
2022-01-03 13:07:55   Cache: 0 / 3
2022-01-03 13:21:40   Epoch[14](0/3): current batch triplet loss = 0.0932, average epoch triplet loss = 0.0978
2022-01-03 13:21:40   Cache: 1 / 3
2022-01-03 13:35:26   Epoch[14](1/3): current batch triplet loss = 0.0852, average epoch triplet loss = 0.0979
2022-01-03 13:35:26   Cache: 2 / 3
2022-01-03 13:49:11   Epoch[14](2/3): current batch triplet loss = 0.0920, average epoch triplet loss = 0.0973
2022-01-03 13:49:11   Finished epoch 14 in 0:41:16, average epoch triplet loss = 0.0973
2022-01-03 13:49:11   Extracting database features for evaluation/testing
2022-01-03 13:52:45   Extracting queries features for evaluation/testing
2022-01-03 13:55:28   Calculating recalls
2022-01-03 13:55:38   Recalls on val set < BaseDataset, pitts30k - #database: 10000; #queries: 7608 >: R@1: 20.7, R@5: 42.6, R@10: 54.6, R@20: 67.1
2022-01-03 13:55:38   Improved: previous best R@5 = 41.9, current R@5 = 42.6
2022-01-03 13:55:38   Start training epoch: 15
2022-01-03 13:55:38   Cache: 0 / 3
2022-01-03 14:09:23   Epoch[15](0/3): current batch triplet loss = 0.0995, average epoch triplet loss = 0.0966
2022-01-03 14:09:23   Cache: 1 / 3
2022-01-03 14:23:09   Epoch[15](1/3): current batch triplet loss = 0.0944, average epoch triplet loss = 0.0970
2022-01-03 14:23:09   Cache: 2 / 3
2022-01-03 14:36:53   Epoch[15](2/3): current batch triplet loss = 0.0921, average epoch triplet loss = 0.0970
2022-01-03 14:36:53   Finished epoch 15 in 0:41:14, average epoch triplet loss = 0.0970
2022-01-03 14:36:53   Extracting database features for evaluation/testing
2022-01-03 14:40:27   Extracting queries features for evaluation/testing
2022-01-03 14:43:10   Calculating recalls
2022-01-03 14:43:21   Recalls on val set < BaseDataset, pitts30k - #database: 10000; #queries: 7608 >: R@1: 23.1, R@5: 44.3, R@10: 56.3, R@20: 69.5
2022-01-03 14:43:21   Improved: previous best R@5 = 42.6, current R@5 = 44.3
2022-01-03 14:43:21   Start training epoch: 16
2022-01-03 14:43:21   Cache: 0 / 3
2022-01-03 14:57:06   Epoch[16](0/3): current batch triplet loss = 0.0963, average epoch triplet loss = 0.0981
2022-01-03 14:57:06   Cache: 1 / 3
2022-01-03 15:10:52   Epoch[16](1/3): current batch triplet loss = 0.0962, average epoch triplet loss = 0.0979
2022-01-03 15:10:52   Cache: 2 / 3
2022-01-03 15:24:37   Epoch[16](2/3): current batch triplet loss = 0.0946, average epoch triplet loss = 0.0974
2022-01-03 15:24:37   Finished epoch 16 in 0:41:15, average epoch triplet loss = 0.0974
2022-01-03 15:24:37   Extracting database features for evaluation/testing
2022-01-03 15:28:10   Extracting queries features for evaluation/testing
2022-01-03 15:30:53   Calculating recalls
2022-01-03 15:31:05   Recalls on val set < BaseDataset, pitts30k - #database: 10000; #queries: 7608 >: R@1: 23.3, R@5: 45.1, R@10: 56.7, R@20: 69.3
2022-01-03 15:31:05   Improved: previous best R@5 = 44.3, current R@5 = 45.1
2022-01-03 15:31:05   Start training epoch: 17
2022-01-03 15:31:05   Cache: 0 / 3
2022-01-03 15:44:49   Epoch[17](0/3): current batch triplet loss = 0.0911, average epoch triplet loss = 0.0968
2022-01-03 15:44:49   Cache: 1 / 3
2022-01-03 15:58:34   Epoch[17](1/3): current batch triplet loss = 0.1198, average epoch triplet loss = 0.0969
2022-01-03 15:58:34   Cache: 2 / 3
2022-01-03 16:12:19   Epoch[17](2/3): current batch triplet loss = 0.0996, average epoch triplet loss = 0.0971
2022-01-03 16:12:19   Finished epoch 17 in 0:41:14, average epoch triplet loss = 0.0971
2022-01-03 16:12:19   Extracting database features for evaluation/testing
2022-01-03 16:15:52   Extracting queries features for evaluation/testing
2022-01-03 16:18:35   Calculating recalls
2022-01-03 16:18:46   Recalls on val set < BaseDataset, pitts30k - #database: 10000; #queries: 7608 >: R@1: 21.3, R@5: 43.7, R@10: 56.4, R@20: 69.3
2022-01-03 16:18:46   Not improved: 1 / 3: best R@5 = 45.1, current R@5 = 43.7
2022-01-03 16:18:46   Start training epoch: 18
2022-01-03 16:18:46   Cache: 0 / 3
2022-01-03 16:32:32   Epoch[18](0/3): current batch triplet loss = 0.1018, average epoch triplet loss = 0.0964
2022-01-03 16:32:32   Cache: 1 / 3
2022-01-03 16:46:17   Epoch[18](1/3): current batch triplet loss = 0.0932, average epoch triplet loss = 0.0965
2022-01-03 16:46:17   Cache: 2 / 3
2022-01-03 17:00:01   Epoch[18](2/3): current batch triplet loss = 0.0962, average epoch triplet loss = 0.0966
2022-01-03 17:00:01   Finished epoch 18 in 0:41:14, average epoch triplet loss = 0.0966
2022-01-03 17:00:01   Extracting database features for evaluation/testing
2022-01-03 17:03:34   Extracting queries features for evaluation/testing
2022-01-03 17:06:17   Calculating recalls
2022-01-03 17:06:28   Recalls on val set < BaseDataset, pitts30k - #database: 10000; #queries: 7608 >: R@1: 21.0, R@5: 42.3, R@10: 54.5, R@20: 68.0
2022-01-03 17:06:29   Not improved: 2 / 3: best R@5 = 45.1, current R@5 = 42.3
2022-01-03 17:06:29   Start training epoch: 19
2022-01-03 17:06:29   Cache: 0 / 3
2022-01-03 17:20:13   Epoch[19](0/3): current batch triplet loss = 0.0948, average epoch triplet loss = 0.0965
2022-01-03 17:20:13   Cache: 1 / 3
2022-01-03 17:33:57   Epoch[19](1/3): current batch triplet loss = 0.0932, average epoch triplet loss = 0.0964
2022-01-03 17:33:57   Cache: 2 / 3
2022-01-03 17:47:42   Epoch[19](2/3): current batch triplet loss = 0.0916, average epoch triplet loss = 0.0964
2022-01-03 17:47:42   Finished epoch 19 in 0:41:13, average epoch triplet loss = 0.0964
2022-01-03 17:47:42   Extracting database features for evaluation/testing
2022-01-03 17:51:15   Extracting queries features for evaluation/testing
2022-01-03 17:53:58   Calculating recalls
2022-01-03 17:54:08   Recalls on val set < BaseDataset, pitts30k - #database: 10000; #queries: 7608 >: R@1: 23.0, R@5: 43.8, R@10: 55.1, R@20: 67.6
2022-01-03 17:54:08   Not improved: 3 / 3: best R@5 = 45.1, current R@5 = 43.8
2022-01-03 17:54:08   Performance did not improve for 3 epochs. Stop training.
2022-01-03 17:54:08   Best R@5: 45.1
2022-01-03 17:54:08   Trained for 20 epochs, in total in 15:53:39
2022-01-03 17:54:08   Extracting database features for evaluation/testing
2022-01-03 17:57:42   Extracting queries features for evaluation/testing
2022-01-03 18:00:08   Calculating recalls
2022-01-03 18:00:18   Recalls on < BaseDataset, pitts30k - #database: 10000; #queries: 6816 >: R@1: 23.5, R@5: 44.3, R@10: 55.6, R@20: 67.5
