2022-01-02 18:26:55   Arguments: Namespace(cache_refresh_rate=1000, datasets_folder='../data/', device='cuda', epochs_num=20, exp_name='./runs/NetVlad_abl', gem_power=None, infer_batch_size=16, lr=0.0001, margin=0.1, neg_samples_num=1000, negs_num_per_query=10, netvlad_clusters=64, num_workers=4, output_folder='runs\\./runs/NetVlad_abl\\2022-01-02_18-26-55', patience=3, queries_per_epoch=3000, recall_values=[1, 5, 10, 20], seed=0, train_batch_size=4, train_positives_dist_threshold=10, val_positive_dist_threshold=25)
2022-01-02 18:26:55   The outputs are being saved in runs\./runs/NetVlad_abl\2022-01-02_18-26-55
2022-01-02 18:26:55   Using 1 GPUs and 8 CPUs
2022-01-02 18:26:56   There are 96 queries without any positives within the training set. They won't be considered as they're useless for training.
2022-01-02 18:26:56   Train query set: < TripletsDataset, pitts30k - #database: 10000; #queries: 7320 >
2022-01-02 18:26:56   Val set: < BaseDataset, pitts30k - #database: 10000; #queries: 7608 >
2022-01-02 18:26:57   Test set: < BaseDataset, pitts30k - #database: 10000; #queries: 6816 >
2022-01-02 18:26:58   Output dimension of the model is 16384
2022-01-02 18:26:58   Start training epoch: 00
2022-01-02 18:59:52   Finished epoch 00 in 0:32:54, average epoch triplet loss = 0.0972
2022-01-02 19:05:25   Recalls on val set < BaseDataset, pitts30k - #database: 10000; #queries: 7608 >: R@1: 16.9, R@5: 35.9, R@10: 46.7, R@20: 59.8
2022-01-02 19:05:25   Improved: previous best R@5 = 0.0, current R@5 = 35.9
2022-01-02 19:05:25   Start training epoch: 01
2022-01-02 19:36:37   Finished epoch 01 in 0:31:11, average epoch triplet loss = 0.0983
2022-01-02 19:41:22   Recalls on val set < BaseDataset, pitts30k - #database: 10000; #queries: 7608 >: R@1: 18.8, R@5: 41.5, R@10: 53.9, R@20: 66.2
2022-01-02 19:41:22   Improved: previous best R@5 = 35.9, current R@5 = 41.5
2022-01-02 19:41:22   Start training epoch: 02
2022-01-02 20:12:30   Finished epoch 02 in 0:31:07, average epoch triplet loss = 0.0983
2022-01-02 20:17:14   Recalls on val set < BaseDataset, pitts30k - #database: 10000; #queries: 7608 >: R@1: 22.7, R@5: 43.4, R@10: 53.7, R@20: 64.8
2022-01-02 20:17:14   Improved: previous best R@5 = 41.5, current R@5 = 43.4
2022-01-02 20:17:14   Start training epoch: 03
2022-01-02 20:48:25   Finished epoch 03 in 0:31:11, average epoch triplet loss = 0.0985
2022-01-02 20:53:11   Recalls on val set < BaseDataset, pitts30k - #database: 10000; #queries: 7608 >: R@1: 27.2, R@5: 49.9, R@10: 61.1, R@20: 72.7
2022-01-02 20:53:12   Improved: previous best R@5 = 43.4, current R@5 = 49.9
2022-01-02 20:53:12   Start training epoch: 04
2022-01-02 21:24:26   Finished epoch 04 in 0:31:14, average epoch triplet loss = 0.0979
2022-01-02 21:29:11   Recalls on val set < BaseDataset, pitts30k - #database: 10000; #queries: 7608 >: R@1: 33.6, R@5: 57.3, R@10: 68.5, R@20: 78.6
2022-01-02 21:29:11   Improved: previous best R@5 = 49.9, current R@5 = 57.3
2022-01-02 21:29:11   Start training epoch: 05
2022-01-02 22:00:12   Finished epoch 05 in 0:31:01, average epoch triplet loss = 0.0971
2022-01-02 22:05:00   Recalls on val set < BaseDataset, pitts30k - #database: 10000; #queries: 7608 >: R@1: 34.2, R@5: 58.5, R@10: 68.8, R@20: 79.1
2022-01-02 22:05:00   Improved: previous best R@5 = 57.3, current R@5 = 58.5
2022-01-02 22:05:00   Start training epoch: 06
2022-01-02 22:36:23   Finished epoch 06 in 0:31:22, average epoch triplet loss = 0.0969
2022-01-02 22:41:10   Recalls on val set < BaseDataset, pitts30k - #database: 10000; #queries: 7608 >: R@1: 35.9, R@5: 58.3, R@10: 68.5, R@20: 78.4
2022-01-02 22:41:11   Not improved: 1 / 3: best R@5 = 58.5, current R@5 = 58.3
2022-01-02 22:41:11   Start training epoch: 07
2022-01-02 23:12:44   Finished epoch 07 in 0:31:33, average epoch triplet loss = 0.0959
2022-01-02 23:17:33   Recalls on val set < BaseDataset, pitts30k - #database: 10000; #queries: 7608 >: R@1: 38.6, R@5: 60.0, R@10: 69.6, R@20: 78.3
2022-01-02 23:17:33   Improved: previous best R@5 = 58.5, current R@5 = 60.0
2022-01-02 23:17:33   Start training epoch: 08
2022-01-02 23:48:59   Finished epoch 08 in 0:31:25, average epoch triplet loss = 0.0960
2022-01-02 23:53:50   Recalls on val set < BaseDataset, pitts30k - #database: 10000; #queries: 7608 >: R@1: 38.1, R@5: 59.5, R@10: 69.3, R@20: 78.1
2022-01-02 23:53:50   Not improved: 1 / 3: best R@5 = 60.0, current R@5 = 59.5
2022-01-02 23:53:50   Start training epoch: 09
2022-01-03 00:25:45   Finished epoch 09 in 0:31:54, average epoch triplet loss = 0.0960
2022-01-03 00:31:04   Recalls on val set < BaseDataset, pitts30k - #database: 10000; #queries: 7608 >: R@1: 41.5, R@5: 61.9, R@10: 70.8, R@20: 79.3
2022-01-03 00:31:04   Improved: previous best R@5 = 60.0, current R@5 = 61.9
2022-01-03 00:31:04   Start training epoch: 10
2022-01-03 01:02:54   Finished epoch 10 in 0:31:50, average epoch triplet loss = 0.0933
2022-01-03 01:07:46   Recalls on val set < BaseDataset, pitts30k - #database: 10000; #queries: 7608 >: R@1: 38.9, R@5: 59.0, R@10: 68.0, R@20: 76.9
2022-01-03 01:07:46   Not improved: 1 / 3: best R@5 = 61.9, current R@5 = 59.0
2022-01-03 01:07:46   Start training epoch: 11
2022-01-03 01:39:13   Finished epoch 11 in 0:31:27, average epoch triplet loss = 0.0890
2022-01-03 01:43:58   Recalls on val set < BaseDataset, pitts30k - #database: 10000; #queries: 7608 >: R@1: 40.5, R@5: 60.9, R@10: 69.7, R@20: 78.4
2022-01-03 01:43:58   Not improved: 2 / 3: best R@5 = 61.9, current R@5 = 60.9
2022-01-03 01:43:58   Start training epoch: 12
2022-01-03 02:16:06   Finished epoch 12 in 0:32:08, average epoch triplet loss = 0.0819
2022-01-03 02:21:36   Recalls on val set < BaseDataset, pitts30k - #database: 10000; #queries: 7608 >: R@1: 50.7, R@5: 71.6, R@10: 79.2, R@20: 86.0
2022-01-03 02:21:36   Improved: previous best R@5 = 61.9, current R@5 = 71.6
2022-01-03 02:21:36   Start training epoch: 13
2022-01-03 02:54:37   Finished epoch 13 in 0:33:00, average epoch triplet loss = 0.0775
2022-01-03 03:00:15   Recalls on val set < BaseDataset, pitts30k - #database: 10000; #queries: 7608 >: R@1: 37.9, R@5: 60.0, R@10: 69.5, R@20: 78.8
2022-01-03 03:00:16   Not improved: 1 / 3: best R@5 = 71.6, current R@5 = 60.0
2022-01-03 03:00:16   Start training epoch: 14
2022-01-03 03:33:32   Finished epoch 14 in 0:33:16, average epoch triplet loss = 0.0742
2022-01-03 03:39:02   Recalls on val set < BaseDataset, pitts30k - #database: 10000; #queries: 7608 >: R@1: 50.8, R@5: 72.1, R@10: 79.4, R@20: 86.4
2022-01-03 03:39:02   Improved: previous best R@5 = 71.6, current R@5 = 72.1
2022-01-03 03:39:02   Start training epoch: 15
2022-01-03 11:33:35   Finished epoch 15 in 7:54:33, average epoch triplet loss = 0.0698
2022-01-03 11:39:36   Recalls on val set < BaseDataset, pitts30k - #database: 10000; #queries: 7608 >: R@1: 55.7, R@5: 76.4, R@10: 83.0, R@20: 88.8
2022-01-03 11:39:36   Improved: previous best R@5 = 72.1, current R@5 = 76.4
2022-01-03 11:39:36   Start training epoch: 16
2022-01-03 12:13:43   Finished epoch 16 in 0:34:07, average epoch triplet loss = 0.0642
2022-01-03 12:19:46   Recalls on val set < BaseDataset, pitts30k - #database: 10000; #queries: 7608 >: R@1: 56.5, R@5: 77.1, R@10: 84.0, R@20: 89.6
2022-01-03 12:19:47   Improved: previous best R@5 = 76.4, current R@5 = 77.1
2022-01-03 12:19:47   Start training epoch: 17
2022-01-03 12:53:00   Finished epoch 17 in 0:33:13, average epoch triplet loss = 0.0621
2022-01-03 12:58:30   Recalls on val set < BaseDataset, pitts30k - #database: 10000; #queries: 7608 >: R@1: 60.3, R@5: 79.6, R@10: 85.6, R@20: 90.6
2022-01-03 12:58:30   Improved: previous best R@5 = 77.1, current R@5 = 79.6
2022-01-03 12:58:30   Start training epoch: 18
2022-01-03 13:32:02   Finished epoch 18 in 0:33:31, average epoch triplet loss = 0.0605
2022-01-03 13:37:20   Recalls on val set < BaseDataset, pitts30k - #database: 10000; #queries: 7608 >: R@1: 62.9, R@5: 81.9, R@10: 86.7, R@20: 91.2
2022-01-03 13:37:20   Improved: previous best R@5 = 79.6, current R@5 = 81.9
2022-01-03 13:37:20   Start training epoch: 19
2022-01-03 14:11:05   Finished epoch 19 in 0:33:45, average epoch triplet loss = 0.0592
2022-01-03 14:16:37   Recalls on val set < BaseDataset, pitts30k - #database: 10000; #queries: 7608 >: R@1: 63.0, R@5: 81.3, R@10: 87.0, R@20: 91.4
2022-01-03 14:16:38   Not improved: 1 / 3: best R@5 = 81.9, current R@5 = 81.3
2022-01-03 14:16:38   Best R@5: 81.9
2022-01-03 14:16:38   Trained for 20 epochs, in total in 19:49:42
2022-01-03 14:22:32   Recalls on < BaseDataset, pitts30k - #database: 10000; #queries: 6816 >: R@1: 59.2, R@5: 78.6, R@10: 85.3, R@20: 90.2
