2022-01-14 13:15:46   Arguments: Namespace(augment_data=1, cache_refresh_rate=1000, datasets_folder='../data/', device='cuda', epochs_num=20, exp_name='./runs/augment', gem_power=None, infer_batch_size=16, lr=1e-06, margin=0.1, neg_samples_num=1000, negs_num_per_query=10, netvlad_clusters=64, num_workers=4, optimizer='Adam', output_folder='runs\\./runs/augment\\2022-01-14_13-15-46', patience=3, queries_per_epoch=3000, recall_values=[1, 5, 10, 20], seed=0, train_batch_size=2, train_positives_dist_threshold=10, val_positive_dist_threshold=25)
2022-01-14 13:15:46   The outputs are being saved in runs\./runs/augment\2022-01-14_13-15-46
2022-01-14 13:15:47   Using 1 GPUs and 8 CPUs
2022-01-14 13:15:47   There are 96 queries without any positives within the training set. They won't be considered as they're useless for training.
2022-01-14 13:15:47   Train query set: < TripletsDataset, pitts30k - #database: 10000; #queries: 7320 >
2022-01-14 13:15:48   Val set: < BaseDataset, pitts30k - #database: 10000; #queries: 7608 >
2022-01-14 13:15:48   Test set: < BaseDataset, pitts30k - #database: 10000; #queries: 6816 >
2022-01-14 13:15:50   Output dimension of the model is 16384
2022-01-14 13:15:50   Start training epoch: 00
2022-01-14 13:47:57   Finished epoch 00 in 0:32:07, average epoch triplet loss = 0.0906
2022-01-14 13:53:23   Recalls on val set < BaseDataset, pitts30k - #database: 10000; #queries: 7608 >: R@1: 18.1, R@5: 30.6, R@10: 38.5, R@20: 47.9
2022-01-14 13:53:24   Improved: previous best R@5 = 0.0, current R@5 = 30.6
2022-01-14 13:53:24   Start training epoch: 01
2022-01-14 14:24:50   Finished epoch 01 in 0:31:26, average epoch triplet loss = 0.0898
2022-01-14 14:30:09   Recalls on val set < BaseDataset, pitts30k - #database: 10000; #queries: 7608 >: R@1: 18.0, R@5: 30.2, R@10: 38.2, R@20: 47.4
2022-01-14 14:30:09   Not improved: 1 / 3: best R@5 = 30.6, current R@5 = 30.2
2022-01-14 14:30:09   Start training epoch: 02
2022-01-14 15:01:52   Finished epoch 02 in 0:31:42, average epoch triplet loss = 0.0894
2022-01-14 15:06:38   Recalls on val set < BaseDataset, pitts30k - #database: 10000; #queries: 7608 >: R@1: 18.7, R@5: 31.2, R@10: 39.2, R@20: 48.7
2022-01-14 15:06:39   Improved: previous best R@5 = 30.6, current R@5 = 31.2
2022-01-14 15:06:39   Start training epoch: 03
2022-01-14 15:38:28   Finished epoch 03 in 0:31:49, average epoch triplet loss = 0.0898
2022-01-14 15:43:34   Recalls on val set < BaseDataset, pitts30k - #database: 10000; #queries: 7608 >: R@1: 18.9, R@5: 31.7, R@10: 39.9, R@20: 49.3
2022-01-14 15:43:34   Improved: previous best R@5 = 31.2, current R@5 = 31.7
2022-01-14 15:43:34   Start training epoch: 04
2022-01-14 16:16:07   Finished epoch 04 in 0:32:32, average epoch triplet loss = 0.0885
2022-01-14 16:20:53   Recalls on val set < BaseDataset, pitts30k - #database: 10000; #queries: 7608 >: R@1: 18.9, R@5: 32.2, R@10: 40.6, R@20: 49.8
2022-01-14 16:20:53   Improved: previous best R@5 = 31.7, current R@5 = 32.2
2022-01-14 16:20:53   Start training epoch: 05
2022-01-14 16:52:14   Finished epoch 05 in 0:31:20, average epoch triplet loss = 0.0884
2022-01-14 16:56:53   Recalls on val set < BaseDataset, pitts30k - #database: 10000; #queries: 7608 >: R@1: 19.0, R@5: 32.0, R@10: 40.7, R@20: 49.9
2022-01-14 16:56:53   Not improved: 1 / 3: best R@5 = 32.2, current R@5 = 32.0
2022-01-14 16:56:53   Start training epoch: 06
2022-01-14 17:28:15   Finished epoch 06 in 0:31:22, average epoch triplet loss = 0.0884
2022-01-14 17:32:56   Recalls on val set < BaseDataset, pitts30k - #database: 10000; #queries: 7608 >: R@1: 19.0, R@5: 32.0, R@10: 40.2, R@20: 49.3
2022-01-14 17:32:56   Not improved: 2 / 3: best R@5 = 32.2, current R@5 = 32.0
2022-01-14 17:32:56   Start training epoch: 07
2022-01-14 18:04:18   Finished epoch 07 in 0:31:21, average epoch triplet loss = 0.0874
2022-01-14 18:08:59   Recalls on val set < BaseDataset, pitts30k - #database: 10000; #queries: 7608 >: R@1: 19.9, R@5: 33.1, R@10: 41.5, R@20: 50.6
2022-01-14 18:08:59   Improved: previous best R@5 = 32.2, current R@5 = 33.1
2022-01-14 18:08:59   Start training epoch: 08
2022-01-14 18:41:19   Finished epoch 08 in 0:32:19, average epoch triplet loss = 0.0860
2022-01-14 18:46:29   Recalls on val set < BaseDataset, pitts30k - #database: 10000; #queries: 7608 >: R@1: 19.7, R@5: 32.9, R@10: 41.3, R@20: 50.9
2022-01-14 18:46:29   Not improved: 1 / 3: best R@5 = 33.1, current R@5 = 32.9
2022-01-14 18:46:29   Start training epoch: 09
2022-01-14 19:17:59   Finished epoch 09 in 0:31:29, average epoch triplet loss = 0.0868
2022-01-14 19:22:38   Recalls on val set < BaseDataset, pitts30k - #database: 10000; #queries: 7608 >: R@1: 20.2, R@5: 33.6, R@10: 42.2, R@20: 51.2
2022-01-14 19:22:38   Improved: previous best R@5 = 33.1, current R@5 = 33.6
2022-01-14 19:22:38   Start training epoch: 10
2022-01-14 19:53:55   Finished epoch 10 in 0:31:16, average epoch triplet loss = 0.0852
2022-01-14 19:58:35   Recalls on val set < BaseDataset, pitts30k - #database: 10000; #queries: 7608 >: R@1: 19.8, R@5: 32.7, R@10: 41.5, R@20: 50.9
2022-01-14 19:58:35   Not improved: 1 / 3: best R@5 = 33.6, current R@5 = 32.7
2022-01-14 19:58:35   Start training epoch: 11
2022-01-14 20:29:44   Finished epoch 11 in 0:31:09, average epoch triplet loss = 0.0843
2022-01-14 20:34:22   Recalls on val set < BaseDataset, pitts30k - #database: 10000; #queries: 7608 >: R@1: 19.4, R@5: 32.7, R@10: 41.4, R@20: 50.9
2022-01-14 20:34:23   Not improved: 2 / 3: best R@5 = 33.6, current R@5 = 32.7
2022-01-14 20:34:23   Start training epoch: 12
2022-01-14 21:05:34   Finished epoch 12 in 0:31:11, average epoch triplet loss = 0.0827
2022-01-14 21:10:14   Recalls on val set < BaseDataset, pitts30k - #database: 10000; #queries: 7608 >: R@1: 20.1, R@5: 33.8, R@10: 42.4, R@20: 51.9
2022-01-14 21:10:14   Improved: previous best R@5 = 33.6, current R@5 = 33.8
2022-01-14 21:10:14   Start training epoch: 13
2022-01-14 21:41:26   Finished epoch 13 in 0:31:11, average epoch triplet loss = 0.0826
2022-01-14 21:46:32   Recalls on val set < BaseDataset, pitts30k - #database: 10000; #queries: 7608 >: R@1: 20.1, R@5: 33.7, R@10: 42.2, R@20: 51.9
2022-01-14 21:46:32   Not improved: 1 / 3: best R@5 = 33.8, current R@5 = 33.7
2022-01-14 21:46:32   Start training epoch: 14
2022-01-14 22:18:54   Finished epoch 14 in 0:32:21, average epoch triplet loss = 0.0821
2022-01-14 22:24:02   Recalls on val set < BaseDataset, pitts30k - #database: 10000; #queries: 7608 >: R@1: 20.4, R@5: 34.1, R@10: 42.7, R@20: 51.7
2022-01-14 22:24:02   Improved: previous best R@5 = 33.8, current R@5 = 34.1
2022-01-14 22:24:02   Start training epoch: 15
2022-01-14 22:56:01   Finished epoch 15 in 0:31:59, average epoch triplet loss = 0.0817
2022-01-14 23:00:48   Recalls on val set < BaseDataset, pitts30k - #database: 10000; #queries: 7608 >: R@1: 21.0, R@5: 35.1, R@10: 43.4, R@20: 52.5
2022-01-14 23:00:48   Improved: previous best R@5 = 34.1, current R@5 = 35.1
2022-01-14 23:00:48   Start training epoch: 16
2022-01-14 23:32:02   Finished epoch 16 in 0:31:14, average epoch triplet loss = 0.0808
2022-01-14 23:36:41   Recalls on val set < BaseDataset, pitts30k - #database: 10000; #queries: 7608 >: R@1: 21.4, R@5: 35.8, R@10: 44.0, R@20: 53.3
2022-01-14 23:36:41   Improved: previous best R@5 = 35.1, current R@5 = 35.8
2022-01-14 23:36:41   Start training epoch: 17
2022-01-15 00:07:55   Finished epoch 17 in 0:31:13, average epoch triplet loss = 0.0800
2022-01-15 00:12:35   Recalls on val set < BaseDataset, pitts30k - #database: 10000; #queries: 7608 >: R@1: 21.5, R@5: 35.7, R@10: 43.9, R@20: 53.4
2022-01-15 00:12:35   Not improved: 1 / 3: best R@5 = 35.8, current R@5 = 35.7
2022-01-15 00:12:35   Start training epoch: 18
2022-01-15 00:43:58   Finished epoch 18 in 0:31:23, average epoch triplet loss = 0.0787
2022-01-15 00:48:38   Recalls on val set < BaseDataset, pitts30k - #database: 10000; #queries: 7608 >: R@1: 21.7, R@5: 35.9, R@10: 44.3, R@20: 53.6
2022-01-15 00:48:38   Improved: previous best R@5 = 35.8, current R@5 = 35.9
2022-01-15 00:48:38   Start training epoch: 19
2022-01-15 01:20:00   Finished epoch 19 in 0:31:21, average epoch triplet loss = 0.0791
2022-01-15 01:24:37   Recalls on val set < BaseDataset, pitts30k - #database: 10000; #queries: 7608 >: R@1: 21.6, R@5: 35.8, R@10: 44.1, R@20: 53.5
2022-01-15 01:24:37   Not improved: 1 / 3: best R@5 = 35.9, current R@5 = 35.8
2022-01-15 01:24:37   Best R@5: 35.9
2022-01-15 01:24:37   Trained for 20 epochs, in total in 12:08:51
2022-01-15 01:29:52   Recalls on < BaseDataset, pitts30k - #database: 10000; #queries: 6816 >: R@1: 20.3, R@5: 34.8, R@10: 43.0, R@20: 53.5
