2021-12-26 21:14:18   Arguments: Namespace(cache_refresh_rate=1000, datasets_folder='../data/', device='cuda', epochs_num=10, exp_name='default', infer_batch_size=16, lr=1e-05, margin=0.1, neg_samples_num=1000, negs_num_per_query=5, num_workers=8, output_folder='runs/default/2021-12-26_21-14-18', patience=3, queries_per_epoch=3000, recall_values=[1, 5, 10, 20], seed=0, train_batch_size=4, train_positives_dist_threshold=10, val_positive_dist_threshold=25)
2021-12-26 21:14:18   The outputs are being saved in runs/default/2021-12-26_21-14-18
2021-12-26 21:14:18   Using 1 GPUs and 8 CPUs
2021-12-26 21:14:18   Loading dataset Pitts30k from folder ../data/
2021-12-26 21:14:18   There are 96 queries without any positives within the training set. They won't be considered as they're useless for training.
2021-12-26 21:14:18   Train query set: < TripletsDataset, pitts30k - #database: 10000; #queries: 7320 >
2021-12-26 21:14:18   Val set: < BaseDataset, pitts30k - #database: 10000; #queries: 7608 >
2021-12-26 21:14:18   Test set: < BaseDataset, pitts30k - #database: 10000; #queries: 6816 >
2021-12-26 21:14:19   Train only conv4 of the ResNet-18 (remove conv5), freeze the previous ones
2021-12-26 21:14:20   Output dimension of the model is 2048
2021-12-26 21:14:20   Start training epoch: 00
2021-12-26 21:14:20   Cache: 0 / 3
2021-12-26 21:22:15   Epoch[00](0/3): current batch triplet loss = 0.0963, average epoch triplet loss = 0.0978
2021-12-26 21:22:15   Cache: 1 / 3
2021-12-26 21:28:20   Epoch[00](1/3): current batch triplet loss = 0.1022, average epoch triplet loss = 0.0978
2021-12-26 21:28:20   Cache: 2 / 3
2021-12-26 21:34:26   Epoch[00](2/3): current batch triplet loss = 0.0981, average epoch triplet loss = 0.0976
2021-12-26 21:34:26   Finished epoch 00 in 0:20:05, average epoch triplet loss = 0.0976
2021-12-26 21:34:26   Extracting database features for evaluation/testing
2021-12-26 21:37:07   Extracting queries features for evaluation/testing
2021-12-26 21:39:11   Calculating recalls
2021-12-26 21:39:13   Recalls on val set < BaseDataset, pitts30k - #database: 10000; #queries: 7608 >: R@1: 54.1, R@5: 75.1, R@10: 81.9, R@20: 87.6
2021-12-26 21:39:14   Improved: previous best R@5 = 0.0, current R@5 = 75.1
2021-12-26 21:39:14   Start training epoch: 01
2021-12-26 21:39:14   Cache: 0 / 3
2021-12-26 21:46:46   Epoch[01](0/3): current batch triplet loss = 0.0984, average epoch triplet loss = 0.0968
2021-12-26 21:46:46   Cache: 1 / 3
2021-12-26 21:53:29   Epoch[01](1/3): current batch triplet loss = 0.0973, average epoch triplet loss = 0.0967
2021-12-26 21:53:29   Cache: 2 / 3
2021-12-26 21:59:34   Epoch[01](2/3): current batch triplet loss = 0.0991, average epoch triplet loss = 0.0967
2021-12-26 21:59:34   Finished epoch 01 in 0:20:20, average epoch triplet loss = 0.0967
2021-12-26 21:59:34   Extracting database features for evaluation/testing
2021-12-26 22:02:15   Extracting queries features for evaluation/testing
2021-12-26 22:04:19   Calculating recalls
2021-12-26 22:04:21   Recalls on val set < BaseDataset, pitts30k - #database: 10000; #queries: 7608 >: R@1: 60.8, R@5: 80.9, R@10: 86.4, R@20: 91.0
2021-12-26 22:04:22   Improved: previous best R@5 = 75.1, current R@5 = 80.9
2021-12-26 22:04:22   Start training epoch: 02
2021-12-26 22:04:22   Cache: 0 / 3
2021-12-26 22:10:29   Epoch[02](0/3): current batch triplet loss = 0.0968, average epoch triplet loss = 0.0964
2021-12-26 22:10:29   Cache: 1 / 3
2021-12-26 22:16:35   Epoch[02](1/3): current batch triplet loss = 0.0975, average epoch triplet loss = 0.0962
2021-12-26 22:16:35   Cache: 2 / 3
2021-12-26 22:22:41   Epoch[02](2/3): current batch triplet loss = 0.0929, average epoch triplet loss = 0.0962
2021-12-26 22:22:41   Finished epoch 02 in 0:18:19, average epoch triplet loss = 0.0962
2021-12-26 22:22:41   Extracting database features for evaluation/testing
2021-12-26 22:25:23   Extracting queries features for evaluation/testing
2021-12-26 22:27:25   Calculating recalls
2021-12-26 22:27:27   Recalls on val set < BaseDataset, pitts30k - #database: 10000; #queries: 7608 >: R@1: 67.1, R@5: 83.9, R@10: 88.4, R@20: 92.1
2021-12-26 22:27:28   Improved: previous best R@5 = 80.9, current R@5 = 83.9
2021-12-26 22:27:28   Start training epoch: 03
2021-12-26 22:27:28   Cache: 0 / 3
2021-12-26 22:33:35   Epoch[03](0/3): current batch triplet loss = 0.0975, average epoch triplet loss = 0.0960
2021-12-26 22:33:35   Cache: 1 / 3
2021-12-26 22:39:40   Epoch[03](1/3): current batch triplet loss = 0.0971, average epoch triplet loss = 0.0959
2021-12-26 22:39:40   Cache: 2 / 3
2021-12-26 22:45:45   Epoch[03](2/3): current batch triplet loss = 0.0936, average epoch triplet loss = 0.0958
2021-12-26 22:45:45   Finished epoch 03 in 0:18:17, average epoch triplet loss = 0.0958
2021-12-26 22:45:45   Extracting database features for evaluation/testing
2021-12-26 22:48:26   Extracting queries features for evaluation/testing
2021-12-26 22:50:28   Calculating recalls
2021-12-26 22:50:30   Recalls on val set < BaseDataset, pitts30k - #database: 10000; #queries: 7608 >: R@1: 69.7, R@5: 85.1, R@10: 89.2, R@20: 92.4
2021-12-26 22:50:31   Improved: previous best R@5 = 83.9, current R@5 = 85.1
2021-12-26 22:50:31   Start training epoch: 04
2021-12-26 22:50:31   Cache: 0 / 3
2021-12-26 22:56:36   Epoch[04](0/3): current batch triplet loss = 0.0871, average epoch triplet loss = 0.0954
2021-12-26 22:56:36   Cache: 1 / 3
2021-12-26 23:02:42   Epoch[04](1/3): current batch triplet loss = 0.0939, average epoch triplet loss = 0.0952
2021-12-26 23:02:42   Cache: 2 / 3
2021-12-26 23:08:48   Epoch[04](2/3): current batch triplet loss = 0.0957, average epoch triplet loss = 0.0953
2021-12-26 23:08:48   Finished epoch 04 in 0:18:17, average epoch triplet loss = 0.0953
2021-12-26 23:08:48   Extracting database features for evaluation/testing
2021-12-26 23:11:29   Extracting queries features for evaluation/testing
2021-12-26 23:13:31   Calculating recalls
2021-12-26 23:13:33   Recalls on val set < BaseDataset, pitts30k - #database: 10000; #queries: 7608 >: R@1: 70.6, R@5: 85.1, R@10: 89.4, R@20: 92.8
2021-12-26 23:13:34   Not improved: 1 / 3: best R@5 = 85.1, current R@5 = 85.1
2021-12-26 23:13:34   Start training epoch: 05
2021-12-26 23:13:34   Cache: 0 / 3
2021-12-26 23:19:40   Epoch[05](0/3): current batch triplet loss = 0.0940, average epoch triplet loss = 0.0947
2021-12-26 23:19:40   Cache: 1 / 3
2021-12-26 23:25:48   Epoch[05](1/3): current batch triplet loss = 0.0951, average epoch triplet loss = 0.0949
2021-12-26 23:25:48   Cache: 2 / 3
2021-12-26 23:31:55   Epoch[05](2/3): current batch triplet loss = 0.0949, average epoch triplet loss = 0.0950
2021-12-26 23:31:55   Finished epoch 05 in 0:18:21, average epoch triplet loss = 0.0950
2021-12-26 23:31:55   Extracting database features for evaluation/testing
2021-12-26 23:34:36   Extracting queries features for evaluation/testing
2021-12-26 23:36:38   Calculating recalls
2021-12-26 23:36:41   Recalls on val set < BaseDataset, pitts30k - #database: 10000; #queries: 7608 >: R@1: 70.6, R@5: 85.0, R@10: 89.2, R@20: 92.7
2021-12-26 23:36:41   Not improved: 2 / 3: best R@5 = 85.1, current R@5 = 85.0
2021-12-26 23:36:41   Start training epoch: 06
2021-12-26 23:36:41   Cache: 0 / 3
2021-12-26 23:42:48   Epoch[06](0/3): current batch triplet loss = 0.0985, average epoch triplet loss = 0.0948
2021-12-26 23:42:48   Cache: 1 / 3
2021-12-26 23:48:54   Epoch[06](1/3): current batch triplet loss = 0.0976, average epoch triplet loss = 0.0949
2021-12-26 23:48:54   Cache: 2 / 3
2021-12-26 23:55:00   Epoch[06](2/3): current batch triplet loss = 0.0914, average epoch triplet loss = 0.0949
2021-12-26 23:55:00   Finished epoch 06 in 0:18:18, average epoch triplet loss = 0.0949
2021-12-26 23:55:00   Extracting database features for evaluation/testing
2021-12-26 23:57:40   Extracting queries features for evaluation/testing
2021-12-26 23:59:42   Calculating recalls
2021-12-26 23:59:44   Recalls on val set < BaseDataset, pitts30k - #database: 10000; #queries: 7608 >: R@1: 69.9, R@5: 84.7, R@10: 89.0, R@20: 92.2
2021-12-26 23:59:44   Not improved: 3 / 3: best R@5 = 85.1, current R@5 = 84.7
2021-12-26 23:59:44   Performance did not improve for 3 epochs. Stop training.
2021-12-26 23:59:44   Best R@5: 85.1
2021-12-26 23:59:44   Trained for 07 epochs, in total in 2:45:26
2021-12-26 23:59:45   Extracting database features for evaluation/testing
2021-12-27 00:02:28   Extracting queries features for evaluation/testing
2021-12-27 00:04:28   Calculating recalls
2021-12-27 00:04:30   Recalls on < BaseDataset, pitts30k - #database: 10000; #queries: 6816 >: R@1: 69.2, R@5: 84.8, R@10: 89.6, R@20: 93.2
