2022-01-03 19:10:45   Arguments: Namespace(cache_refresh_rate=1000, datasets_folder='../data/', device='cuda', epochs_num=20, exp_name='./runs/NetVlad_abl', gem_power=None, infer_batch_size=16, lr=1e-05, margin=0.1, neg_samples_num=1000, negs_num_per_query=10, netvlad_clusters=32, num_workers=4, output_folder='runs/./runs/NetVlad_abl/2022-01-03_19-10-45', patience=3, queries_per_epoch=3000, recall_values=[1, 5, 10, 20], seed=0, train_batch_size=2, train_positives_dist_threshold=10, val_positive_dist_threshold=25)
2022-01-03 19:10:45   The outputs are being saved in runs/./runs/NetVlad_abl/2022-01-03_19-10-45
2022-01-03 19:10:45   Using 1 GPUs and 8 CPUs
2022-01-03 19:10:45   Loading dataset Pitts30k from folder ../data/
2022-01-03 19:10:45   There are 96 queries without any positives within the training set. They won't be considered as they're useless for training.
2022-01-03 19:10:45   Train query set: < TripletsDataset, pitts30k - #database: 10000; #queries: 7320 >
2022-01-03 19:10:45   Val set: < BaseDataset, pitts30k - #database: 10000; #queries: 7608 >
2022-01-03 19:10:45   Test set: < BaseDataset, pitts30k - #database: 10000; #queries: 6816 >
2022-01-03 19:10:45   Train only conv4 of the ResNet-18 (remove conv5), freeze the previous ones
2022-01-03 19:10:47   Output dimension of the model is 8192
2022-01-03 19:10:47   Start training epoch: 00
2022-01-03 19:10:47   Cache: 0 / 3
2022-01-03 19:21:08   Epoch[00](0/3): current batch triplet loss = 0.0950, average epoch triplet loss = 0.0986
2022-01-03 19:21:08   Cache: 1 / 3
2022-01-03 19:31:30   Epoch[00](1/3): current batch triplet loss = 0.1012, average epoch triplet loss = 0.0988
2022-01-03 19:31:30   Cache: 2 / 3
2022-01-03 19:41:51   Epoch[00](2/3): current batch triplet loss = 0.0995, average epoch triplet loss = 0.0990
2022-01-03 19:41:51   Finished epoch 00 in 0:31:03, average epoch triplet loss = 0.0990
2022-01-03 19:41:51   Extracting database features for evaluation/testing
2022-01-03 19:44:52   Extracting queries features for evaluation/testing
2022-01-03 19:47:10   Calculating recalls
2022-01-03 19:47:16   Recalls on val set < BaseDataset, pitts30k - #database: 10000; #queries: 7608 >: R@1: 20.9, R@5: 41.1, R@10: 52.8, R@20: 65.6
2022-01-03 19:47:16   Improved: previous best R@5 = 0.0, current R@5 = 41.1
2022-01-03 19:47:16   Start training epoch: 01
2022-01-03 19:47:16   Cache: 0 / 3
2022-01-03 19:57:37   Epoch[01](0/3): current batch triplet loss = 0.1009, average epoch triplet loss = 0.0986
2022-01-03 19:57:37   Cache: 1 / 3
2022-01-03 20:07:58   Epoch[01](1/3): current batch triplet loss = 0.0996, average epoch triplet loss = 0.0985
2022-01-03 20:07:58   Cache: 2 / 3
2022-01-03 20:18:19   Epoch[01](2/3): current batch triplet loss = 0.0952, average epoch triplet loss = 0.0985
2022-01-03 20:18:19   Finished epoch 01 in 0:31:03, average epoch triplet loss = 0.0985
2022-01-03 20:18:19   Extracting database features for evaluation/testing
2022-01-03 20:21:20   Extracting queries features for evaluation/testing
2022-01-03 20:23:38   Calculating recalls
2022-01-03 20:23:44   Recalls on val set < BaseDataset, pitts30k - #database: 10000; #queries: 7608 >: R@1: 22.0, R@5: 41.1, R@10: 52.9, R@20: 65.6
2022-01-03 20:23:44   Improved: previous best R@5 = 41.1, current R@5 = 41.1
2022-01-03 20:23:44   Start training epoch: 02
2022-01-03 20:23:44   Cache: 0 / 3
2022-01-03 20:34:05   Epoch[02](0/3): current batch triplet loss = 0.1006, average epoch triplet loss = 0.0985
2022-01-03 20:34:05   Cache: 1 / 3
2022-01-03 20:44:27   Epoch[02](1/3): current batch triplet loss = 0.1011, average epoch triplet loss = 0.0984
2022-01-03 20:44:27   Cache: 2 / 3
2022-01-03 20:54:49   Epoch[02](2/3): current batch triplet loss = 0.1001, average epoch triplet loss = 0.0984
2022-01-03 20:54:49   Finished epoch 02 in 0:31:04, average epoch triplet loss = 0.0984
2022-01-03 20:54:49   Extracting database features for evaluation/testing
2022-01-03 20:57:50   Extracting queries features for evaluation/testing
2022-01-03 21:00:08   Calculating recalls
2022-01-03 21:00:13   Recalls on val set < BaseDataset, pitts30k - #database: 10000; #queries: 7608 >: R@1: 25.3, R@5: 45.1, R@10: 56.4, R@20: 68.3
2022-01-03 21:00:14   Improved: previous best R@5 = 41.1, current R@5 = 45.1
2022-01-03 21:00:14   Start training epoch: 03
2022-01-03 21:00:14   Cache: 0 / 3
2022-01-03 21:10:34   Epoch[03](0/3): current batch triplet loss = 0.1000, average epoch triplet loss = 0.0985
2022-01-03 21:10:34   Cache: 1 / 3
2022-01-03 21:20:55   Epoch[03](1/3): current batch triplet loss = 0.0981, average epoch triplet loss = 0.0984
2022-01-03 21:20:55   Cache: 2 / 3
2022-01-03 21:31:15   Epoch[03](2/3): current batch triplet loss = 0.1005, average epoch triplet loss = 0.0984
2022-01-03 21:31:15   Finished epoch 03 in 0:31:01, average epoch triplet loss = 0.0984
2022-01-03 21:31:15   Extracting database features for evaluation/testing
2022-01-03 21:34:16   Extracting queries features for evaluation/testing
2022-01-03 21:36:34   Calculating recalls
2022-01-03 21:36:39   Recalls on val set < BaseDataset, pitts30k - #database: 10000; #queries: 7608 >: R@1: 30.7, R@5: 52.9, R@10: 63.3, R@20: 73.3
2022-01-03 21:36:40   Improved: previous best R@5 = 45.1, current R@5 = 52.9
2022-01-03 21:36:40   Start training epoch: 04
2022-01-03 21:36:40   Cache: 0 / 3
2022-01-03 21:47:01   Epoch[04](0/3): current batch triplet loss = 0.0887, average epoch triplet loss = 0.0980
2022-01-03 21:47:01   Cache: 1 / 3
2022-01-03 21:57:22   Epoch[04](1/3): current batch triplet loss = 0.0917, average epoch triplet loss = 0.0979
2022-01-03 21:57:22   Cache: 2 / 3
2022-01-03 22:07:44   Epoch[04](2/3): current batch triplet loss = 0.0979, average epoch triplet loss = 0.0979
2022-01-03 22:07:44   Finished epoch 04 in 0:31:04, average epoch triplet loss = 0.0979
2022-01-03 22:07:44   Extracting database features for evaluation/testing
2022-01-03 22:10:45   Extracting queries features for evaluation/testing
2022-01-03 22:13:03   Calculating recalls
2022-01-03 22:13:08   Recalls on val set < BaseDataset, pitts30k - #database: 10000; #queries: 7608 >: R@1: 34.3, R@5: 55.8, R@10: 65.9, R@20: 75.9
2022-01-03 22:13:09   Improved: previous best R@5 = 52.9, current R@5 = 55.8
2022-01-03 22:13:09   Start training epoch: 05
2022-01-03 22:13:09   Cache: 0 / 3
2022-01-03 22:23:30   Epoch[05](0/3): current batch triplet loss = 0.0986, average epoch triplet loss = 0.0978
2022-01-03 22:23:30   Cache: 1 / 3
2022-01-03 22:33:51   Epoch[05](1/3): current batch triplet loss = 0.0979, average epoch triplet loss = 0.0978
2022-01-03 22:33:51   Cache: 2 / 3
2022-01-03 22:44:12   Epoch[05](2/3): current batch triplet loss = 0.0927, average epoch triplet loss = 0.0978
2022-01-03 22:44:12   Finished epoch 05 in 0:31:03, average epoch triplet loss = 0.0978
2022-01-03 22:44:12   Extracting database features for evaluation/testing
2022-01-03 22:47:14   Extracting queries features for evaluation/testing
2022-01-03 22:49:32   Calculating recalls
2022-01-03 22:49:37   Recalls on val set < BaseDataset, pitts30k - #database: 10000; #queries: 7608 >: R@1: 40.8, R@5: 62.4, R@10: 71.5, R@20: 80.0
2022-01-03 22:49:38   Improved: previous best R@5 = 55.8, current R@5 = 62.4
2022-01-03 22:49:38   Start training epoch: 06
2022-01-03 22:49:38   Cache: 0 / 3
2022-01-03 22:59:58   Epoch[06](0/3): current batch triplet loss = 0.0987, average epoch triplet loss = 0.0976
2022-01-03 22:59:58   Cache: 1 / 3
2022-01-03 23:10:20   Epoch[06](1/3): current batch triplet loss = 0.0986, average epoch triplet loss = 0.0976
2022-01-03 23:10:20   Cache: 2 / 3
2022-01-03 23:20:41   Epoch[06](2/3): current batch triplet loss = 0.0964, average epoch triplet loss = 0.0976
2022-01-03 23:20:41   Finished epoch 06 in 0:31:03, average epoch triplet loss = 0.0976
2022-01-03 23:20:41   Extracting database features for evaluation/testing
2022-01-03 23:23:42   Extracting queries features for evaluation/testing
2022-01-03 23:26:00   Calculating recalls
2022-01-03 23:26:05   Recalls on val set < BaseDataset, pitts30k - #database: 10000; #queries: 7608 >: R@1: 46.5, R@5: 67.5, R@10: 76.2, R@20: 83.6
2022-01-03 23:26:05   Improved: previous best R@5 = 62.4, current R@5 = 67.5
2022-01-03 23:26:05   Start training epoch: 07
2022-01-03 23:26:05   Cache: 0 / 3
2022-01-03 23:36:27   Epoch[07](0/3): current batch triplet loss = 0.0997, average epoch triplet loss = 0.0973
2022-01-03 23:36:27   Cache: 1 / 3
2022-01-03 23:46:48   Epoch[07](1/3): current batch triplet loss = 0.0995, average epoch triplet loss = 0.0972
2022-01-03 23:46:48   Cache: 2 / 3
2022-01-03 23:57:09   Epoch[07](2/3): current batch triplet loss = 0.0949, average epoch triplet loss = 0.0972
2022-01-03 23:57:09   Finished epoch 07 in 0:31:04, average epoch triplet loss = 0.0972
2022-01-03 23:57:09   Extracting database features for evaluation/testing
2022-01-04 00:00:11   Extracting queries features for evaluation/testing
2022-01-04 00:02:29   Calculating recalls
2022-01-04 00:02:34   Recalls on val set < BaseDataset, pitts30k - #database: 10000; #queries: 7608 >: R@1: 49.8, R@5: 71.3, R@10: 79.2, R@20: 85.6
2022-01-04 00:02:35   Improved: previous best R@5 = 67.5, current R@5 = 71.3
2022-01-04 00:02:35   Start training epoch: 08
2022-01-04 00:02:35   Cache: 0 / 3
2022-01-04 00:12:56   Epoch[08](0/3): current batch triplet loss = 0.0995, average epoch triplet loss = 0.0971
2022-01-04 00:12:56   Cache: 1 / 3
2022-01-04 00:23:18   Epoch[08](1/3): current batch triplet loss = 0.0965, average epoch triplet loss = 0.0970
2022-01-04 00:23:18   Cache: 2 / 3
2022-01-04 00:33:39   Epoch[08](2/3): current batch triplet loss = 0.0925, average epoch triplet loss = 0.0969
2022-01-04 00:33:39   Finished epoch 08 in 0:31:04, average epoch triplet loss = 0.0969
2022-01-04 00:33:39   Extracting database features for evaluation/testing
2022-01-04 00:36:41   Extracting queries features for evaluation/testing
2022-01-04 00:38:59   Calculating recalls
2022-01-04 00:39:04   Recalls on val set < BaseDataset, pitts30k - #database: 10000; #queries: 7608 >: R@1: 51.1, R@5: 72.8, R@10: 79.9, R@20: 86.0
2022-01-04 00:39:05   Improved: previous best R@5 = 71.3, current R@5 = 72.8
2022-01-04 00:39:05   Start training epoch: 09
2022-01-04 00:39:05   Cache: 0 / 3
2022-01-04 00:49:26   Epoch[09](0/3): current batch triplet loss = 0.0949, average epoch triplet loss = 0.0967
2022-01-04 00:49:26   Cache: 1 / 3
2022-01-04 00:59:48   Epoch[09](1/3): current batch triplet loss = 0.0915, average epoch triplet loss = 0.0967
2022-01-04 00:59:48   Cache: 2 / 3
2022-01-04 01:10:10   Epoch[09](2/3): current batch triplet loss = 0.0978, average epoch triplet loss = 0.0967
2022-01-04 01:10:10   Finished epoch 09 in 0:31:05, average epoch triplet loss = 0.0967
2022-01-04 01:10:10   Extracting database features for evaluation/testing
2022-01-04 01:13:11   Extracting queries features for evaluation/testing
2022-01-04 01:15:29   Calculating recalls
2022-01-04 01:15:34   Recalls on val set < BaseDataset, pitts30k - #database: 10000; #queries: 7608 >: R@1: 55.6, R@5: 75.9, R@10: 83.0, R@20: 88.7
2022-01-04 01:15:34   Improved: previous best R@5 = 72.8, current R@5 = 75.9
2022-01-04 01:15:34   Start training epoch: 10
2022-01-04 01:15:34   Cache: 0 / 3
2022-01-04 01:25:57   Epoch[10](0/3): current batch triplet loss = 0.0953, average epoch triplet loss = 0.0962
2022-01-04 01:25:57   Cache: 1 / 3
2022-01-04 01:36:18   Epoch[10](1/3): current batch triplet loss = 0.0976, average epoch triplet loss = 0.0964
2022-01-04 01:36:18   Cache: 2 / 3
2022-01-04 01:46:40   Epoch[10](2/3): current batch triplet loss = 0.0892, average epoch triplet loss = 0.0963
2022-01-04 01:46:40   Finished epoch 10 in 0:31:05, average epoch triplet loss = 0.0963
2022-01-04 01:46:40   Extracting database features for evaluation/testing
2022-01-04 01:49:42   Extracting queries features for evaluation/testing
2022-01-04 01:52:00   Calculating recalls
2022-01-04 01:52:05   Recalls on val set < BaseDataset, pitts30k - #database: 10000; #queries: 7608 >: R@1: 56.0, R@5: 76.4, R@10: 83.3, R@20: 88.5
2022-01-04 01:52:05   Improved: previous best R@5 = 75.9, current R@5 = 76.4
2022-01-04 01:52:05   Start training epoch: 11
2022-01-04 01:52:05   Cache: 0 / 3
2022-01-04 02:02:27   Epoch[11](0/3): current batch triplet loss = 0.1001, average epoch triplet loss = 0.0957
2022-01-04 02:02:27   Cache: 1 / 3
2022-01-04 02:12:49   Epoch[11](1/3): current batch triplet loss = 0.0957, average epoch triplet loss = 0.0960
2022-01-04 02:12:49   Cache: 2 / 3
2022-01-04 02:23:11   Epoch[11](2/3): current batch triplet loss = 0.0957, average epoch triplet loss = 0.0963
2022-01-04 02:23:11   Finished epoch 11 in 0:31:06, average epoch triplet loss = 0.0963
2022-01-04 02:23:11   Extracting database features for evaluation/testing
2022-01-04 02:26:13   Extracting queries features for evaluation/testing
2022-01-04 02:28:31   Calculating recalls
2022-01-04 02:28:36   Recalls on val set < BaseDataset, pitts30k - #database: 10000; #queries: 7608 >: R@1: 55.1, R@5: 74.9, R@10: 82.1, R@20: 87.7
2022-01-04 02:28:36   Not improved: 1 / 3: best R@5 = 76.4, current R@5 = 74.9
2022-01-04 02:28:36   Start training epoch: 12
2022-01-04 02:28:36   Cache: 0 / 3
2022-01-04 02:38:58   Epoch[12](0/3): current batch triplet loss = 0.0976, average epoch triplet loss = 0.0963
2022-01-04 02:38:58   Cache: 1 / 3
2022-01-04 02:49:20   Epoch[12](1/3): current batch triplet loss = 0.0808, average epoch triplet loss = 0.0965
2022-01-04 02:49:20   Cache: 2 / 3
2022-01-04 02:59:42   Epoch[12](2/3): current batch triplet loss = 0.0964, average epoch triplet loss = 0.0965
2022-01-04 02:59:42   Finished epoch 12 in 0:31:05, average epoch triplet loss = 0.0965
2022-01-04 02:59:42   Extracting database features for evaluation/testing
2022-01-04 03:02:43   Extracting queries features for evaluation/testing
2022-01-04 03:05:02   Calculating recalls
2022-01-04 03:05:07   Recalls on val set < BaseDataset, pitts30k - #database: 10000; #queries: 7608 >: R@1: 57.2, R@5: 76.8, R@10: 83.8, R@20: 89.3
2022-01-04 03:05:07   Improved: previous best R@5 = 76.4, current R@5 = 76.8
2022-01-04 03:05:07   Start training epoch: 13
2022-01-04 03:05:07   Cache: 0 / 3
2022-01-04 03:15:29   Epoch[13](0/3): current batch triplet loss = 0.0945, average epoch triplet loss = 0.0961
2022-01-04 03:15:29   Cache: 1 / 3
2022-01-04 03:25:51   Epoch[13](1/3): current batch triplet loss = 0.0995, average epoch triplet loss = 0.0963
2022-01-04 03:25:51   Cache: 2 / 3
2022-01-04 03:36:13   Epoch[13](2/3): current batch triplet loss = 0.0978, average epoch triplet loss = 0.0962
2022-01-04 03:36:13   Finished epoch 13 in 0:31:06, average epoch triplet loss = 0.0962
2022-01-04 03:36:13   Extracting database features for evaluation/testing
2022-01-04 03:39:14   Extracting queries features for evaluation/testing
2022-01-04 03:41:33   Calculating recalls
2022-01-04 03:41:38   Recalls on val set < BaseDataset, pitts30k - #database: 10000; #queries: 7608 >: R@1: 55.3, R@5: 75.3, R@10: 82.4, R@20: 88.4
2022-01-04 03:41:38   Not improved: 1 / 3: best R@5 = 76.8, current R@5 = 75.3
2022-01-04 03:41:38   Start training epoch: 14
2022-01-04 03:41:38   Cache: 0 / 3
2022-01-04 03:52:00   Epoch[14](0/3): current batch triplet loss = 0.0975, average epoch triplet loss = 0.0964
2022-01-04 03:52:00   Cache: 1 / 3
2022-01-04 04:02:22   Epoch[14](1/3): current batch triplet loss = 0.1000, average epoch triplet loss = 0.0960
2022-01-04 04:02:22   Cache: 2 / 3
2022-01-04 04:12:44   Epoch[14](2/3): current batch triplet loss = 0.0954, average epoch triplet loss = 0.0960
2022-01-04 04:12:44   Finished epoch 14 in 0:31:06, average epoch triplet loss = 0.0960
2022-01-04 04:12:44   Extracting database features for evaluation/testing
2022-01-04 04:15:45   Extracting queries features for evaluation/testing
2022-01-04 04:18:04   Calculating recalls
2022-01-04 04:18:08   Recalls on val set < BaseDataset, pitts30k - #database: 10000; #queries: 7608 >: R@1: 55.6, R@5: 75.2, R@10: 82.2, R@20: 88.1
2022-01-04 04:18:09   Not improved: 2 / 3: best R@5 = 76.8, current R@5 = 75.2
2022-01-04 04:18:09   Start training epoch: 15
2022-01-04 04:18:09   Cache: 0 / 3
2022-01-04 04:28:31   Epoch[15](0/3): current batch triplet loss = 0.0991, average epoch triplet loss = 0.0962
2022-01-04 04:28:31   Cache: 1 / 3
2022-01-04 04:38:53   Epoch[15](1/3): current batch triplet loss = 0.0953, average epoch triplet loss = 0.0961
2022-01-04 04:38:53   Cache: 2 / 3
2022-01-04 04:49:15   Epoch[15](2/3): current batch triplet loss = 0.0990, average epoch triplet loss = 0.0962
2022-01-04 04:49:15   Finished epoch 15 in 0:31:05, average epoch triplet loss = 0.0962
2022-01-04 04:49:15   Extracting database features for evaluation/testing
2022-01-04 04:52:16   Extracting queries features for evaluation/testing
2022-01-04 04:54:34   Calculating recalls
2022-01-04 04:54:39   Recalls on val set < BaseDataset, pitts30k - #database: 10000; #queries: 7608 >: R@1: 55.4, R@5: 75.3, R@10: 82.4, R@20: 88.3
2022-01-04 04:54:39   Not improved: 3 / 3: best R@5 = 76.8, current R@5 = 75.3
2022-01-04 04:54:39   Performance did not improve for 3 epochs. Stop training.
2022-01-04 04:54:39   Best R@5: 76.8
2022-01-04 04:54:39   Trained for 16 epochs, in total in 9:43:54
2022-01-04 04:54:39   Extracting database features for evaluation/testing
2022-01-04 04:57:41   Extracting queries features for evaluation/testing
2022-01-04 04:59:45   Calculating recalls
2022-01-04 04:59:49   Recalls on < BaseDataset, pitts30k - #database: 10000; #queries: 6816 >: R@1: 56.2, R@5: 76.0, R@10: 82.8, R@20: 88.6
