2022-01-03 19:10:45   Arguments: Namespace(cache_refresh_rate=1000, datasets_folder='../data/', device='cuda', epochs_num=20, exp_name='./runs/NetVlad_abl', gem_power=None, infer_batch_size=16, lr=1e-05, margin=0.1, neg_samples_num=1000, negs_num_per_query=10, netvlad_clusters=32, num_workers=4, output_folder='runs/./runs/NetVlad_abl/2022-01-03_19-10-45', patience=3, queries_per_epoch=3000, recall_values=[1, 5, 10, 20], seed=0, train_batch_size=2, train_positives_dist_threshold=10, val_positive_dist_threshold=25)
2022-01-03 19:10:45   The outputs are being saved in runs/./runs/NetVlad_abl/2022-01-03_19-10-45
2022-01-03 19:10:45   Using 1 GPUs and 8 CPUs
2022-01-03 19:10:45   There are 96 queries without any positives within the training set. They won't be considered as they're useless for training.
2022-01-03 19:10:45   Train query set: < TripletsDataset, pitts30k - #database: 10000; #queries: 7320 >
2022-01-03 19:10:45   Val set: < BaseDataset, pitts30k - #database: 10000; #queries: 7608 >
2022-01-03 19:10:45   Test set: < BaseDataset, pitts30k - #database: 10000; #queries: 6816 >
2022-01-03 19:10:47   Output dimension of the model is 8192
2022-01-03 19:10:47   Start training epoch: 00
2022-01-03 19:41:51   Finished epoch 00 in 0:31:03, average epoch triplet loss = 0.0990
2022-01-03 19:47:16   Recalls on val set < BaseDataset, pitts30k - #database: 10000; #queries: 7608 >: R@1: 20.9, R@5: 41.1, R@10: 52.8, R@20: 65.6
2022-01-03 19:47:16   Improved: previous best R@5 = 0.0, current R@5 = 41.1
2022-01-03 19:47:16   Start training epoch: 01
2022-01-03 20:18:19   Finished epoch 01 in 0:31:03, average epoch triplet loss = 0.0985
2022-01-03 20:23:44   Recalls on val set < BaseDataset, pitts30k - #database: 10000; #queries: 7608 >: R@1: 22.0, R@5: 41.1, R@10: 52.9, R@20: 65.6
2022-01-03 20:23:44   Improved: previous best R@5 = 41.1, current R@5 = 41.1
2022-01-03 20:23:44   Start training epoch: 02
2022-01-03 20:54:49   Finished epoch 02 in 0:31:04, average epoch triplet loss = 0.0984
2022-01-03 21:00:13   Recalls on val set < BaseDataset, pitts30k - #database: 10000; #queries: 7608 >: R@1: 25.3, R@5: 45.1, R@10: 56.4, R@20: 68.3
2022-01-03 21:00:14   Improved: previous best R@5 = 41.1, current R@5 = 45.1
2022-01-03 21:00:14   Start training epoch: 03
2022-01-03 21:31:15   Finished epoch 03 in 0:31:01, average epoch triplet loss = 0.0984
2022-01-03 21:36:39   Recalls on val set < BaseDataset, pitts30k - #database: 10000; #queries: 7608 >: R@1: 30.7, R@5: 52.9, R@10: 63.3, R@20: 73.3
2022-01-03 21:36:40   Improved: previous best R@5 = 45.1, current R@5 = 52.9
2022-01-03 21:36:40   Start training epoch: 04
2022-01-03 22:07:44   Finished epoch 04 in 0:31:04, average epoch triplet loss = 0.0979
2022-01-03 22:13:08   Recalls on val set < BaseDataset, pitts30k - #database: 10000; #queries: 7608 >: R@1: 34.3, R@5: 55.8, R@10: 65.9, R@20: 75.9
2022-01-03 22:13:09   Improved: previous best R@5 = 52.9, current R@5 = 55.8
2022-01-03 22:13:09   Start training epoch: 05
2022-01-03 22:44:12   Finished epoch 05 in 0:31:03, average epoch triplet loss = 0.0978
2022-01-03 22:49:37   Recalls on val set < BaseDataset, pitts30k - #database: 10000; #queries: 7608 >: R@1: 40.8, R@5: 62.4, R@10: 71.5, R@20: 80.0
2022-01-03 22:49:38   Improved: previous best R@5 = 55.8, current R@5 = 62.4
2022-01-03 22:49:38   Start training epoch: 06
2022-01-03 23:20:41   Finished epoch 06 in 0:31:03, average epoch triplet loss = 0.0976
2022-01-03 23:26:05   Recalls on val set < BaseDataset, pitts30k - #database: 10000; #queries: 7608 >: R@1: 46.5, R@5: 67.5, R@10: 76.2, R@20: 83.6
2022-01-03 23:26:05   Improved: previous best R@5 = 62.4, current R@5 = 67.5
2022-01-03 23:26:05   Start training epoch: 07
2022-01-03 23:57:09   Finished epoch 07 in 0:31:04, average epoch triplet loss = 0.0972
2022-01-04 00:02:34   Recalls on val set < BaseDataset, pitts30k - #database: 10000; #queries: 7608 >: R@1: 49.8, R@5: 71.3, R@10: 79.2, R@20: 85.6
2022-01-04 00:02:35   Improved: previous best R@5 = 67.5, current R@5 = 71.3
2022-01-04 00:02:35   Start training epoch: 08
2022-01-04 00:33:39   Finished epoch 08 in 0:31:04, average epoch triplet loss = 0.0969
2022-01-04 00:39:04   Recalls on val set < BaseDataset, pitts30k - #database: 10000; #queries: 7608 >: R@1: 51.1, R@5: 72.8, R@10: 79.9, R@20: 86.0
2022-01-04 00:39:05   Improved: previous best R@5 = 71.3, current R@5 = 72.8
2022-01-04 00:39:05   Start training epoch: 09
2022-01-04 01:10:10   Finished epoch 09 in 0:31:05, average epoch triplet loss = 0.0967
2022-01-04 01:15:34   Recalls on val set < BaseDataset, pitts30k - #database: 10000; #queries: 7608 >: R@1: 55.6, R@5: 75.9, R@10: 83.0, R@20: 88.7
2022-01-04 01:15:34   Improved: previous best R@5 = 72.8, current R@5 = 75.9
2022-01-04 01:15:34   Start training epoch: 10
2022-01-04 01:46:40   Finished epoch 10 in 0:31:05, average epoch triplet loss = 0.0963
2022-01-04 01:52:05   Recalls on val set < BaseDataset, pitts30k - #database: 10000; #queries: 7608 >: R@1: 56.0, R@5: 76.4, R@10: 83.3, R@20: 88.5
2022-01-04 01:52:05   Improved: previous best R@5 = 75.9, current R@5 = 76.4
2022-01-04 01:52:05   Start training epoch: 11
2022-01-04 02:23:11   Finished epoch 11 in 0:31:06, average epoch triplet loss = 0.0963
2022-01-04 02:28:36   Recalls on val set < BaseDataset, pitts30k - #database: 10000; #queries: 7608 >: R@1: 55.1, R@5: 74.9, R@10: 82.1, R@20: 87.7
2022-01-04 02:28:36   Not improved: 1 / 3: best R@5 = 76.4, current R@5 = 74.9
2022-01-04 02:28:36   Start training epoch: 12
2022-01-04 02:59:42   Finished epoch 12 in 0:31:05, average epoch triplet loss = 0.0965
2022-01-04 03:05:07   Recalls on val set < BaseDataset, pitts30k - #database: 10000; #queries: 7608 >: R@1: 57.2, R@5: 76.8, R@10: 83.8, R@20: 89.3
2022-01-04 03:05:07   Improved: previous best R@5 = 76.4, current R@5 = 76.8
2022-01-04 03:05:07   Start training epoch: 13
2022-01-04 03:36:13   Finished epoch 13 in 0:31:06, average epoch triplet loss = 0.0962
2022-01-04 03:41:38   Recalls on val set < BaseDataset, pitts30k - #database: 10000; #queries: 7608 >: R@1: 55.3, R@5: 75.3, R@10: 82.4, R@20: 88.4
2022-01-04 03:41:38   Not improved: 1 / 3: best R@5 = 76.8, current R@5 = 75.3
2022-01-04 03:41:38   Start training epoch: 14
2022-01-04 04:12:44   Finished epoch 14 in 0:31:06, average epoch triplet loss = 0.0960
2022-01-04 04:18:08   Recalls on val set < BaseDataset, pitts30k - #database: 10000; #queries: 7608 >: R@1: 55.6, R@5: 75.2, R@10: 82.2, R@20: 88.1
2022-01-04 04:18:09   Not improved: 2 / 3: best R@5 = 76.8, current R@5 = 75.2
2022-01-04 04:18:09   Start training epoch: 15
2022-01-04 04:49:15   Finished epoch 15 in 0:31:05, average epoch triplet loss = 0.0962
2022-01-04 04:54:39   Recalls on val set < BaseDataset, pitts30k - #database: 10000; #queries: 7608 >: R@1: 55.4, R@5: 75.3, R@10: 82.4, R@20: 88.3
2022-01-04 04:54:39   Not improved: 3 / 3: best R@5 = 76.8, current R@5 = 75.3
2022-01-04 04:54:39   Performance did not improve for 3 epochs. Stop training.
2022-01-04 04:54:39   Best R@5: 76.8
2022-01-04 04:54:39   Trained for 16 epochs, in total in 9:43:54
2022-01-04 04:59:49   Recalls on < BaseDataset, pitts30k - #database: 10000; #queries: 6816 >: R@1: 56.2, R@5: 76.0, R@10: 82.8, R@20: 88.6
