2022-01-04 10:52:32   Arguments: Namespace(cache_refresh_rate=1000, datasets_folder='../data/', device='cuda', epochs_num=20, exp_name='./runs/NetVlad_abl', gem_power=None, infer_batch_size=16, lr=0.0001, margin=0.1, neg_samples_num=1000, negs_num_per_query=10, netvlad_clusters=16, num_workers=4, output_folder='runs\\./runs/NetVlad_abl\\2022-01-04_10-52-32', patience=3, queries_per_epoch=3000, recall_values=[1, 5, 10, 20], seed=0, train_batch_size=4, train_positives_dist_threshold=10, val_positive_dist_threshold=25)
2022-01-04 10:52:32   The outputs are being saved in runs\./runs/NetVlad_abl\2022-01-04_10-52-32
2022-01-04 10:52:32   Using 1 GPUs and 8 CPUs
2022-01-04 10:52:32   Loading dataset Pitts30k from folder ../data/
2022-01-04 10:52:32   There are 96 queries without any positives within the training set. They won't be considered as they're useless for training.
2022-01-04 10:52:32   Train query set: < TripletsDataset, pitts30k - #database: 10000; #queries: 7320 >
2022-01-04 10:52:33   Val set: < BaseDataset, pitts30k - #database: 10000; #queries: 7608 >
2022-01-04 10:52:33   Test set: < BaseDataset, pitts30k - #database: 10000; #queries: 6816 >
2022-01-04 10:52:34   Train only conv4 of the ResNet-18 (remove conv5), freeze the previous ones
2022-01-04 10:52:34   Output dimension of the model is 4096
2022-01-04 10:52:34   Start training epoch: 00
2022-01-04 10:52:34   Cache: 0 / 3
2022-01-04 11:00:24   Epoch[00](0/3): current batch triplet loss = 0.0891, average epoch triplet loss = 0.0958
2022-01-04 11:00:24   Cache: 1 / 3
2022-01-04 11:08:03   Epoch[00](1/3): current batch triplet loss = 0.0991, average epoch triplet loss = 0.0956
2022-01-04 11:08:03   Cache: 2 / 3
2022-01-04 11:15:10   Epoch[00](2/3): current batch triplet loss = 0.0956, average epoch triplet loss = 0.0951
2022-01-04 11:15:10   Finished epoch 00 in 0:22:36, average epoch triplet loss = 0.0951
2022-01-04 11:15:10   Extracting database features for evaluation/testing
2022-01-04 11:18:03   Extracting queries features for evaluation/testing
2022-01-04 11:20:20   Calculating recalls
2022-01-04 11:20:29   Recalls on val set < BaseDataset, pitts30k - #database: 10000; #queries: 7608 >: R@1: 62.6, R@5: 79.9, R@10: 85.8, R@20: 90.6
2022-01-04 11:20:29   Improved: previous best R@5 = 0.0, current R@5 = 79.9
2022-01-04 11:20:29   Start training epoch: 01
2022-01-04 11:20:29   Cache: 0 / 3
2022-01-04 11:27:35   Epoch[01](0/3): current batch triplet loss = 0.0938, average epoch triplet loss = 0.0933
2022-01-04 11:27:35   Cache: 1 / 3
2022-01-04 11:34:39   Epoch[01](1/3): current batch triplet loss = 0.0966, average epoch triplet loss = 0.0933
2022-01-04 11:34:39   Cache: 2 / 3
2022-01-04 11:41:37   Epoch[01](2/3): current batch triplet loss = 0.0928, average epoch triplet loss = 0.0930
2022-01-04 11:41:37   Finished epoch 01 in 0:21:07, average epoch triplet loss = 0.0930
2022-01-04 11:41:37   Extracting database features for evaluation/testing
2022-01-04 11:44:02   Extracting queries features for evaluation/testing
2022-01-04 11:45:56   Calculating recalls
2022-01-04 11:46:06   Recalls on val set < BaseDataset, pitts30k - #database: 10000; #queries: 7608 >: R@1: 62.9, R@5: 79.3, R@10: 85.0, R@20: 89.9
2022-01-04 11:46:06   Not improved: 1 / 3: best R@5 = 79.9, current R@5 = 79.3
2022-01-04 11:46:06   Start training epoch: 02
2022-01-04 11:46:06   Cache: 0 / 3
2022-01-04 11:53:06   Epoch[02](0/3): current batch triplet loss = 0.0908, average epoch triplet loss = 0.0917
2022-01-04 11:53:06   Cache: 1 / 3
2022-01-04 12:00:02   Epoch[02](1/3): current batch triplet loss = 0.0969, average epoch triplet loss = 0.0922
2022-01-04 12:00:02   Cache: 2 / 3
2022-01-04 12:07:01   Epoch[02](2/3): current batch triplet loss = 0.0903, average epoch triplet loss = 0.0926
2022-01-04 12:07:01   Finished epoch 02 in 0:20:55, average epoch triplet loss = 0.0926
2022-01-04 12:07:01   Extracting database features for evaluation/testing
2022-01-04 12:09:25   Extracting queries features for evaluation/testing
2022-01-04 12:11:19   Calculating recalls
2022-01-04 12:11:28   Recalls on val set < BaseDataset, pitts30k - #database: 10000; #queries: 7608 >: R@1: 65.7, R@5: 82.4, R@10: 87.1, R@20: 91.3
2022-01-04 12:11:29   Improved: previous best R@5 = 79.9, current R@5 = 82.4
2022-01-04 12:11:29   Start training epoch: 03
2022-01-04 12:11:29   Cache: 0 / 3
2022-01-04 12:18:24   Epoch[03](0/3): current batch triplet loss = 0.1011, average epoch triplet loss = 0.0929
2022-01-04 12:18:24   Cache: 1 / 3
2022-01-04 12:25:37   Epoch[03](1/3): current batch triplet loss = 0.0952, average epoch triplet loss = 0.0926
2022-01-04 12:25:37   Cache: 2 / 3
2022-01-04 12:33:30   Epoch[03](2/3): current batch triplet loss = 0.0902, average epoch triplet loss = 0.0925
2022-01-04 12:33:30   Finished epoch 03 in 0:22:01, average epoch triplet loss = 0.0925
2022-01-04 12:33:30   Extracting database features for evaluation/testing
2022-01-04 12:36:25   Extracting queries features for evaluation/testing
2022-01-04 12:38:29   Calculating recalls
2022-01-04 12:38:38   Recalls on val set < BaseDataset, pitts30k - #database: 10000; #queries: 7608 >: R@1: 62.1, R@5: 79.6, R@10: 85.3, R@20: 89.8
2022-01-04 12:38:39   Not improved: 1 / 3: best R@5 = 82.4, current R@5 = 79.6
2022-01-04 12:38:39   Start training epoch: 04
2022-01-04 12:38:39   Cache: 0 / 3
2022-01-04 12:45:41   Epoch[04](0/3): current batch triplet loss = 0.0848, average epoch triplet loss = 0.0908
2022-01-04 12:45:41   Cache: 1 / 3
2022-01-04 12:52:42   Epoch[04](1/3): current batch triplet loss = 0.0859, average epoch triplet loss = 0.0908
2022-01-04 12:52:42   Cache: 2 / 3
2022-01-04 12:59:42   Epoch[04](2/3): current batch triplet loss = 0.0918, average epoch triplet loss = 0.0913
2022-01-04 12:59:42   Finished epoch 04 in 0:21:03, average epoch triplet loss = 0.0913
2022-01-04 12:59:42   Extracting database features for evaluation/testing
2022-01-04 13:02:07   Extracting queries features for evaluation/testing
2022-01-04 13:04:03   Calculating recalls
2022-01-04 13:04:12   Recalls on val set < BaseDataset, pitts30k - #database: 10000; #queries: 7608 >: R@1: 62.2, R@5: 79.2, R@10: 85.1, R@20: 90.2
2022-01-04 13:04:12   Not improved: 2 / 3: best R@5 = 82.4, current R@5 = 79.2
2022-01-04 13:04:12   Start training epoch: 05
2022-01-04 13:04:12   Cache: 0 / 3
2022-01-04 13:11:23   Epoch[05](0/3): current batch triplet loss = 0.0865, average epoch triplet loss = 0.0901
2022-01-04 13:11:23   Cache: 1 / 3
2022-01-04 13:18:22   Epoch[05](1/3): current batch triplet loss = 0.0933, average epoch triplet loss = 0.0900
2022-01-04 13:18:22   Cache: 2 / 3
2022-01-04 13:25:22   Epoch[05](2/3): current batch triplet loss = 0.0853, average epoch triplet loss = 0.0899
2022-01-04 13:25:22   Finished epoch 05 in 0:21:09, average epoch triplet loss = 0.0899
2022-01-04 13:25:22   Extracting database features for evaluation/testing
2022-01-04 13:27:47   Extracting queries features for evaluation/testing
2022-01-04 13:29:43   Calculating recalls
2022-01-04 13:29:52   Recalls on val set < BaseDataset, pitts30k - #database: 10000; #queries: 7608 >: R@1: 66.7, R@5: 82.5, R@10: 88.0, R@20: 91.6
2022-01-04 13:29:53   Improved: previous best R@5 = 82.4, current R@5 = 82.5
2022-01-04 13:29:53   Start training epoch: 06
2022-01-04 13:29:53   Cache: 0 / 3
2022-01-04 13:36:53   Epoch[06](0/3): current batch triplet loss = 0.0998, average epoch triplet loss = 0.0894
2022-01-04 13:36:53   Cache: 1 / 3
2022-01-04 13:43:53   Epoch[06](1/3): current batch triplet loss = 0.0922, average epoch triplet loss = 0.0894
2022-01-04 13:43:53   Cache: 2 / 3
2022-01-04 13:51:15   Epoch[06](2/3): current batch triplet loss = 0.0827, average epoch triplet loss = 0.0894
2022-01-04 13:51:15   Finished epoch 06 in 0:21:21, average epoch triplet loss = 0.0894
2022-01-04 13:51:15   Extracting database features for evaluation/testing
2022-01-04 13:53:48   Extracting queries features for evaluation/testing
2022-01-04 13:55:58   Calculating recalls
2022-01-04 13:56:08   Recalls on val set < BaseDataset, pitts30k - #database: 10000; #queries: 7608 >: R@1: 65.4, R@5: 81.8, R@10: 87.4, R@20: 91.8
2022-01-04 13:56:08   Not improved: 1 / 3: best R@5 = 82.5, current R@5 = 81.8
2022-01-04 13:56:08   Start training epoch: 07
2022-01-04 13:56:08   Cache: 0 / 3
2022-01-04 14:03:41   Epoch[07](0/3): current batch triplet loss = 0.0927, average epoch triplet loss = 0.0884
2022-01-04 14:03:41   Cache: 1 / 3
2022-01-04 14:12:08   Epoch[07](1/3): current batch triplet loss = 0.0950, average epoch triplet loss = 0.0894
2022-01-04 14:12:08   Cache: 2 / 3
2022-01-04 14:20:59   Epoch[07](2/3): current batch triplet loss = 0.0873, average epoch triplet loss = 0.0889
2022-01-04 14:20:59   Finished epoch 07 in 0:24:51, average epoch triplet loss = 0.0889
2022-01-04 14:20:59   Extracting database features for evaluation/testing
2022-01-04 14:24:24   Extracting queries features for evaluation/testing
2022-01-04 14:26:53   Calculating recalls
2022-01-04 14:27:03   Recalls on val set < BaseDataset, pitts30k - #database: 10000; #queries: 7608 >: R@1: 63.8, R@5: 81.0, R@10: 86.3, R@20: 90.7
2022-01-04 14:27:03   Not improved: 2 / 3: best R@5 = 82.5, current R@5 = 81.0
2022-01-04 14:27:03   Start training epoch: 08
2022-01-04 14:27:03   Cache: 0 / 3
2022-01-04 14:35:21   Epoch[08](0/3): current batch triplet loss = 0.0913, average epoch triplet loss = 0.0881
2022-01-04 14:35:21   Cache: 1 / 3
2022-01-04 14:43:46   Epoch[08](1/3): current batch triplet loss = 0.1180, average epoch triplet loss = 0.0874
2022-01-04 14:43:46   Cache: 2 / 3
2022-01-04 14:51:54   Epoch[08](2/3): current batch triplet loss = 0.0720, average epoch triplet loss = 0.0865
2022-01-04 14:51:54   Finished epoch 08 in 0:24:51, average epoch triplet loss = 0.0865
2022-01-04 14:51:54   Extracting database features for evaluation/testing
2022-01-04 14:54:52   Extracting queries features for evaluation/testing
2022-01-04 14:57:11   Calculating recalls
2022-01-04 14:57:22   Recalls on val set < BaseDataset, pitts30k - #database: 10000; #queries: 7608 >: R@1: 63.7, R@5: 80.7, R@10: 86.2, R@20: 90.3
2022-01-04 14:57:22   Not improved: 3 / 3: best R@5 = 82.5, current R@5 = 80.7
2022-01-04 14:57:22   Performance did not improve for 3 epochs. Stop training.
2022-01-04 14:57:22   Best R@5: 82.5
2022-01-04 14:57:22   Trained for 09 epochs, in total in 4:04:50
2022-01-04 14:57:23   Extracting database features for evaluation/testing
2022-01-04 15:00:54   Extracting queries features for evaluation/testing
2022-01-04 15:03:23   Calculating recalls
2022-01-04 15:03:34   Recalls on < BaseDataset, pitts30k - #database: 10000; #queries: 6816 >: R@1: 62.3, R@5: 80.0, R@10: 86.0, R@20: 90.5
