2022-01-04 10:52:32   Arguments: Namespace(cache_refresh_rate=1000, datasets_folder='../data/', device='cuda', epochs_num=20, exp_name='./runs/NetVlad_abl', gem_power=None, infer_batch_size=16, lr=0.0001, margin=0.1, neg_samples_num=1000, negs_num_per_query=10, netvlad_clusters=16, num_workers=4, output_folder='runs\\./runs/NetVlad_abl\\2022-01-04_10-52-32', patience=3, queries_per_epoch=3000, recall_values=[1, 5, 10, 20], seed=0, train_batch_size=4, train_positives_dist_threshold=10, val_positive_dist_threshold=25)
2022-01-04 10:52:32   The outputs are being saved in runs\./runs/NetVlad_abl\2022-01-04_10-52-32
2022-01-04 10:52:32   Using 1 GPUs and 8 CPUs
2022-01-04 10:52:32   There are 96 queries without any positives within the training set. They won't be considered as they're useless for training.
2022-01-04 10:52:32   Train query set: < TripletsDataset, pitts30k - #database: 10000; #queries: 7320 >
2022-01-04 10:52:33   Val set: < BaseDataset, pitts30k - #database: 10000; #queries: 7608 >
2022-01-04 10:52:33   Test set: < BaseDataset, pitts30k - #database: 10000; #queries: 6816 >
2022-01-04 10:52:34   Output dimension of the model is 4096
2022-01-04 10:52:34   Start training epoch: 00
2022-01-04 11:15:10   Finished epoch 00 in 0:22:36, average epoch triplet loss = 0.0951
2022-01-04 11:20:29   Recalls on val set < BaseDataset, pitts30k - #database: 10000; #queries: 7608 >: R@1: 62.6, R@5: 79.9, R@10: 85.8, R@20: 90.6
2022-01-04 11:20:29   Improved: previous best R@5 = 0.0, current R@5 = 79.9
2022-01-04 11:20:29   Start training epoch: 01
2022-01-04 11:41:37   Finished epoch 01 in 0:21:07, average epoch triplet loss = 0.0930
2022-01-04 11:46:06   Recalls on val set < BaseDataset, pitts30k - #database: 10000; #queries: 7608 >: R@1: 62.9, R@5: 79.3, R@10: 85.0, R@20: 89.9
2022-01-04 11:46:06   Not improved: 1 / 3: best R@5 = 79.9, current R@5 = 79.3
2022-01-04 11:46:06   Start training epoch: 02
2022-01-04 12:07:01   Finished epoch 02 in 0:20:55, average epoch triplet loss = 0.0926
2022-01-04 12:11:28   Recalls on val set < BaseDataset, pitts30k - #database: 10000; #queries: 7608 >: R@1: 65.7, R@5: 82.4, R@10: 87.1, R@20: 91.3
2022-01-04 12:11:29   Improved: previous best R@5 = 79.9, current R@5 = 82.4
2022-01-04 12:11:29   Start training epoch: 03
2022-01-04 12:33:30   Finished epoch 03 in 0:22:01, average epoch triplet loss = 0.0925
2022-01-04 12:38:38   Recalls on val set < BaseDataset, pitts30k - #database: 10000; #queries: 7608 >: R@1: 62.1, R@5: 79.6, R@10: 85.3, R@20: 89.8
2022-01-04 12:38:39   Not improved: 1 / 3: best R@5 = 82.4, current R@5 = 79.6
2022-01-04 12:38:39   Start training epoch: 04
2022-01-04 12:59:42   Finished epoch 04 in 0:21:03, average epoch triplet loss = 0.0913
2022-01-04 13:04:12   Recalls on val set < BaseDataset, pitts30k - #database: 10000; #queries: 7608 >: R@1: 62.2, R@5: 79.2, R@10: 85.1, R@20: 90.2
2022-01-04 13:04:12   Not improved: 2 / 3: best R@5 = 82.4, current R@5 = 79.2
2022-01-04 13:04:12   Start training epoch: 05
2022-01-04 13:25:22   Finished epoch 05 in 0:21:09, average epoch triplet loss = 0.0899
2022-01-04 13:29:52   Recalls on val set < BaseDataset, pitts30k - #database: 10000; #queries: 7608 >: R@1: 66.7, R@5: 82.5, R@10: 88.0, R@20: 91.6
2022-01-04 13:29:53   Improved: previous best R@5 = 82.4, current R@5 = 82.5
2022-01-04 13:29:53   Start training epoch: 06
2022-01-04 13:51:15   Finished epoch 06 in 0:21:21, average epoch triplet loss = 0.0894
2022-01-04 13:56:08   Recalls on val set < BaseDataset, pitts30k - #database: 10000; #queries: 7608 >: R@1: 65.4, R@5: 81.8, R@10: 87.4, R@20: 91.8
2022-01-04 13:56:08   Not improved: 1 / 3: best R@5 = 82.5, current R@5 = 81.8
2022-01-04 13:56:08   Start training epoch: 07
2022-01-04 14:20:59   Finished epoch 07 in 0:24:51, average epoch triplet loss = 0.0889
2022-01-04 14:27:03   Recalls on val set < BaseDataset, pitts30k - #database: 10000; #queries: 7608 >: R@1: 63.8, R@5: 81.0, R@10: 86.3, R@20: 90.7
2022-01-04 14:27:03   Not improved: 2 / 3: best R@5 = 82.5, current R@5 = 81.0
2022-01-04 14:27:03   Start training epoch: 08
2022-01-04 14:51:54   Finished epoch 08 in 0:24:51, average epoch triplet loss = 0.0865
2022-01-04 14:57:22   Recalls on val set < BaseDataset, pitts30k - #database: 10000; #queries: 7608 >: R@1: 63.7, R@5: 80.7, R@10: 86.2, R@20: 90.3
2022-01-04 14:57:22   Not improved: 3 / 3: best R@5 = 82.5, current R@5 = 80.7
2022-01-04 14:57:22   Performance did not improve for 3 epochs. Stop training.
2022-01-04 14:57:22   Best R@5: 82.5
2022-01-04 14:57:22   Trained for 09 epochs, in total in 4:04:50
2022-01-04 15:03:34   Recalls on < BaseDataset, pitts30k - #database: 10000; #queries: 6816 >: R@1: 62.3, R@5: 80.0, R@10: 86.0, R@20: 90.5
