2022-01-16 02:23:03   Arguments: Namespace(augment_data=0, cache_refresh_rate=1000, datasets_folder='../data/', device='cuda', epochs_num=20, exp_name='./runs/resize', gem_power=None, infer_batch_size=16, lr=1e-06, margin=0.1, neg_samples_num=1000, negs_num_per_query=10, netvlad_clusters=64, num_workers=4, optimizer='Adam', output_folder='runs\\./runs/resize\\2022-01-16_02-23-02', patience=3, queries_per_epoch=3000, recall_values=[1, 5, 10, 20], resize=[120, 160], seed=0, train_batch_size=2, train_positives_dist_threshold=10, val_positive_dist_threshold=25)
2022-01-16 02:23:03   The outputs are being saved in runs\./runs/resize\2022-01-16_02-23-02
2022-01-16 02:23:03   Using 1 GPUs and 8 CPUs
2022-01-16 02:23:03   There are 96 queries without any positives within the training set. They won't be considered as they're useless for training.
2022-01-16 02:23:03   Train query set: < TripletsDataset, pitts30k - #database: 10000; #queries: 7320 >
2022-01-16 02:23:04   Val set: < BaseDataset, pitts30k - #database: 10000; #queries: 7608 >
2022-01-16 02:23:04   Test set: < BaseDataset, pitts30k - #database: 10000; #queries: 6816 >
2022-01-16 02:23:06   Output dimension of the model is 16384
2022-01-16 02:23:06   Start training epoch: 00
2022-01-16 02:43:58   Finished epoch 00 in 0:20:52, average epoch triplet loss = 0.0753
2022-01-16 02:48:42   Recalls on val set < BaseDataset, pitts30k - #database: 10000; #queries: 7608 >: R@1: 67.8, R@5: 84.1, R@10: 89.2, R@20: 93.4
2022-01-16 02:48:42   Improved: previous best R@5 = 0.0, current R@5 = 84.1
2022-01-16 02:48:42   Start training epoch: 01
2022-01-16 03:09:13   Finished epoch 01 in 0:20:30, average epoch triplet loss = 0.0754
2022-01-16 03:13:04   Recalls on val set < BaseDataset, pitts30k - #database: 10000; #queries: 7608 >: R@1: 68.8, R@5: 84.7, R@10: 90.0, R@20: 93.8
2022-01-16 03:13:04   Improved: previous best R@5 = 84.1, current R@5 = 84.7
2022-01-16 03:13:04   Start training epoch: 02
2022-01-16 03:33:33   Finished epoch 02 in 0:20:29, average epoch triplet loss = 0.0748
2022-01-16 03:37:30   Recalls on val set < BaseDataset, pitts30k - #database: 10000; #queries: 7608 >: R@1: 70.2, R@5: 86.2, R@10: 91.1, R@20: 94.6
2022-01-16 03:37:31   Improved: previous best R@5 = 84.7, current R@5 = 86.2
2022-01-16 03:37:31   Start training epoch: 03
2022-01-16 03:58:05   Finished epoch 03 in 0:20:34, average epoch triplet loss = 0.0748
2022-01-16 04:01:56   Recalls on val set < BaseDataset, pitts30k - #database: 10000; #queries: 7608 >: R@1: 72.1, R@5: 87.7, R@10: 92.0, R@20: 95.2
2022-01-16 04:01:56   Improved: previous best R@5 = 86.2, current R@5 = 87.7
2022-01-16 04:01:56   Start training epoch: 04
2022-01-16 04:22:20   Finished epoch 04 in 0:20:23, average epoch triplet loss = 0.0739
2022-01-16 04:26:11   Recalls on val set < BaseDataset, pitts30k - #database: 10000; #queries: 7608 >: R@1: 72.9, R@5: 88.3, R@10: 92.3, R@20: 95.5
2022-01-16 04:26:11   Improved: previous best R@5 = 87.7, current R@5 = 88.3
2022-01-16 04:26:11   Start training epoch: 05
2022-01-16 04:46:31   Finished epoch 05 in 0:20:19, average epoch triplet loss = 0.0732
2022-01-16 04:50:23   Recalls on val set < BaseDataset, pitts30k - #database: 10000; #queries: 7608 >: R@1: 73.3, R@5: 88.7, R@10: 92.4, R@20: 95.7
2022-01-16 04:50:23   Improved: previous best R@5 = 88.3, current R@5 = 88.7
2022-01-16 04:50:23   Start training epoch: 06
2022-01-16 05:10:42   Finished epoch 06 in 0:20:18, average epoch triplet loss = 0.0737
2022-01-16 05:14:35   Recalls on val set < BaseDataset, pitts30k - #database: 10000; #queries: 7608 >: R@1: 75.1, R@5: 89.1, R@10: 92.9, R@20: 95.8
2022-01-16 05:14:35   Improved: previous best R@5 = 88.7, current R@5 = 89.1
2022-01-16 05:14:35   Start training epoch: 07
2022-01-16 05:34:54   Finished epoch 07 in 0:20:19, average epoch triplet loss = 0.0730
2022-01-16 05:38:45   Recalls on val set < BaseDataset, pitts30k - #database: 10000; #queries: 7608 >: R@1: 75.4, R@5: 89.6, R@10: 93.4, R@20: 96.2
2022-01-16 05:38:45   Improved: previous best R@5 = 89.1, current R@5 = 89.6
2022-01-16 05:38:45   Start training epoch: 08
2022-01-16 05:58:57   Finished epoch 08 in 0:20:12, average epoch triplet loss = 0.0725
2022-01-16 06:02:47   Recalls on val set < BaseDataset, pitts30k - #database: 10000; #queries: 7608 >: R@1: 76.2, R@5: 90.0, R@10: 93.5, R@20: 96.0
2022-01-16 06:02:47   Improved: previous best R@5 = 89.6, current R@5 = 90.0
2022-01-16 06:02:47   Start training epoch: 09
2022-01-16 06:23:07   Finished epoch 09 in 0:20:19, average epoch triplet loss = 0.0716
2022-01-16 06:26:58   Recalls on val set < BaseDataset, pitts30k - #database: 10000; #queries: 7608 >: R@1: 76.5, R@5: 90.2, R@10: 93.6, R@20: 96.2
2022-01-16 06:26:58   Improved: previous best R@5 = 90.0, current R@5 = 90.2
2022-01-16 06:26:58   Start training epoch: 10
2022-01-16 06:47:17   Finished epoch 10 in 0:20:18, average epoch triplet loss = 0.0712
2022-01-16 06:51:09   Recalls on val set < BaseDataset, pitts30k - #database: 10000; #queries: 7608 >: R@1: 76.8, R@5: 90.0, R@10: 93.4, R@20: 96.2
2022-01-16 06:51:09   Not improved: 1 / 3: best R@5 = 90.2, current R@5 = 90.0
2022-01-16 06:51:09   Start training epoch: 11
2022-01-16 07:11:33   Finished epoch 11 in 0:20:24, average epoch triplet loss = 0.0713
2022-01-16 07:15:26   Recalls on val set < BaseDataset, pitts30k - #database: 10000; #queries: 7608 >: R@1: 77.3, R@5: 90.3, R@10: 93.9, R@20: 96.4
2022-01-16 07:15:26   Improved: previous best R@5 = 90.2, current R@5 = 90.3
2022-01-16 07:15:26   Start training epoch: 12
2022-01-16 07:35:57   Finished epoch 12 in 0:20:31, average epoch triplet loss = 0.0699
2022-01-16 07:39:52   Recalls on val set < BaseDataset, pitts30k - #database: 10000; #queries: 7608 >: R@1: 77.0, R@5: 90.1, R@10: 93.4, R@20: 96.3
2022-01-16 07:39:52   Not improved: 1 / 3: best R@5 = 90.3, current R@5 = 90.1
2022-01-16 07:39:52   Start training epoch: 13
2022-01-16 08:00:21   Finished epoch 13 in 0:20:28, average epoch triplet loss = 0.0699
2022-01-16 08:04:15   Recalls on val set < BaseDataset, pitts30k - #database: 10000; #queries: 7608 >: R@1: 77.9, R@5: 90.4, R@10: 93.8, R@20: 96.4
2022-01-16 08:04:15   Improved: previous best R@5 = 90.3, current R@5 = 90.4
2022-01-16 08:04:15   Start training epoch: 14
2022-01-16 08:24:55   Finished epoch 14 in 0:20:39, average epoch triplet loss = 0.0693
2022-01-16 08:28:48   Recalls on val set < BaseDataset, pitts30k - #database: 10000; #queries: 7608 >: R@1: 78.2, R@5: 90.5, R@10: 93.9, R@20: 96.5
2022-01-16 08:28:48   Improved: previous best R@5 = 90.4, current R@5 = 90.5
2022-01-16 08:28:48   Start training epoch: 15
2022-01-16 08:49:27   Finished epoch 15 in 0:20:39, average epoch triplet loss = 0.0692
2022-01-16 08:53:24   Recalls on val set < BaseDataset, pitts30k - #database: 10000; #queries: 7608 >: R@1: 78.4, R@5: 90.7, R@10: 94.2, R@20: 96.6
2022-01-16 08:53:24   Improved: previous best R@5 = 90.5, current R@5 = 90.7
2022-01-16 08:53:24   Start training epoch: 16
2022-01-16 09:14:01   Finished epoch 16 in 0:20:36, average epoch triplet loss = 0.0679
2022-01-16 09:17:55   Recalls on val set < BaseDataset, pitts30k - #database: 10000; #queries: 7608 >: R@1: 78.5, R@5: 90.7, R@10: 93.8, R@20: 96.5
2022-01-16 09:17:55   Not improved: 1 / 3: best R@5 = 90.7, current R@5 = 90.7
2022-01-16 09:17:55   Start training epoch: 17
2022-01-16 09:38:59   Finished epoch 17 in 0:21:04, average epoch triplet loss = 0.0671
2022-01-16 09:43:26   Recalls on val set < BaseDataset, pitts30k - #database: 10000; #queries: 7608 >: R@1: 78.7, R@5: 90.8, R@10: 94.2, R@20: 96.8
2022-01-16 09:43:26   Improved: previous best R@5 = 90.7, current R@5 = 90.8
2022-01-16 09:43:26   Start training epoch: 18
2022-01-16 10:04:13   Finished epoch 18 in 0:20:46, average epoch triplet loss = 0.0667
2022-01-16 10:08:03   Recalls on val set < BaseDataset, pitts30k - #database: 10000; #queries: 7608 >: R@1: 79.0, R@5: 90.8, R@10: 93.9, R@20: 96.5
2022-01-16 10:08:03   Not improved: 1 / 3: best R@5 = 90.8, current R@5 = 90.8
2022-01-16 10:08:03   Start training epoch: 19
2022-01-16 10:28:32   Finished epoch 19 in 0:20:29, average epoch triplet loss = 0.0677
2022-01-16 10:32:24   Recalls on val set < BaseDataset, pitts30k - #database: 10000; #queries: 7608 >: R@1: 79.2, R@5: 91.0, R@10: 94.2, R@20: 96.4
2022-01-16 10:32:24   Improved: previous best R@5 = 90.8, current R@5 = 91.0
2022-01-16 10:32:24   Best R@5: 91.0
2022-01-16 10:32:24   Trained for 20 epochs, in total in 8:09:21
2022-01-16 10:36:50   Recalls on < BaseDataset, pitts30k - #database: 10000; #queries: 6816 >: R@1: 78.7, R@5: 89.9, R@10: 92.8, R@20: 94.6
