2022-01-03 21:58:23   Arguments: Namespace(cache_refresh_rate=1000, datasets_folder='../data/', device='cuda', epochs_num=20, exp_name='./runs/NetVlad_abl', gem_power=None, infer_batch_size=16, lr=0.0001, margin=0.1, neg_samples_num=1000, negs_num_per_query=10, netvlad_clusters=32, num_workers=4, output_folder='runs\\./runs/NetVlad_abl\\2022-01-03_21-58-23', patience=3, queries_per_epoch=3000, recall_values=[1, 5, 10, 20], seed=0, train_batch_size=4, train_positives_dist_threshold=10, val_positive_dist_threshold=25)
2022-01-03 21:58:23   The outputs are being saved in runs\./runs/NetVlad_abl\2022-01-03_21-58-23
2022-01-03 21:58:23   Using 1 GPUs and 8 CPUs
2022-01-03 21:58:24   There are 96 queries without any positives within the training set. They won't be considered as they're useless for training.
2022-01-03 21:58:24   Train query set: < TripletsDataset, pitts30k - #database: 10000; #queries: 7320 >
2022-01-03 21:58:24   Val set: < BaseDataset, pitts30k - #database: 10000; #queries: 7608 >
2022-01-03 21:58:25   Test set: < BaseDataset, pitts30k - #database: 10000; #queries: 6816 >
2022-01-03 21:58:26   Output dimension of the model is 8192
2022-01-03 21:58:26   Start training epoch: 00
2022-01-03 22:24:58   Finished epoch 00 in 0:26:31, average epoch triplet loss = 0.0974
2022-01-03 22:30:41   Recalls on val set < BaseDataset, pitts30k - #database: 10000; #queries: 7608 >: R@1: 33.8, R@5: 51.5, R@10: 60.0, R@20: 69.7
2022-01-03 22:30:41   Improved: previous best R@5 = 0.0, current R@5 = 51.5
2022-01-03 22:30:42   Start training epoch: 01
2022-01-03 22:56:23   Finished epoch 01 in 0:25:41, average epoch triplet loss = 0.0969
2022-01-03 23:01:19   Recalls on val set < BaseDataset, pitts30k - #database: 10000; #queries: 7608 >: R@1: 47.8, R@5: 67.0, R@10: 74.8, R@20: 81.5
2022-01-03 23:01:19   Improved: previous best R@5 = 51.5, current R@5 = 67.0
2022-01-03 23:01:19   Start training epoch: 02
2022-01-03 23:26:13   Finished epoch 02 in 0:24:54, average epoch triplet loss = 0.0964
2022-01-03 23:31:25   Recalls on val set < BaseDataset, pitts30k - #database: 10000; #queries: 7608 >: R@1: 48.9, R@5: 69.3, R@10: 77.4, R@20: 84.5
2022-01-03 23:31:25   Improved: previous best R@5 = 67.0, current R@5 = 69.3
2022-01-03 23:31:25   Start training epoch: 03
2022-01-03 23:56:51   Finished epoch 03 in 0:25:26, average epoch triplet loss = 0.0962
2022-01-04 00:02:22   Recalls on val set < BaseDataset, pitts30k - #database: 10000; #queries: 7608 >: R@1: 50.7, R@5: 70.1, R@10: 77.7, R@20: 84.3
2022-01-04 00:02:22   Improved: previous best R@5 = 69.3, current R@5 = 70.1
2022-01-04 00:02:22   Start training epoch: 04
2022-01-04 00:28:54   Finished epoch 04 in 0:26:32, average epoch triplet loss = 0.0957
2022-01-04 00:34:12   Recalls on val set < BaseDataset, pitts30k - #database: 10000; #queries: 7608 >: R@1: 47.1, R@5: 68.0, R@10: 75.8, R@20: 83.5
2022-01-04 00:34:12   Not improved: 1 / 3: best R@5 = 70.1, current R@5 = 68.0
2022-01-04 00:34:12   Start training epoch: 05
2022-01-04 01:00:25   Finished epoch 05 in 0:26:12, average epoch triplet loss = 0.0958
2022-01-04 01:05:31   Recalls on val set < BaseDataset, pitts30k - #database: 10000; #queries: 7608 >: R@1: 46.4, R@5: 67.5, R@10: 75.7, R@20: 83.1
2022-01-04 01:05:31   Not improved: 2 / 3: best R@5 = 70.1, current R@5 = 67.5
2022-01-04 01:05:31   Start training epoch: 06
2022-01-04 01:30:50   Finished epoch 06 in 0:25:19, average epoch triplet loss = 0.0954
2022-01-04 01:36:17   Recalls on val set < BaseDataset, pitts30k - #database: 10000; #queries: 7608 >: R@1: 52.2, R@5: 72.1, R@10: 79.6, R@20: 86.1
2022-01-04 01:36:17   Improved: previous best R@5 = 70.1, current R@5 = 72.1
2022-01-04 01:36:17   Start training epoch: 07
2022-01-04 02:03:22   Finished epoch 07 in 0:27:04, average epoch triplet loss = 0.0948
2022-01-04 02:08:43   Recalls on val set < BaseDataset, pitts30k - #database: 10000; #queries: 7608 >: R@1: 52.5, R@5: 72.4, R@10: 79.6, R@20: 86.1
2022-01-04 02:08:43   Improved: previous best R@5 = 72.1, current R@5 = 72.4
2022-01-04 02:08:43   Start training epoch: 08
2022-01-04 02:34:58   Finished epoch 08 in 0:26:14, average epoch triplet loss = 0.0942
2022-01-04 02:40:17   Recalls on val set < BaseDataset, pitts30k - #database: 10000; #queries: 7608 >: R@1: 55.0, R@5: 74.1, R@10: 80.4, R@20: 86.2
2022-01-04 02:40:17   Improved: previous best R@5 = 72.4, current R@5 = 74.1
2022-01-04 02:40:17   Start training epoch: 09
2022-01-04 03:06:31   Finished epoch 09 in 0:26:13, average epoch triplet loss = 0.0925
2022-01-04 03:11:51   Recalls on val set < BaseDataset, pitts30k - #database: 10000; #queries: 7608 >: R@1: 53.2, R@5: 72.8, R@10: 79.2, R@20: 85.3
2022-01-04 03:11:51   Not improved: 1 / 3: best R@5 = 74.1, current R@5 = 72.8
2022-01-04 03:11:51   Start training epoch: 10
2022-01-04 03:38:05   Finished epoch 10 in 0:26:13, average epoch triplet loss = 0.0912
2022-01-04 03:43:25   Recalls on val set < BaseDataset, pitts30k - #database: 10000; #queries: 7608 >: R@1: 53.8, R@5: 73.6, R@10: 80.5, R@20: 86.6
2022-01-04 03:43:25   Not improved: 2 / 3: best R@5 = 74.1, current R@5 = 73.6
2022-01-04 03:43:25   Start training epoch: 11
2022-01-04 04:09:32   Finished epoch 11 in 0:26:06, average epoch triplet loss = 0.0894
2022-01-04 04:14:52   Recalls on val set < BaseDataset, pitts30k - #database: 10000; #queries: 7608 >: R@1: 57.3, R@5: 77.0, R@10: 83.4, R@20: 88.8
2022-01-04 04:14:52   Improved: previous best R@5 = 74.1, current R@5 = 77.0
2022-01-04 04:14:52   Start training epoch: 12
2022-01-04 04:40:54   Finished epoch 12 in 0:26:02, average epoch triplet loss = 0.0798
2022-01-04 04:46:39   Recalls on val set < BaseDataset, pitts30k - #database: 10000; #queries: 7608 >: R@1: 57.5, R@5: 76.4, R@10: 83.5, R@20: 88.6
2022-01-04 04:46:39   Not improved: 1 / 3: best R@5 = 77.0, current R@5 = 76.4
2022-01-04 04:46:39   Start training epoch: 13
2022-01-04 05:12:45   Finished epoch 13 in 0:26:06, average epoch triplet loss = 0.0635
2022-01-04 05:18:04   Recalls on val set < BaseDataset, pitts30k - #database: 10000; #queries: 7608 >: R@1: 60.9, R@5: 79.4, R@10: 85.7, R@20: 90.5
2022-01-04 05:18:04   Improved: previous best R@5 = 77.0, current R@5 = 79.4
2022-01-04 05:18:04   Start training epoch: 14
2022-01-04 05:44:10   Finished epoch 14 in 0:26:05, average epoch triplet loss = 0.0550
2022-01-04 05:49:26   Recalls on val set < BaseDataset, pitts30k - #database: 10000; #queries: 7608 >: R@1: 65.1, R@5: 82.1, R@10: 86.8, R@20: 91.4
2022-01-04 05:49:27   Improved: previous best R@5 = 79.4, current R@5 = 82.1
2022-01-04 05:49:27   Start training epoch: 15
2022-01-04 06:15:30   Finished epoch 15 in 0:26:03, average epoch triplet loss = 0.0507
2022-01-04 06:20:45   Recalls on val set < BaseDataset, pitts30k - #database: 10000; #queries: 7608 >: R@1: 69.4, R@5: 85.1, R@10: 89.6, R@20: 93.0
2022-01-04 06:20:45   Improved: previous best R@5 = 82.1, current R@5 = 85.1
2022-01-04 06:20:45   Start training epoch: 16
2022-01-04 06:46:50   Finished epoch 16 in 0:26:04, average epoch triplet loss = 0.0446
2022-01-04 06:52:10   Recalls on val set < BaseDataset, pitts30k - #database: 10000; #queries: 7608 >: R@1: 72.9, R@5: 87.0, R@10: 91.1, R@20: 94.2
2022-01-04 06:52:11   Improved: previous best R@5 = 85.1, current R@5 = 87.0
2022-01-04 06:52:11   Start training epoch: 17
2022-01-04 07:17:12   Finished epoch 17 in 0:25:01, average epoch triplet loss = 0.0412
2022-01-04 07:22:02   Recalls on val set < BaseDataset, pitts30k - #database: 10000; #queries: 7608 >: R@1: 72.0, R@5: 87.4, R@10: 91.4, R@20: 94.6
2022-01-04 07:22:02   Improved: previous best R@5 = 87.0, current R@5 = 87.4
2022-01-04 07:22:02   Start training epoch: 18
2022-01-04 07:46:41   Finished epoch 18 in 0:24:38, average epoch triplet loss = 0.0405
2022-01-04 07:51:56   Recalls on val set < BaseDataset, pitts30k - #database: 10000; #queries: 7608 >: R@1: 73.9, R@5: 88.2, R@10: 92.4, R@20: 95.2
2022-01-04 07:51:57   Improved: previous best R@5 = 87.4, current R@5 = 88.2
2022-01-04 07:51:57   Start training epoch: 19
2022-01-04 08:17:21   Finished epoch 19 in 0:25:24, average epoch triplet loss = 0.0390
2022-01-04 08:22:04   Recalls on val set < BaseDataset, pitts30k - #database: 10000; #queries: 7608 >: R@1: 74.3, R@5: 88.4, R@10: 92.4, R@20: 95.1
2022-01-04 08:22:04   Improved: previous best R@5 = 88.2, current R@5 = 88.4
2022-01-04 08:22:04   Best R@5: 88.4
2022-01-04 08:22:04   Trained for 20 epochs, in total in 10:23:41
2022-01-04 08:27:19   Recalls on < BaseDataset, pitts30k - #database: 10000; #queries: 6816 >: R@1: 71.9, R@5: 86.9, R@10: 91.1, R@20: 93.8
