2022-01-12 20:57:46   Arguments: Namespace(augment_data=0, cache_refresh_rate=1000, datasets_folder='../data/', device='cuda', epochs_num=20, exp_name='./runs/NetVlad_abl', gem_power=None, infer_batch_size=16, lr=0.0001, margin=0.1, neg_samples_num=1000, negs_num_per_query=10, netvlad_clusters=16, num_workers=4, optimizer='Adam', output_folder='runs\\./runs/NetVlad_abl\\2022-01-12_20-57-46', patience=3, queries_per_epoch=3000, recall_values=[1, 5, 10, 20], seed=0, train_batch_size=2, train_positives_dist_threshold=10, val_positive_dist_threshold=25)
2022-01-12 20:57:46   The outputs are being saved in runs\./runs/NetVlad_abl\2022-01-12_20-57-46
2022-01-12 20:57:46   Using 1 GPUs and 8 CPUs
2022-01-12 20:57:46   Loading dataset Pitts30k from folder ../data/
2022-01-12 20:57:47   There are 96 queries without any positives within the training set. They won't be considered as they're useless for training.
2022-01-12 20:57:47   Train query set: < TripletsDataset, pitts30k - #database: 10000; #queries: 7320 >
2022-01-12 20:57:47   Val set: < BaseDataset, pitts30k - #database: 10000; #queries: 7608 >
2022-01-12 20:57:48   Test set: < BaseDataset, pitts30k - #database: 10000; #queries: 6816 >
2022-01-12 20:57:48   Train only conv4 of the ResNet-18 (remove conv5), freeze the previous ones
2022-01-12 20:57:49   Output dimension of the model is 4096
2022-01-12 20:57:49   Start training epoch: 00
2022-01-12 20:57:49   Cache: 0 / 3
2022-01-12 21:04:53   Epoch[00](0/3): current batch triplet loss = 0.0248, average epoch triplet loss = 0.0539
2022-01-12 21:04:53   Cache: 1 / 3
2022-01-12 21:11:57   Epoch[00](1/3): current batch triplet loss = 0.0161, average epoch triplet loss = 0.0450
2022-01-12 21:11:57   Cache: 2 / 3
2022-01-12 21:18:37   Epoch[00](2/3): current batch triplet loss = 0.0200, average epoch triplet loss = 0.0384
2022-01-12 21:18:37   Finished epoch 00 in 0:20:48, average epoch triplet loss = 0.0384
2022-01-12 21:18:37   Extracting database features for evaluation/testing
2022-01-12 21:21:03   Extracting queries features for evaluation/testing
2022-01-12 21:23:05   Calculating recalls
2022-01-12 21:23:14   Recalls on val set < BaseDataset, pitts30k - #database: 10000; #queries: 7608 >: R@1: 75.2, R@5: 89.0, R@10: 92.8, R@20: 95.4
2022-01-12 21:23:15   Improved: previous best R@5 = 0.0, current R@5 = 89.0
2022-01-12 21:23:15   Start training epoch: 01
2022-01-12 21:23:15   Cache: 0 / 3
2022-01-12 21:29:54   Epoch[01](0/3): current batch triplet loss = 0.0235, average epoch triplet loss = 0.0207
2022-01-12 21:29:54   Cache: 1 / 3
2022-01-12 21:36:29   Epoch[01](1/3): current batch triplet loss = 0.0000, average epoch triplet loss = 0.0188
2022-01-12 21:36:29   Cache: 2 / 3
2022-01-12 21:43:05   Epoch[01](2/3): current batch triplet loss = 0.0194, average epoch triplet loss = 0.0170
2022-01-12 21:43:05   Finished epoch 01 in 0:19:50, average epoch triplet loss = 0.0170
2022-01-12 21:43:05   Extracting database features for evaluation/testing
2022-01-12 21:45:15   Extracting queries features for evaluation/testing
2022-01-12 21:47:00   Calculating recalls
2022-01-12 21:47:09   Recalls on val set < BaseDataset, pitts30k - #database: 10000; #queries: 7608 >: R@1: 77.6, R@5: 90.6, R@10: 93.7, R@20: 96.1
2022-01-12 21:47:09   Improved: previous best R@5 = 89.0, current R@5 = 90.6
2022-01-12 21:47:09   Start training epoch: 02
2022-01-12 21:47:09   Cache: 0 / 3
2022-01-12 21:53:42   Epoch[02](0/3): current batch triplet loss = 0.0176, average epoch triplet loss = 0.0131
2022-01-12 21:53:42   Cache: 1 / 3
2022-01-12 22:00:16   Epoch[02](1/3): current batch triplet loss = 0.0219, average epoch triplet loss = 0.0115
2022-01-12 22:00:16   Cache: 2 / 3
2022-01-12 22:06:50   Epoch[02](2/3): current batch triplet loss = 0.0071, average epoch triplet loss = 0.0113
2022-01-12 22:06:50   Finished epoch 02 in 0:19:41, average epoch triplet loss = 0.0113
2022-01-12 22:06:50   Extracting database features for evaluation/testing
2022-01-12 22:09:03   Extracting queries features for evaluation/testing
2022-01-12 22:10:46   Calculating recalls
2022-01-12 22:10:55   Recalls on val set < BaseDataset, pitts30k - #database: 10000; #queries: 7608 >: R@1: 77.9, R@5: 91.0, R@10: 94.0, R@20: 96.3
2022-01-12 22:10:55   Improved: previous best R@5 = 90.6, current R@5 = 91.0
2022-01-12 22:10:55   Start training epoch: 03
2022-01-12 22:10:55   Cache: 0 / 3
2022-01-12 22:17:31   Epoch[03](0/3): current batch triplet loss = 0.0064, average epoch triplet loss = 0.0097
2022-01-12 22:17:31   Cache: 1 / 3
2022-01-12 22:24:06   Epoch[03](1/3): current batch triplet loss = 0.0053, average epoch triplet loss = 0.0087
2022-01-12 22:24:06   Cache: 2 / 3
2022-01-12 22:30:39   Epoch[03](2/3): current batch triplet loss = 0.0050, average epoch triplet loss = 0.0087
2022-01-12 22:30:39   Finished epoch 03 in 0:19:43, average epoch triplet loss = 0.0087
2022-01-12 22:30:39   Extracting database features for evaluation/testing
2022-01-12 22:32:48   Extracting queries features for evaluation/testing
2022-01-12 22:34:31   Calculating recalls
2022-01-12 22:34:40   Recalls on val set < BaseDataset, pitts30k - #database: 10000; #queries: 7608 >: R@1: 78.2, R@5: 91.2, R@10: 94.1, R@20: 96.2
2022-01-12 22:34:40   Improved: previous best R@5 = 91.0, current R@5 = 91.2
2022-01-12 22:34:40   Start training epoch: 04
2022-01-12 22:34:40   Cache: 0 / 3
2022-01-12 22:41:15   Epoch[04](0/3): current batch triplet loss = 0.0000, average epoch triplet loss = 0.0081
2022-01-12 22:41:15   Cache: 1 / 3
2022-01-12 22:47:46   Epoch[04](1/3): current batch triplet loss = 0.0173, average epoch triplet loss = 0.0075
2022-01-12 22:47:46   Cache: 2 / 3
2022-01-12 22:54:17   Epoch[04](2/3): current batch triplet loss = 0.0050, average epoch triplet loss = 0.0072
2022-01-12 22:54:17   Finished epoch 04 in 0:19:36, average epoch triplet loss = 0.0072
2022-01-12 22:54:17   Extracting database features for evaluation/testing
2022-01-12 22:56:26   Extracting queries features for evaluation/testing
2022-01-12 22:58:09   Calculating recalls
2022-01-12 22:58:18   Recalls on val set < BaseDataset, pitts30k - #database: 10000; #queries: 7608 >: R@1: 80.2, R@5: 92.4, R@10: 95.0, R@20: 96.7
2022-01-12 22:58:18   Improved: previous best R@5 = 91.2, current R@5 = 92.4
2022-01-12 22:58:18   Start training epoch: 05
2022-01-12 22:58:18   Cache: 0 / 3
2022-01-12 23:04:56   Epoch[05](0/3): current batch triplet loss = 0.0000, average epoch triplet loss = 0.0073
2022-01-12 23:04:56   Cache: 1 / 3
2022-01-12 23:11:27   Epoch[05](1/3): current batch triplet loss = 0.0000, average epoch triplet loss = 0.0078
2022-01-12 23:11:27   Cache: 2 / 3
2022-01-12 23:18:01   Epoch[05](2/3): current batch triplet loss = 0.0000, average epoch triplet loss = 0.0074
2022-01-12 23:18:01   Finished epoch 05 in 0:19:43, average epoch triplet loss = 0.0074
2022-01-12 23:18:01   Extracting database features for evaluation/testing
2022-01-12 23:20:11   Extracting queries features for evaluation/testing
2022-01-12 23:21:53   Calculating recalls
2022-01-12 23:22:02   Recalls on val set < BaseDataset, pitts30k - #database: 10000; #queries: 7608 >: R@1: 78.6, R@5: 91.6, R@10: 94.6, R@20: 96.5
2022-01-12 23:22:03   Not improved: 1 / 3: best R@5 = 92.4, current R@5 = 91.6
2022-01-12 23:22:03   Start training epoch: 06
2022-01-12 23:22:03   Cache: 0 / 3
2022-01-12 23:28:38   Epoch[06](0/3): current batch triplet loss = 0.0120, average epoch triplet loss = 0.0063
2022-01-12 23:28:38   Cache: 1 / 3
2022-01-12 23:35:10   Epoch[06](1/3): current batch triplet loss = 0.0120, average epoch triplet loss = 0.0064
2022-01-12 23:35:10   Cache: 2 / 3
2022-01-12 23:41:42   Epoch[06](2/3): current batch triplet loss = 0.0026, average epoch triplet loss = 0.0064
2022-01-12 23:41:42   Finished epoch 06 in 0:19:39, average epoch triplet loss = 0.0064
2022-01-12 23:41:42   Extracting database features for evaluation/testing
2022-01-12 23:43:52   Extracting queries features for evaluation/testing
2022-01-12 23:45:37   Calculating recalls
2022-01-12 23:45:46   Recalls on val set < BaseDataset, pitts30k - #database: 10000; #queries: 7608 >: R@1: 78.5, R@5: 91.8, R@10: 94.8, R@20: 96.7
2022-01-12 23:45:46   Not improved: 2 / 3: best R@5 = 92.4, current R@5 = 91.8
2022-01-12 23:45:46   Start training epoch: 07
2022-01-12 23:45:46   Cache: 0 / 3
2022-01-12 23:52:20   Epoch[07](0/3): current batch triplet loss = 0.0000, average epoch triplet loss = 0.0063
2022-01-12 23:52:20   Cache: 1 / 3
2022-01-12 23:58:54   Epoch[07](1/3): current batch triplet loss = 0.0200, average epoch triplet loss = 0.0063
2022-01-12 23:58:54   Cache: 2 / 3
2022-01-13 00:05:27   Epoch[07](2/3): current batch triplet loss = 0.0036, average epoch triplet loss = 0.0067
2022-01-13 00:05:27   Finished epoch 07 in 0:19:40, average epoch triplet loss = 0.0067
2022-01-13 00:05:27   Extracting database features for evaluation/testing
2022-01-13 00:07:36   Extracting queries features for evaluation/testing
2022-01-13 00:09:20   Calculating recalls
2022-01-13 00:09:30   Recalls on val set < BaseDataset, pitts30k - #database: 10000; #queries: 7608 >: R@1: 79.4, R@5: 91.6, R@10: 94.5, R@20: 96.5
2022-01-13 00:09:30   Not improved: 3 / 3: best R@5 = 92.4, current R@5 = 91.6
2022-01-13 00:09:30   Performance did not improve for 3 epochs. Stop training.
2022-01-13 00:09:30   Best R@5: 92.4
2022-01-13 00:09:30   Trained for 08 epochs, in total in 3:11:43
2022-01-13 00:09:30   Extracting database features for evaluation/testing
2022-01-13 00:11:56   Extracting queries features for evaluation/testing
2022-01-13 00:13:37   Calculating recalls
2022-01-13 00:13:45   Recalls on < BaseDataset, pitts30k - #database: 10000; #queries: 6816 >: R@1: 77.2, R@5: 88.6, R@10: 92.1, R@20: 94.8
