2022-01-12 20:57:46   Arguments: Namespace(augment_data=0, cache_refresh_rate=1000, datasets_folder='../data/', device='cuda', epochs_num=20, exp_name='./runs/NetVlad_abl', gem_power=None, infer_batch_size=16, lr=0.0001, margin=0.1, neg_samples_num=1000, negs_num_per_query=10, netvlad_clusters=16, num_workers=4, optimizer='Adam', output_folder='runs\\./runs/NetVlad_abl\\2022-01-12_20-57-46', patience=3, queries_per_epoch=3000, recall_values=[1, 5, 10, 20], seed=0, train_batch_size=2, train_positives_dist_threshold=10, val_positive_dist_threshold=25)
2022-01-12 20:57:46   The outputs are being saved in runs\./runs/NetVlad_abl\2022-01-12_20-57-46
2022-01-12 20:57:46   Using 1 GPUs and 8 CPUs
2022-01-12 20:57:47   There are 96 queries without any positives within the training set. They won't be considered as they're useless for training.
2022-01-12 20:57:47   Train query set: < TripletsDataset, pitts30k - #database: 10000; #queries: 7320 >
2022-01-12 20:57:47   Val set: < BaseDataset, pitts30k - #database: 10000; #queries: 7608 >
2022-01-12 20:57:48   Test set: < BaseDataset, pitts30k - #database: 10000; #queries: 6816 >
2022-01-12 20:57:49   Output dimension of the model is 4096
2022-01-12 20:57:49   Start training epoch: 00
2022-01-12 21:18:37   Finished epoch 00 in 0:20:48, average epoch triplet loss = 0.0384
2022-01-12 21:23:14   Recalls on val set < BaseDataset, pitts30k - #database: 10000; #queries: 7608 >: R@1: 75.2, R@5: 89.0, R@10: 92.8, R@20: 95.4
2022-01-12 21:23:15   Improved: previous best R@5 = 0.0, current R@5 = 89.0
2022-01-12 21:23:15   Start training epoch: 01
2022-01-12 21:43:05   Finished epoch 01 in 0:19:50, average epoch triplet loss = 0.0170
2022-01-12 21:47:09   Recalls on val set < BaseDataset, pitts30k - #database: 10000; #queries: 7608 >: R@1: 77.6, R@5: 90.6, R@10: 93.7, R@20: 96.1
2022-01-12 21:47:09   Improved: previous best R@5 = 89.0, current R@5 = 90.6
2022-01-12 21:47:09   Start training epoch: 02
2022-01-12 22:06:50   Finished epoch 02 in 0:19:41, average epoch triplet loss = 0.0113
2022-01-12 22:10:55   Recalls on val set < BaseDataset, pitts30k - #database: 10000; #queries: 7608 >: R@1: 77.9, R@5: 91.0, R@10: 94.0, R@20: 96.3
2022-01-12 22:10:55   Improved: previous best R@5 = 90.6, current R@5 = 91.0
2022-01-12 22:10:55   Start training epoch: 03
2022-01-12 22:30:39   Finished epoch 03 in 0:19:43, average epoch triplet loss = 0.0087
2022-01-12 22:34:40   Recalls on val set < BaseDataset, pitts30k - #database: 10000; #queries: 7608 >: R@1: 78.2, R@5: 91.2, R@10: 94.1, R@20: 96.2
2022-01-12 22:34:40   Improved: previous best R@5 = 91.0, current R@5 = 91.2
2022-01-12 22:34:40   Start training epoch: 04
2022-01-12 22:54:17   Finished epoch 04 in 0:19:36, average epoch triplet loss = 0.0072
2022-01-12 22:58:18   Recalls on val set < BaseDataset, pitts30k - #database: 10000; #queries: 7608 >: R@1: 80.2, R@5: 92.4, R@10: 95.0, R@20: 96.7
2022-01-12 22:58:18   Improved: previous best R@5 = 91.2, current R@5 = 92.4
2022-01-12 22:58:18   Start training epoch: 05
2022-01-12 23:18:01   Finished epoch 05 in 0:19:43, average epoch triplet loss = 0.0074
2022-01-12 23:22:02   Recalls on val set < BaseDataset, pitts30k - #database: 10000; #queries: 7608 >: R@1: 78.6, R@5: 91.6, R@10: 94.6, R@20: 96.5
2022-01-12 23:22:03   Not improved: 1 / 3: best R@5 = 92.4, current R@5 = 91.6
2022-01-12 23:22:03   Start training epoch: 06
2022-01-12 23:41:42   Finished epoch 06 in 0:19:39, average epoch triplet loss = 0.0064
2022-01-12 23:45:46   Recalls on val set < BaseDataset, pitts30k - #database: 10000; #queries: 7608 >: R@1: 78.5, R@5: 91.8, R@10: 94.8, R@20: 96.7
2022-01-12 23:45:46   Not improved: 2 / 3: best R@5 = 92.4, current R@5 = 91.8
2022-01-12 23:45:46   Start training epoch: 07
2022-01-13 00:05:27   Finished epoch 07 in 0:19:40, average epoch triplet loss = 0.0067
2022-01-13 00:09:30   Recalls on val set < BaseDataset, pitts30k - #database: 10000; #queries: 7608 >: R@1: 79.4, R@5: 91.6, R@10: 94.5, R@20: 96.5
2022-01-13 00:09:30   Not improved: 3 / 3: best R@5 = 92.4, current R@5 = 91.6
2022-01-13 00:09:30   Performance did not improve for 3 epochs. Stop training.
2022-01-13 00:09:30   Best R@5: 92.4
2022-01-13 00:09:30   Trained for 08 epochs, in total in 3:11:43
2022-01-13 00:13:45   Recalls on < BaseDataset, pitts30k - #database: 10000; #queries: 6816 >: R@1: 77.2, R@5: 88.6, R@10: 92.1, R@20: 94.8
