2022-01-03 14:26:55   Arguments: Namespace(cache_refresh_rate=1000, datasets_folder='../data/', device='cuda', epochs_num=20, exp_name='./runs/NetVlad_abl', gem_power=None, infer_batch_size=16, lr=1e-06, margin=0.1, neg_samples_num=1000, negs_num_per_query=10, netvlad_clusters=64, num_workers=4, output_folder='runs\\./runs/NetVlad_abl\\2022-01-03_14-26-55', patience=3, queries_per_epoch=3000, recall_values=[1, 5, 10, 20], seed=0, train_batch_size=4, train_positives_dist_threshold=10, val_positive_dist_threshold=25)
2022-01-03 14:26:55   The outputs are being saved in runs\./runs/NetVlad_abl\2022-01-03_14-26-55
2022-01-03 14:26:56   Using 1 GPUs and 8 CPUs
2022-01-03 14:26:56   Loading dataset Pitts30k from folder ../data/
2022-01-03 14:26:56   There are 96 queries without any positives within the training set. They won't be considered as they're useless for training.
2022-01-03 14:26:56   Train query set: < TripletsDataset, pitts30k - #database: 10000; #queries: 7320 >
2022-01-03 14:26:57   Val set: < BaseDataset, pitts30k - #database: 10000; #queries: 7608 >
2022-01-03 14:26:57   Test set: < BaseDataset, pitts30k - #database: 10000; #queries: 6816 >
2022-01-03 14:26:58   Train only conv4 of the ResNet-18 (remove conv5), freeze the previous ones
2022-01-03 14:26:58   Output dimension of the model is 16384
2022-01-03 14:26:58   Start training epoch: 00
2022-01-03 14:26:58   Cache: 0 / 3
2022-01-03 14:38:52   Epoch[00](0/3): current batch triplet loss = 0.0982, average epoch triplet loss = 0.0983
2022-01-03 14:38:52   Cache: 1 / 3
2022-01-03 14:50:00   Epoch[00](1/3): current batch triplet loss = 0.1021, average epoch triplet loss = 0.0992
2022-01-03 14:50:00   Cache: 2 / 3
2022-01-03 15:01:12   Epoch[00](2/3): current batch triplet loss = 0.0958, average epoch triplet loss = 0.0995
2022-01-03 15:01:12   Finished epoch 00 in 0:34:13, average epoch triplet loss = 0.0995
2022-01-03 15:01:12   Extracting database features for evaluation/testing
2022-01-03 15:04:07   Extracting queries features for evaluation/testing
2022-01-03 15:06:26   Calculating recalls
2022-01-03 15:06:59   Recalls on val set < BaseDataset, pitts30k - #database: 10000; #queries: 7608 >: R@1: 10.3, R@5: 24.9, R@10: 35.9, R@20: 50.9
2022-01-03 15:06:59   Improved: previous best R@5 = 0.0, current R@5 = 24.9
2022-01-03 15:06:59   Start training epoch: 01
2022-01-03 15:06:59   Cache: 0 / 3
2022-01-03 15:19:02   Epoch[01](0/3): current batch triplet loss = 0.0845, average epoch triplet loss = 0.0994
2022-01-03 15:19:02   Cache: 1 / 3
2022-01-03 15:30:10   Epoch[01](1/3): current batch triplet loss = 0.0961, average epoch triplet loss = 0.0993
2022-01-03 15:30:10   Cache: 2 / 3
2022-01-03 15:42:53   Epoch[01](2/3): current batch triplet loss = 0.0950, average epoch triplet loss = 0.0995
2022-01-03 15:42:53   Finished epoch 01 in 0:35:54, average epoch triplet loss = 0.0995
2022-01-03 15:42:53   Extracting database features for evaluation/testing
2022-01-03 15:46:25   Extracting queries features for evaluation/testing
2022-01-03 15:50:20   Calculating recalls
2022-01-03 15:50:55   Recalls on val set < BaseDataset, pitts30k - #database: 10000; #queries: 7608 >: R@1: 10.6, R@5: 26.6, R@10: 38.2, R@20: 52.1
2022-01-03 15:50:55   Improved: previous best R@5 = 24.9, current R@5 = 26.6
2022-01-03 15:50:55   Start training epoch: 02
2022-01-03 15:50:55   Cache: 0 / 3
2022-01-03 16:03:40   Epoch[02](0/3): current batch triplet loss = 0.0982, average epoch triplet loss = 0.1002
2022-01-03 16:03:40   Cache: 1 / 3
2022-01-03 16:15:48   Epoch[02](1/3): current batch triplet loss = 0.1016, average epoch triplet loss = 0.1001
2022-01-03 16:15:48   Cache: 2 / 3
2022-01-03 16:27:55   Epoch[02](2/3): current batch triplet loss = 0.0892, average epoch triplet loss = 0.0999
2022-01-03 16:27:55   Finished epoch 02 in 0:36:59, average epoch triplet loss = 0.0999
2022-01-03 16:27:55   Extracting database features for evaluation/testing
2022-01-03 16:31:11   Extracting queries features for evaluation/testing
2022-01-03 16:33:47   Calculating recalls
2022-01-03 16:34:21   Recalls on val set < BaseDataset, pitts30k - #database: 10000; #queries: 7608 >: R@1: 10.5, R@5: 25.1, R@10: 37.1, R@20: 51.7
2022-01-03 16:34:22   Not improved: 1 / 3: best R@5 = 26.6, current R@5 = 25.1
2022-01-03 16:34:22   Start training epoch: 03
2022-01-03 16:34:22   Cache: 0 / 3
2022-01-03 16:45:59   Epoch[03](0/3): current batch triplet loss = 0.0938, average epoch triplet loss = 0.1005
2022-01-03 16:45:59   Cache: 1 / 3
2022-01-03 16:57:32   Epoch[03](1/3): current batch triplet loss = 0.1072, average epoch triplet loss = 0.1005
2022-01-03 16:57:32   Cache: 2 / 3
2022-01-03 17:08:49   Epoch[03](2/3): current batch triplet loss = 0.1020, average epoch triplet loss = 0.1005
2022-01-03 17:08:49   Finished epoch 03 in 0:34:27, average epoch triplet loss = 0.1005
2022-01-03 17:08:49   Extracting database features for evaluation/testing
2022-01-03 17:11:38   Extracting queries features for evaluation/testing
2022-01-03 17:13:45   Calculating recalls
2022-01-03 17:14:20   Recalls on val set < BaseDataset, pitts30k - #database: 10000; #queries: 7608 >: R@1: 9.8, R@5: 25.7, R@10: 36.7, R@20: 51.7
2022-01-03 17:14:20   Not improved: 2 / 3: best R@5 = 26.6, current R@5 = 25.7
2022-01-03 17:14:20   Start training epoch: 04
2022-01-03 17:14:20   Cache: 0 / 3
2022-01-03 17:25:36   Epoch[04](0/3): current batch triplet loss = 0.1127, average epoch triplet loss = 0.0998
2022-01-03 17:25:36   Cache: 1 / 3
2022-01-03 17:36:29   Epoch[04](1/3): current batch triplet loss = 0.0970, average epoch triplet loss = 0.0995
2022-01-03 17:36:29   Cache: 2 / 3
2022-01-03 17:48:25   Epoch[04](2/3): current batch triplet loss = 0.0998, average epoch triplet loss = 0.0997
2022-01-03 17:48:25   Finished epoch 04 in 0:34:05, average epoch triplet loss = 0.0997
2022-01-03 17:48:25   Extracting database features for evaluation/testing
2022-01-03 17:51:25   Extracting queries features for evaluation/testing
2022-01-03 17:53:53   Calculating recalls
2022-01-03 17:54:34   Recalls on val set < BaseDataset, pitts30k - #database: 10000; #queries: 7608 >: R@1: 10.6, R@5: 25.0, R@10: 36.0, R@20: 50.9
2022-01-03 17:54:34   Not improved: 3 / 3: best R@5 = 26.6, current R@5 = 25.0
2022-01-03 17:54:34   Performance did not improve for 3 epochs. Stop training.
2022-01-03 17:54:34   Best R@5: 26.6
2022-01-03 17:54:34   Trained for 05 epochs, in total in 3:27:38
2022-01-03 17:54:34   Extracting database features for evaluation/testing
2022-01-03 17:58:03   Extracting queries features for evaluation/testing
2022-01-03 18:00:18   Calculating recalls
2022-01-03 18:00:53   Recalls on < BaseDataset, pitts30k - #database: 10000; #queries: 6816 >: R@1: 16.4, R@5: 33.2, R@10: 44.3, R@20: 57.6
