2022-01-04 10:51:49   Arguments: Namespace(cache_refresh_rate=1000, datasets_folder='../data/', device='cuda', epochs_num=20, exp_name='./runs/NetVlad_abl', gem_power=None, infer_batch_size=16, lr=1e-05, margin=0.1, neg_samples_num=1000, negs_num_per_query=10, netvlad_clusters=16, num_workers=4, output_folder='runs/./runs/NetVlad_abl/2022-01-04_10-51-49', patience=3, queries_per_epoch=3000, recall_values=[1, 5, 10, 20], seed=0, train_batch_size=2, train_positives_dist_threshold=10, val_positive_dist_threshold=25)
2022-01-04 10:51:49   The outputs are being saved in runs/./runs/NetVlad_abl/2022-01-04_10-51-49
2022-01-04 10:51:49   Using 1 GPUs and 8 CPUs
2022-01-04 10:51:49   There are 96 queries without any positives within the training set. They won't be considered as they're useless for training.
2022-01-04 10:51:49   Train query set: < TripletsDataset, pitts30k - #database: 10000; #queries: 7320 >
2022-01-04 10:51:49   Val set: < BaseDataset, pitts30k - #database: 10000; #queries: 7608 >
2022-01-04 10:51:49   Test set: < BaseDataset, pitts30k - #database: 10000; #queries: 6816 >
2022-01-04 10:51:51   Output dimension of the model is 4096
2022-01-04 10:51:51   Start training epoch: 00
2022-01-04 11:18:32   Finished epoch 00 in 0:26:41, average epoch triplet loss = 0.0974
2022-01-04 11:23:29   Recalls on val set < BaseDataset, pitts30k - #database: 10000; #queries: 7608 >: R@1: 50.6, R@5: 70.5, R@10: 78.9, R@20: 85.7
2022-01-04 11:23:30   Improved: previous best R@5 = 0.0, current R@5 = 70.5
2022-01-04 11:23:30   Start training epoch: 01
2022-01-04 11:50:14   Finished epoch 01 in 0:26:44, average epoch triplet loss = 0.0965
2022-01-04 11:55:11   Recalls on val set < BaseDataset, pitts30k - #database: 10000; #queries: 7608 >: R@1: 60.6, R@5: 80.6, R@10: 86.8, R@20: 91.2
2022-01-04 11:55:11   Improved: previous best R@5 = 70.5, current R@5 = 80.6
2022-01-04 11:55:11   Start training epoch: 02
2022-01-04 12:21:55   Finished epoch 02 in 0:26:43, average epoch triplet loss = 0.0958
2022-01-04 12:26:52   Recalls on val set < BaseDataset, pitts30k - #database: 10000; #queries: 7608 >: R@1: 64.7, R@5: 82.1, R@10: 87.9, R@20: 92.5
2022-01-04 12:26:52   Improved: previous best R@5 = 80.6, current R@5 = 82.1
2022-01-04 12:26:52   Start training epoch: 03
2022-01-04 12:53:36   Finished epoch 03 in 0:26:43, average epoch triplet loss = 0.0954
2022-01-04 12:58:33   Recalls on val set < BaseDataset, pitts30k - #database: 10000; #queries: 7608 >: R@1: 63.2, R@5: 81.2, R@10: 87.0, R@20: 91.8
2022-01-04 12:58:33   Not improved: 1 / 3: best R@5 = 82.1, current R@5 = 81.2
2022-01-04 12:58:33   Start training epoch: 04
2022-01-04 13:25:17   Finished epoch 04 in 0:26:44, average epoch triplet loss = 0.0949
2022-01-04 13:30:14   Recalls on val set < BaseDataset, pitts30k - #database: 10000; #queries: 7608 >: R@1: 66.6, R@5: 83.5, R@10: 88.4, R@20: 92.6
2022-01-04 13:30:14   Improved: previous best R@5 = 82.1, current R@5 = 83.5
2022-01-04 13:30:14   Start training epoch: 05
2022-01-04 13:56:58   Finished epoch 05 in 0:26:43, average epoch triplet loss = 0.0946
2022-01-04 14:01:54   Recalls on val set < BaseDataset, pitts30k - #database: 10000; #queries: 7608 >: R@1: 68.2, R@5: 85.3, R@10: 90.0, R@20: 93.8
2022-01-04 14:01:55   Improved: previous best R@5 = 83.5, current R@5 = 85.3
2022-01-04 14:01:55   Start training epoch: 06
2022-01-04 14:28:36   Finished epoch 06 in 0:26:41, average epoch triplet loss = 0.0945
2022-01-04 14:33:33   Recalls on val set < BaseDataset, pitts30k - #database: 10000; #queries: 7608 >: R@1: 66.9, R@5: 83.9, R@10: 89.2, R@20: 93.6
2022-01-04 14:33:33   Not improved: 1 / 3: best R@5 = 85.3, current R@5 = 83.9
2022-01-04 14:33:33   Start training epoch: 07
2022-01-04 15:00:15   Finished epoch 07 in 0:26:42, average epoch triplet loss = 0.0942
2022-01-04 15:05:12   Recalls on val set < BaseDataset, pitts30k - #database: 10000; #queries: 7608 >: R@1: 66.6, R@5: 83.7, R@10: 88.5, R@20: 93.1
2022-01-04 15:05:12   Not improved: 2 / 3: best R@5 = 85.3, current R@5 = 83.7
2022-01-04 15:05:12   Start training epoch: 08
2022-01-04 15:31:55   Finished epoch 08 in 0:26:42, average epoch triplet loss = 0.0939
2022-01-04 15:36:51   Recalls on val set < BaseDataset, pitts30k - #database: 10000; #queries: 7608 >: R@1: 65.7, R@5: 83.2, R@10: 88.3, R@20: 92.1
2022-01-04 15:36:51   Not improved: 3 / 3: best R@5 = 85.3, current R@5 = 83.2
2022-01-04 15:36:51   Performance did not improve for 3 epochs. Stop training.
2022-01-04 15:36:51   Best R@5: 85.3
2022-01-04 15:36:51   Trained for 09 epochs, in total in 4:45:02
2022-01-04 15:41:34   Recalls on < BaseDataset, pitts30k - #database: 10000; #queries: 6816 >: R@1: 67.2, R@5: 83.5, R@10: 88.8, R@20: 92.5
