2022-01-15 02:14:28   Arguments: Namespace(augment_data=2, cache_refresh_rate=1000, datasets_folder='../data/', device='cuda', epochs_num=20, exp_name='./runs/augment', gem_power=None, infer_batch_size=16, lr=1e-06, margin=0.1, neg_samples_num=1000, negs_num_per_query=10, netvlad_clusters=64, num_workers=4, optimizer='Adam', output_folder='runs\\./runs/augment\\2022-01-15_02-14-27', patience=3, queries_per_epoch=3000, recall_values=[1, 5, 10, 20], seed=0, train_batch_size=2, train_positives_dist_threshold=10, val_positive_dist_threshold=25)
2022-01-15 02:14:28   The outputs are being saved in runs\./runs/augment\2022-01-15_02-14-27
2022-01-15 02:14:29   Using 1 GPUs and 8 CPUs
2022-01-15 02:14:30   There are 96 queries without any positives within the training set. They won't be considered as they're useless for training.
2022-01-15 02:14:30   Train query set: < TripletsDataset, pitts30k - #database: 10000; #queries: 7320 >
2022-01-15 02:14:30   Val set: < BaseDataset, pitts30k - #database: 10000; #queries: 7608 >
2022-01-15 02:14:31   Test set: < BaseDataset, pitts30k - #database: 10000; #queries: 6816 >
2022-01-15 02:14:33   Output dimension of the model is 16384
2022-01-15 02:14:33   Start training epoch: 00
2022-01-15 02:47:39   Finished epoch 00 in 0:33:06, average epoch triplet loss = 0.0872
2022-01-15 02:52:48   Recalls on val set < BaseDataset, pitts30k - #database: 10000; #queries: 7608 >: R@1: 55.3, R@5: 73.0, R@10: 80.2, R@20: 86.0
2022-01-15 02:52:48   Improved: previous best R@5 = 0.0, current R@5 = 73.0
2022-01-15 02:52:48   Start training epoch: 01
2022-01-15 03:24:44   Finished epoch 01 in 0:31:55, average epoch triplet loss = 0.0854
2022-01-15 03:29:40   Recalls on val set < BaseDataset, pitts30k - #database: 10000; #queries: 7608 >: R@1: 63.6, R@5: 80.3, R@10: 86.5, R@20: 90.7
2022-01-15 03:29:40   Improved: previous best R@5 = 73.0, current R@5 = 80.3
2022-01-15 03:29:40   Start training epoch: 02
2022-01-15 04:01:33   Finished epoch 02 in 0:31:52, average epoch triplet loss = 0.0838
2022-01-15 04:06:28   Recalls on val set < BaseDataset, pitts30k - #database: 10000; #queries: 7608 >: R@1: 68.0, R@5: 84.3, R@10: 89.1, R@20: 92.7
2022-01-15 04:06:28   Improved: previous best R@5 = 80.3, current R@5 = 84.3
2022-01-15 04:06:28   Start training epoch: 03
2022-01-15 04:38:15   Finished epoch 03 in 0:31:46, average epoch triplet loss = 0.0837
2022-01-15 04:43:09   Recalls on val set < BaseDataset, pitts30k - #database: 10000; #queries: 7608 >: R@1: 72.5, R@5: 87.2, R@10: 91.3, R@20: 94.5
2022-01-15 04:43:09   Improved: previous best R@5 = 84.3, current R@5 = 87.2
2022-01-15 04:43:09   Start training epoch: 04
2022-01-15 05:15:01   Finished epoch 04 in 0:31:51, average epoch triplet loss = 0.0826
2022-01-15 05:19:54   Recalls on val set < BaseDataset, pitts30k - #database: 10000; #queries: 7608 >: R@1: 74.3, R@5: 88.2, R@10: 91.9, R@20: 94.9
2022-01-15 05:19:54   Improved: previous best R@5 = 87.2, current R@5 = 88.2
2022-01-15 05:19:54   Start training epoch: 05
2022-01-15 05:51:33   Finished epoch 05 in 0:31:39, average epoch triplet loss = 0.0817
2022-01-15 05:56:24   Recalls on val set < BaseDataset, pitts30k - #database: 10000; #queries: 7608 >: R@1: 75.4, R@5: 88.8, R@10: 92.5, R@20: 95.1
2022-01-15 05:56:24   Improved: previous best R@5 = 88.2, current R@5 = 88.8
2022-01-15 05:56:24   Start training epoch: 06
2022-01-15 06:28:07   Finished epoch 06 in 0:31:42, average epoch triplet loss = 0.0820
2022-01-15 06:33:00   Recalls on val set < BaseDataset, pitts30k - #database: 10000; #queries: 7608 >: R@1: 77.2, R@5: 90.0, R@10: 93.3, R@20: 95.7
2022-01-15 06:33:00   Improved: previous best R@5 = 88.8, current R@5 = 90.0
2022-01-15 06:33:00   Start training epoch: 07
2022-01-15 07:04:42   Finished epoch 07 in 0:31:42, average epoch triplet loss = 0.0807
2022-01-15 07:09:37   Recalls on val set < BaseDataset, pitts30k - #database: 10000; #queries: 7608 >: R@1: 77.9, R@5: 90.2, R@10: 93.4, R@20: 95.9
2022-01-15 07:09:37   Improved: previous best R@5 = 90.0, current R@5 = 90.2
2022-01-15 07:09:37   Start training epoch: 08
2022-01-15 07:41:23   Finished epoch 08 in 0:31:45, average epoch triplet loss = 0.0804
2022-01-15 07:46:15   Recalls on val set < BaseDataset, pitts30k - #database: 10000; #queries: 7608 >: R@1: 78.2, R@5: 90.5, R@10: 93.5, R@20: 96.0
2022-01-15 07:46:15   Improved: previous best R@5 = 90.2, current R@5 = 90.5
2022-01-15 07:46:15   Start training epoch: 09
2022-01-15 08:18:08   Finished epoch 09 in 0:31:53, average epoch triplet loss = 0.0794
2022-01-15 08:23:05   Recalls on val set < BaseDataset, pitts30k - #database: 10000; #queries: 7608 >: R@1: 78.8, R@5: 90.9, R@10: 93.9, R@20: 96.0
2022-01-15 08:23:05   Improved: previous best R@5 = 90.5, current R@5 = 90.9
2022-01-15 08:23:05   Start training epoch: 10
2022-01-15 08:55:25   Finished epoch 10 in 0:32:19, average epoch triplet loss = 0.0789
2022-01-15 09:00:23   Recalls on val set < BaseDataset, pitts30k - #database: 10000; #queries: 7608 >: R@1: 79.3, R@5: 91.3, R@10: 94.0, R@20: 96.2
2022-01-15 09:00:23   Improved: previous best R@5 = 90.9, current R@5 = 91.3
2022-01-15 09:00:23   Start training epoch: 11
2022-01-15 09:32:14   Finished epoch 11 in 0:31:51, average epoch triplet loss = 0.0792
2022-01-15 09:37:10   Recalls on val set < BaseDataset, pitts30k - #database: 10000; #queries: 7608 >: R@1: 79.5, R@5: 91.4, R@10: 94.2, R@20: 96.2
2022-01-15 09:37:10   Improved: previous best R@5 = 91.3, current R@5 = 91.4
2022-01-15 09:37:10   Start training epoch: 12
2022-01-15 10:09:23   Finished epoch 12 in 0:32:13, average epoch triplet loss = 0.0778
2022-01-15 10:14:26   Recalls on val set < BaseDataset, pitts30k - #database: 10000; #queries: 7608 >: R@1: 80.2, R@5: 91.9, R@10: 94.4, R@20: 96.3
2022-01-15 10:14:27   Improved: previous best R@5 = 91.4, current R@5 = 91.9
2022-01-15 10:14:27   Start training epoch: 13
2022-01-15 10:46:20   Finished epoch 13 in 0:31:53, average epoch triplet loss = 0.0777
2022-01-15 10:51:16   Recalls on val set < BaseDataset, pitts30k - #database: 10000; #queries: 7608 >: R@1: 80.7, R@5: 92.2, R@10: 94.8, R@20: 96.4
2022-01-15 10:51:17   Improved: previous best R@5 = 91.9, current R@5 = 92.2
2022-01-15 10:51:17   Start training epoch: 14
2022-01-15 11:23:31   Finished epoch 14 in 0:32:14, average epoch triplet loss = 0.0768
2022-01-15 11:28:48   Recalls on val set < BaseDataset, pitts30k - #database: 10000; #queries: 7608 >: R@1: 81.3, R@5: 92.4, R@10: 95.1, R@20: 96.4
2022-01-15 11:28:48   Improved: previous best R@5 = 92.2, current R@5 = 92.4
2022-01-15 11:28:48   Start training epoch: 15
2022-01-15 12:00:33   Finished epoch 15 in 0:31:44, average epoch triplet loss = 0.0769
2022-01-15 12:05:17   Recalls on val set < BaseDataset, pitts30k - #database: 10000; #queries: 7608 >: R@1: 81.2, R@5: 92.0, R@10: 94.8, R@20: 96.5
2022-01-15 12:05:17   Not improved: 1 / 3: best R@5 = 92.4, current R@5 = 92.0
2022-01-15 12:05:17   Start training epoch: 16
2022-01-15 12:37:39   Finished epoch 16 in 0:32:22, average epoch triplet loss = 0.0758
2022-01-15 12:42:27   Recalls on val set < BaseDataset, pitts30k - #database: 10000; #queries: 7608 >: R@1: 81.2, R@5: 92.1, R@10: 94.7, R@20: 96.5
2022-01-15 12:42:27   Not improved: 2 / 3: best R@5 = 92.4, current R@5 = 92.1
2022-01-15 12:42:27   Start training epoch: 17
2022-01-15 13:13:54   Finished epoch 17 in 0:31:27, average epoch triplet loss = 0.0750
2022-01-15 13:18:38   Recalls on val set < BaseDataset, pitts30k - #database: 10000; #queries: 7608 >: R@1: 81.3, R@5: 92.2, R@10: 94.8, R@20: 96.5
2022-01-15 13:18:38   Not improved: 3 / 3: best R@5 = 92.4, current R@5 = 92.2
2022-01-15 13:18:38   Performance did not improve for 3 epochs. Stop training.
2022-01-15 13:18:38   Best R@5: 92.4
2022-01-15 13:18:38   Trained for 18 epochs, in total in 11:04:10
2022-01-15 13:23:55   Recalls on < BaseDataset, pitts30k - #database: 10000; #queries: 6816 >: R@1: 80.4, R@5: 90.6, R@10: 93.4, R@20: 95.5
