2022-01-12 10:30:48   Arguments: Namespace(augment_data=0, cache_refresh_rate=1000, datasets_folder='../data/', device='cuda', epochs_num=20, exp_name='./runs/NetVlad_abl', gem_power=None, infer_batch_size=16, lr=0.0001, margin=0.1, neg_samples_num=1000, negs_num_per_query=10, netvlad_clusters=64, num_workers=4, optimizer='Adam', output_folder='runs\\./runs/NetVlad_abl\\2022-01-12_10-30-48', patience=3, queries_per_epoch=3000, recall_values=[1, 5, 10, 20], seed=0, train_batch_size=2, train_positives_dist_threshold=10, val_positive_dist_threshold=25)
2022-01-12 10:30:48   The outputs are being saved in runs\./runs/NetVlad_abl\2022-01-12_10-30-48
2022-01-12 10:30:48   Using 1 GPUs and 8 CPUs
2022-01-12 10:30:48   Loading dataset Pitts30k from folder ../data/
2022-01-12 10:30:49   There are 96 queries without any positives within the training set. They won't be considered as they're useless for training.
2022-01-12 10:30:49   Train query set: < TripletsDataset, pitts30k - #database: 10000; #queries: 7320 >
2022-01-12 10:30:49   Val set: < BaseDataset, pitts30k - #database: 10000; #queries: 7608 >
2022-01-12 10:30:49   Test set: < BaseDataset, pitts30k - #database: 10000; #queries: 6816 >
2022-01-12 10:30:50   Train only conv4 of the ResNet-18 (remove conv5), freeze the previous ones
2022-01-12 10:30:51   Output dimension of the model is 16384
2022-01-12 10:30:51   Start training epoch: 00
2022-01-12 10:30:51   Cache: 0 / 3
2022-01-12 10:41:58   Epoch[00](0/3): current batch triplet loss = 0.0184, average epoch triplet loss = 0.0532
2022-01-12 10:41:58   Cache: 1 / 3
2022-01-12 10:55:22   Epoch[00](1/3): current batch triplet loss = 0.0233, average epoch triplet loss = 0.0450
2022-01-12 10:55:22   Cache: 2 / 3
2022-01-12 11:06:23   Epoch[00](2/3): current batch triplet loss = 0.0348, average epoch triplet loss = 0.0383
2022-01-12 11:06:23   Finished epoch 00 in 0:35:31, average epoch triplet loss = 0.0383
2022-01-12 11:06:23   Extracting database features for evaluation/testing
2022-01-12 11:09:48   Extracting queries features for evaluation/testing
2022-01-12 11:12:40   Calculating recalls
2022-01-12 11:13:31   Recalls on val set < BaseDataset, pitts30k - #database: 10000; #queries: 7608 >: R@1: 78.1, R@5: 89.6, R@10: 92.6, R@20: 94.9
2022-01-12 11:13:32   Improved: previous best R@5 = 0.0, current R@5 = 89.6
2022-01-12 11:13:32   Start training epoch: 01
2022-01-12 11:13:32   Cache: 0 / 3
2022-01-12 11:25:42   Epoch[01](0/3): current batch triplet loss = 0.0407, average epoch triplet loss = 0.0213
2022-01-12 11:25:42   Cache: 1 / 3
2022-01-12 11:37:22   Epoch[01](1/3): current batch triplet loss = 0.0011, average epoch triplet loss = 0.0196
2022-01-12 11:37:22   Cache: 2 / 3
2022-01-12 11:49:03   Epoch[01](2/3): current batch triplet loss = 0.0359, average epoch triplet loss = 0.0178
2022-01-12 11:49:03   Finished epoch 01 in 0:35:30, average epoch triplet loss = 0.0178
2022-01-12 11:49:03   Extracting database features for evaluation/testing
2022-01-12 11:51:57   Extracting queries features for evaluation/testing
2022-01-12 11:54:36   Calculating recalls
2022-01-12 11:55:11   Recalls on val set < BaseDataset, pitts30k - #database: 10000; #queries: 7608 >: R@1: 81.9, R@5: 92.4, R@10: 94.5, R@20: 96.5
2022-01-12 11:55:12   Improved: previous best R@5 = 89.6, current R@5 = 92.4
2022-01-12 11:55:12   Start training epoch: 02
2022-01-12 11:55:12   Cache: 0 / 3
2022-01-12 12:06:57   Epoch[02](0/3): current batch triplet loss = 0.0109, average epoch triplet loss = 0.0138
2022-01-12 12:06:57   Cache: 1 / 3
2022-01-12 12:18:41   Epoch[02](1/3): current batch triplet loss = 0.0022, average epoch triplet loss = 0.0123
2022-01-12 12:18:41   Cache: 2 / 3
2022-01-12 12:29:39   Epoch[02](2/3): current batch triplet loss = 0.0125, average epoch triplet loss = 0.0122
2022-01-12 12:29:39   Finished epoch 02 in 0:34:27, average epoch triplet loss = 0.0122
2022-01-12 12:29:39   Extracting database features for evaluation/testing
2022-01-12 12:32:08   Extracting queries features for evaluation/testing
2022-01-12 12:34:08   Calculating recalls
2022-01-12 12:34:36   Recalls on val set < BaseDataset, pitts30k - #database: 10000; #queries: 7608 >: R@1: 82.8, R@5: 93.0, R@10: 95.2, R@20: 97.1
2022-01-12 12:34:36   Improved: previous best R@5 = 92.4, current R@5 = 93.0
2022-01-12 12:34:36   Start training epoch: 03
2022-01-12 12:34:36   Cache: 0 / 3
2022-01-12 12:46:05   Epoch[03](0/3): current batch triplet loss = 0.0135, average epoch triplet loss = 0.0110
2022-01-12 12:46:05   Cache: 1 / 3
2022-01-12 12:57:10   Epoch[03](1/3): current batch triplet loss = 0.0130, average epoch triplet loss = 0.0096
2022-01-12 12:57:10   Cache: 2 / 3
2022-01-12 13:08:02   Epoch[03](2/3): current batch triplet loss = 0.0050, average epoch triplet loss = 0.0094
2022-01-12 13:08:02   Finished epoch 03 in 0:33:25, average epoch triplet loss = 0.0094
2022-01-12 13:08:02   Extracting database features for evaluation/testing
2022-01-12 13:10:24   Extracting queries features for evaluation/testing
2022-01-12 13:12:29   Calculating recalls
2022-01-12 13:12:59   Recalls on val set < BaseDataset, pitts30k - #database: 10000; #queries: 7608 >: R@1: 83.0, R@5: 93.4, R@10: 95.7, R@20: 97.2
2022-01-12 13:12:59   Improved: previous best R@5 = 93.0, current R@5 = 93.4
2022-01-12 13:12:59   Start training epoch: 04
2022-01-12 13:12:59   Cache: 0 / 3
2022-01-12 13:24:07   Epoch[04](0/3): current batch triplet loss = 0.0000, average epoch triplet loss = 0.0087
2022-01-12 13:24:07   Cache: 1 / 3
2022-01-12 13:35:21   Epoch[04](1/3): current batch triplet loss = 0.0166, average epoch triplet loss = 0.0084
2022-01-12 13:35:21   Cache: 2 / 3
2022-01-12 13:46:22   Epoch[04](2/3): current batch triplet loss = 0.0050, average epoch triplet loss = 0.0078
2022-01-12 13:46:22   Finished epoch 04 in 0:33:23, average epoch triplet loss = 0.0078
2022-01-12 13:46:22   Extracting database features for evaluation/testing
2022-01-12 13:49:00   Extracting queries features for evaluation/testing
2022-01-12 13:51:04   Calculating recalls
2022-01-12 13:51:33   Recalls on val set < BaseDataset, pitts30k - #database: 10000; #queries: 7608 >: R@1: 83.2, R@5: 93.1, R@10: 95.3, R@20: 97.0
2022-01-12 13:51:33   Not improved: 1 / 3: best R@5 = 93.4, current R@5 = 93.1
2022-01-12 13:51:33   Start training epoch: 05
2022-01-12 13:51:33   Cache: 0 / 3
2022-01-12 14:02:40   Epoch[05](0/3): current batch triplet loss = 0.0000, average epoch triplet loss = 0.0066
2022-01-12 14:02:40   Cache: 1 / 3
