2021-12-24 12:49:02   Arguments: Namespace(cache_refresh_rate=1000, datasets_folder='../data/', device='cuda', epochs_num=50, exp_name='default', infer_batch_size=16, lr=1e-05, margin=0.1, neg_samples_num=1000, negs_num_per_query=10, num_workers=8, output_folder='runs/default/2021-12-24_12-49-02', patience=3, queries_per_epoch=5000, recall_values=[1, 5, 10, 20], seed=0, train_batch_size=4, train_positives_dist_threshold=10, val_positive_dist_threshold=25)
2021-12-24 12:49:02   The outputs are being saved in runs/default/2021-12-24_12-49-02
2021-12-24 12:49:02   Using 1 GPUs and 8 CPUs
2021-12-24 12:49:02   Loading dataset Pitts30k from folder ../data/
2021-12-24 12:49:02   There are 96 queries without any positives within the training set. They won't be considered as they're useless for training.
2021-12-24 12:49:02   Train query set: < TripletsDataset, pitts30k - #database: 10000; #queries: 7320 >
2021-12-24 12:49:03   Val set: < BaseDataset, pitts30k - #database: 10000; #queries: 7608 >
2021-12-24 12:49:03   Test set: < BaseDataset, pitts30k - #database: 10000; #queries: 6816 >
2021-12-24 12:49:14   Train only conv4 of the ResNet-18 (remove conv5), freeze the previous ones
2021-12-24 12:49:17   Output dimension of the model is 256
2021-12-24 12:49:17   Start training epoch: 00
2021-12-24 12:49:17   Cache: 0 / 5
2021-12-24 12:58:31   Epoch[00](0/5): current batch triplet loss = 0.0691, average epoch triplet loss = 0.0794
2021-12-24 12:58:31   Cache: 1 / 5
2021-12-24 13:06:28   Epoch[00](1/5): current batch triplet loss = 0.0927, average epoch triplet loss = 0.0766
2021-12-24 13:06:28   Cache: 2 / 5
2021-12-24 13:14:15   Epoch[00](2/5): current batch triplet loss = 0.0746, average epoch triplet loss = 0.0743
2021-12-24 13:14:16   Cache: 3 / 5
2021-12-24 13:21:58   Epoch[00](3/5): current batch triplet loss = 0.0800, average epoch triplet loss = 0.0725
2021-12-24 13:21:58   Cache: 4 / 5
2021-12-24 13:29:38   Epoch[00](4/5): current batch triplet loss = 0.0739, average epoch triplet loss = 0.0712
2021-12-24 13:29:38   Finished epoch 00 in 0:40:20, average epoch triplet loss = 0.0712
2021-12-24 13:29:38   Extracting database features for evaluation/testing
2021-12-24 13:32:09   Extracting queries features for evaluation/testing
2021-12-24 13:34:12   Calculating recalls
2021-12-24 13:34:15   Recalls on val set < BaseDataset, pitts30k - #database: 10000; #queries: 7608 >: R@1: 57.0, R@5: 77.4, R@10: 84.5, R@20: 89.9
2021-12-24 13:34:16   Improved: previous best R@5 = 0.0, current R@5 = 77.4
2021-12-24 13:34:16   Start training epoch: 01
2021-12-24 13:34:16   Cache: 0 / 5
2021-12-24 13:41:56   Epoch[01](0/5): current batch triplet loss = 0.0691, average epoch triplet loss = 0.0629
2021-12-24 13:41:56   Cache: 1 / 5
2021-12-24 13:49:35   Epoch[01](1/5): current batch triplet loss = 0.0537, average epoch triplet loss = 0.0624
2021-12-24 13:49:35   Cache: 2 / 5
2021-12-24 13:57:13   Epoch[01](2/5): current batch triplet loss = 0.0640, average epoch triplet loss = 0.0616
2021-12-24 13:57:13   Cache: 3 / 5
2021-12-24 14:04:50   Epoch[01](3/5): current batch triplet loss = 0.0617, average epoch triplet loss = 0.0612
2021-12-24 14:04:50   Cache: 4 / 5
2021-12-24 14:12:28   Epoch[01](4/5): current batch triplet loss = 0.0534, average epoch triplet loss = 0.0609
2021-12-24 14:12:28   Finished epoch 01 in 0:38:11, average epoch triplet loss = 0.0609
2021-12-24 14:12:29   Extracting database features for evaluation/testing
2021-12-24 14:14:59   Extracting queries features for evaluation/testing
2021-12-24 14:16:56   Calculating recalls
2021-12-24 14:16:58   Recalls on val set < BaseDataset, pitts30k - #database: 10000; #queries: 7608 >: R@1: 59.5, R@5: 78.9, R@10: 85.0, R@20: 90.4
2021-12-24 14:16:58   Improved: previous best R@5 = 77.4, current R@5 = 78.9
2021-12-24 14:16:58   Start training epoch: 02
2021-12-24 14:16:58   Cache: 0 / 5
2021-12-24 14:24:36   Epoch[02](0/5): current batch triplet loss = 0.0610, average epoch triplet loss = 0.0566
2021-12-24 14:24:36   Cache: 1 / 5
2021-12-24 14:32:16   Epoch[02](1/5): current batch triplet loss = 0.0435, average epoch triplet loss = 0.0564
2021-12-24 14:32:16   Cache: 2 / 5
2021-12-24 14:39:55   Epoch[02](2/5): current batch triplet loss = 0.0353, average epoch triplet loss = 0.0560
2021-12-24 14:39:55   Cache: 3 / 5
2021-12-24 14:47:35   Epoch[02](3/5): current batch triplet loss = 0.0399, average epoch triplet loss = 0.0552
2021-12-24 14:47:35   Cache: 4 / 5
2021-12-24 14:55:16   Epoch[02](4/5): current batch triplet loss = 0.0437, average epoch triplet loss = 0.0549
2021-12-24 14:55:16   Finished epoch 02 in 0:38:17, average epoch triplet loss = 0.0549
2021-12-24 14:55:17   Extracting database features for evaluation/testing
2021-12-24 14:57:47   Extracting queries features for evaluation/testing
2021-12-24 14:59:45   Calculating recalls
2021-12-24 14:59:46   Recalls on val set < BaseDataset, pitts30k - #database: 10000; #queries: 7608 >: R@1: 60.4, R@5: 80.0, R@10: 86.0, R@20: 91.0
2021-12-24 14:59:47   Improved: previous best R@5 = 78.9, current R@5 = 80.0
2021-12-24 14:59:47   Start training epoch: 03
2021-12-24 14:59:47   Cache: 0 / 5
2021-12-24 15:07:26   Epoch[03](0/5): current batch triplet loss = 0.0295, average epoch triplet loss = 0.0515
2021-12-24 15:07:27   Cache: 1 / 5
2021-12-24 15:15:06   Epoch[03](1/5): current batch triplet loss = 0.0473, average epoch triplet loss = 0.0520
2021-12-24 15:15:06   Cache: 2 / 5
2021-12-24 15:22:45   Epoch[03](2/5): current batch triplet loss = 0.0538, average epoch triplet loss = 0.0518
2021-12-24 15:22:45   Cache: 3 / 5
2021-12-24 15:30:24   Epoch[03](3/5): current batch triplet loss = 0.0663, average epoch triplet loss = 0.0516
2021-12-24 15:30:25   Cache: 4 / 5
2021-12-24 15:38:03   Epoch[03](4/5): current batch triplet loss = 0.0796, average epoch triplet loss = 0.0513
2021-12-24 15:38:03   Finished epoch 03 in 0:38:16, average epoch triplet loss = 0.0513
2021-12-24 15:38:03   Extracting database features for evaluation/testing
2021-12-24 15:40:34   Extracting queries features for evaluation/testing
2021-12-24 15:42:32   Calculating recalls
2021-12-24 15:42:33   Recalls on val set < BaseDataset, pitts30k - #database: 10000; #queries: 7608 >: R@1: 61.6, R@5: 80.8, R@10: 86.6, R@20: 91.7
2021-12-24 15:42:34   Improved: previous best R@5 = 80.0, current R@5 = 80.8
2021-12-24 15:42:34   Start training epoch: 04
2021-12-24 15:42:34   Cache: 0 / 5
2021-12-24 15:50:19   Epoch[04](0/5): current batch triplet loss = 0.0275, average epoch triplet loss = 0.0490
2021-12-24 15:50:19   Cache: 1 / 5
2021-12-24 15:57:59   Epoch[04](1/5): current batch triplet loss = 0.0571, average epoch triplet loss = 0.0484
2021-12-24 15:57:59   Cache: 2 / 5
2021-12-24 16:05:40   Epoch[04](2/5): current batch triplet loss = 0.0565, average epoch triplet loss = 0.0486
2021-12-24 16:05:40   Cache: 3 / 5
2021-12-24 16:13:21   Epoch[04](3/5): current batch triplet loss = 0.0520, average epoch triplet loss = 0.0489
2021-12-24 16:13:21   Cache: 4 / 5
2021-12-24 16:21:00   Epoch[04](4/5): current batch triplet loss = 0.0383, average epoch triplet loss = 0.0487
2021-12-24 16:21:01   Finished epoch 04 in 0:38:26, average epoch triplet loss = 0.0487
2021-12-24 16:21:01   Extracting database features for evaluation/testing
2021-12-24 16:23:32   Extracting queries features for evaluation/testing
2021-12-24 16:25:32   Calculating recalls
2021-12-24 16:25:33   Recalls on val set < BaseDataset, pitts30k - #database: 10000; #queries: 7608 >: R@1: 61.6, R@5: 80.8, R@10: 86.9, R@20: 91.9
2021-12-24 16:25:33   Not improved: 1 / 3: best R@5 = 80.8, current R@5 = 80.8
2021-12-24 16:25:33   Start training epoch: 05
2021-12-24 16:25:33   Cache: 0 / 5
2021-12-24 16:33:16   Epoch[05](0/5): current batch triplet loss = 0.0411, average epoch triplet loss = 0.0478
2021-12-24 16:33:17   Cache: 1 / 5
2021-12-24 16:41:00   Epoch[05](1/5): current batch triplet loss = 0.0430, average epoch triplet loss = 0.0458
2021-12-24 16:41:00   Cache: 2 / 5
2021-12-24 16:48:43   Epoch[05](2/5): current batch triplet loss = 0.0295, average epoch triplet loss = 0.0460
2021-12-24 16:48:43   Cache: 3 / 5
2021-12-24 16:56:25   Epoch[05](3/5): current batch triplet loss = 0.0131, average epoch triplet loss = 0.0459
2021-12-24 16:56:26   Cache: 4 / 5
2021-12-24 17:04:09   Epoch[05](4/5): current batch triplet loss = 0.0394, average epoch triplet loss = 0.0456
2021-12-24 17:04:10   Finished epoch 05 in 0:38:36, average epoch triplet loss = 0.0456
2021-12-24 17:04:10   Extracting database features for evaluation/testing
2021-12-24 17:06:42   Extracting queries features for evaluation/testing
2021-12-24 17:08:39   Calculating recalls
2021-12-24 17:08:40   Recalls on val set < BaseDataset, pitts30k - #database: 10000; #queries: 7608 >: R@1: 60.5, R@5: 80.1, R@10: 86.1, R@20: 91.4
2021-12-24 17:08:41   Not improved: 2 / 3: best R@5 = 80.8, current R@5 = 80.1
2021-12-24 17:08:41   Start training epoch: 06
2021-12-24 17:08:41   Cache: 0 / 5
2021-12-24 17:16:25   Epoch[06](0/5): current batch triplet loss = 0.0584, average epoch triplet loss = 0.0445
2021-12-24 17:16:25   Cache: 1 / 5
2021-12-24 17:24:08   Epoch[06](1/5): current batch triplet loss = 0.0235, average epoch triplet loss = 0.0445
2021-12-24 17:24:09   Cache: 2 / 5
2021-12-24 17:31:52   Epoch[06](2/5): current batch triplet loss = 0.0336, average epoch triplet loss = 0.0437
2021-12-24 17:31:52   Cache: 3 / 5
2021-12-24 17:39:34   Epoch[06](3/5): current batch triplet loss = 0.0413, average epoch triplet loss = 0.0440
2021-12-24 17:39:35   Cache: 4 / 5
2021-12-24 17:47:16   Epoch[06](4/5): current batch triplet loss = 0.0321, average epoch triplet loss = 0.0438
2021-12-24 17:47:16   Finished epoch 06 in 0:38:35, average epoch triplet loss = 0.0438
2021-12-24 17:47:17   Extracting database features for evaluation/testing
2021-12-24 17:49:48   Extracting queries features for evaluation/testing
2021-12-24 17:51:47   Calculating recalls
2021-12-24 17:51:48   Recalls on val set < BaseDataset, pitts30k - #database: 10000; #queries: 7608 >: R@1: 61.5, R@5: 80.7, R@10: 87.1, R@20: 92.3
2021-12-24 17:51:48   Not improved: 3 / 3: best R@5 = 80.8, current R@5 = 80.7
2021-12-24 17:51:48   Performance did not improve for 3 epochs. Stop training.
2021-12-24 17:51:48   Best R@5: 80.8
2021-12-24 17:51:48   Trained for 07 epochs, in total in 5:02:46
2021-12-24 17:51:50   Extracting database features for evaluation/testing
2021-12-24 17:54:44   Extracting queries features for evaluation/testing
2021-12-24 17:56:47   Calculating recalls
2021-12-24 17:56:49   Recalls on < BaseDataset, pitts30k - #database: 10000; #queries: 6816 >: R@1: 60.1, R@5: 80.4, R@10: 86.5, R@20: 91.1
