2021-12-24 12:49:02   Arguments: Namespace(cache_refresh_rate=1000, datasets_folder='../data/', device='cuda', epochs_num=50, exp_name='default', infer_batch_size=16, lr=1e-05, margin=0.1, neg_samples_num=1000, negs_num_per_query=10, num_workers=8, output_folder='runs/default/2021-12-24_12-49-02', patience=3, queries_per_epoch=5000, recall_values=[1, 5, 10, 20], seed=0, train_batch_size=4, train_positives_dist_threshold=10, val_positive_dist_threshold=25)
2021-12-24 12:49:02   The outputs are being saved in runs/default/2021-12-24_12-49-02
2021-12-24 12:49:02   Using 1 GPUs and 8 CPUs
2021-12-24 12:49:02   There are 96 queries without any positives within the training set. They won't be considered as they're useless for training.
2021-12-24 12:49:02   Train query set: < TripletsDataset, pitts30k - #database: 10000; #queries: 7320 >
2021-12-24 12:49:03   Val set: < BaseDataset, pitts30k - #database: 10000; #queries: 7608 >
2021-12-24 12:49:03   Test set: < BaseDataset, pitts30k - #database: 10000; #queries: 6816 >
2021-12-24 12:49:17   Output dimension of the model is 256
2021-12-24 12:49:17   Start training epoch: 00
2021-12-24 13:29:38   Finished epoch 00 in 0:40:20, average epoch triplet loss = 0.0712
2021-12-24 13:34:15   Recalls on val set < BaseDataset, pitts30k - #database: 10000; #queries: 7608 >: R@1: 57.0, R@5: 77.4, R@10: 84.5, R@20: 89.9
2021-12-24 13:34:16   Improved: previous best R@5 = 0.0, current R@5 = 77.4
2021-12-24 13:34:16   Start training epoch: 01
2021-12-24 14:12:28   Finished epoch 01 in 0:38:11, average epoch triplet loss = 0.0609
2021-12-24 14:16:58   Recalls on val set < BaseDataset, pitts30k - #database: 10000; #queries: 7608 >: R@1: 59.5, R@5: 78.9, R@10: 85.0, R@20: 90.4
2021-12-24 14:16:58   Improved: previous best R@5 = 77.4, current R@5 = 78.9
2021-12-24 14:16:58   Start training epoch: 02
2021-12-24 14:55:16   Finished epoch 02 in 0:38:17, average epoch triplet loss = 0.0549
2021-12-24 14:59:46   Recalls on val set < BaseDataset, pitts30k - #database: 10000; #queries: 7608 >: R@1: 60.4, R@5: 80.0, R@10: 86.0, R@20: 91.0
2021-12-24 14:59:47   Improved: previous best R@5 = 78.9, current R@5 = 80.0
2021-12-24 14:59:47   Start training epoch: 03
2021-12-24 15:38:03   Finished epoch 03 in 0:38:16, average epoch triplet loss = 0.0513
2021-12-24 15:42:33   Recalls on val set < BaseDataset, pitts30k - #database: 10000; #queries: 7608 >: R@1: 61.6, R@5: 80.8, R@10: 86.6, R@20: 91.7
2021-12-24 15:42:34   Improved: previous best R@5 = 80.0, current R@5 = 80.8
2021-12-24 15:42:34   Start training epoch: 04
2021-12-24 16:21:01   Finished epoch 04 in 0:38:26, average epoch triplet loss = 0.0487
2021-12-24 16:25:33   Recalls on val set < BaseDataset, pitts30k - #database: 10000; #queries: 7608 >: R@1: 61.6, R@5: 80.8, R@10: 86.9, R@20: 91.9
2021-12-24 16:25:33   Not improved: 1 / 3: best R@5 = 80.8, current R@5 = 80.8
2021-12-24 16:25:33   Start training epoch: 05
2021-12-24 17:04:10   Finished epoch 05 in 0:38:36, average epoch triplet loss = 0.0456
2021-12-24 17:08:40   Recalls on val set < BaseDataset, pitts30k - #database: 10000; #queries: 7608 >: R@1: 60.5, R@5: 80.1, R@10: 86.1, R@20: 91.4
2021-12-24 17:08:41   Not improved: 2 / 3: best R@5 = 80.8, current R@5 = 80.1
2021-12-24 17:08:41   Start training epoch: 06
2021-12-24 17:47:16   Finished epoch 06 in 0:38:35, average epoch triplet loss = 0.0438
2021-12-24 17:51:48   Recalls on val set < BaseDataset, pitts30k - #database: 10000; #queries: 7608 >: R@1: 61.5, R@5: 80.7, R@10: 87.1, R@20: 92.3
2021-12-24 17:51:48   Not improved: 3 / 3: best R@5 = 80.8, current R@5 = 80.7
2021-12-24 17:51:48   Performance did not improve for 3 epochs. Stop training.
2021-12-24 17:51:48   Best R@5: 80.8
2021-12-24 17:51:48   Trained for 07 epochs, in total in 5:02:46
2021-12-24 17:56:49   Recalls on < BaseDataset, pitts30k - #database: 10000; #queries: 6816 >: R@1: 60.1, R@5: 80.4, R@10: 86.5, R@20: 91.1
