2022-01-03 18:08:42   Arguments: Namespace(cache_refresh_rate=1000, datasets_folder='../data/', device='cuda', epochs_num=20, exp_name='./runs/NetVlad_abl', gem_power=None, infer_batch_size=16, lr=1e-06, margin=0.1, neg_samples_num=1000, negs_num_per_query=10, netvlad_clusters=32, num_workers=4, output_folder='runs\\./runs/NetVlad_abl\\2022-01-03_18-08-42', patience=3, queries_per_epoch=3000, recall_values=[1, 5, 10, 20], seed=0, train_batch_size=4, train_positives_dist_threshold=10, val_positive_dist_threshold=25)
2022-01-03 18:08:42   The outputs are being saved in runs\./runs/NetVlad_abl\2022-01-03_18-08-42
2022-01-03 18:08:42   Using 1 GPUs and 8 CPUs
2022-01-03 18:08:42   Loading dataset Pitts30k from folder ../data/
2022-01-03 18:08:43   There are 96 queries without any positives within the training set. They won't be considered as they're useless for training.
2022-01-03 18:08:43   Train query set: < TripletsDataset, pitts30k - #database: 10000; #queries: 7320 >
2022-01-03 18:08:44   Val set: < BaseDataset, pitts30k - #database: 10000; #queries: 7608 >
2022-01-03 18:08:44   Test set: < BaseDataset, pitts30k - #database: 10000; #queries: 6816 >
2022-01-03 18:08:45   Train only conv4 of the ResNet-18 (remove conv5), freeze the previous ones
2022-01-03 18:08:45   Output dimension of the model is 8192
2022-01-03 18:08:45   Start training epoch: 00
2022-01-03 18:08:45   Cache: 0 / 3
2022-01-03 18:18:15   Epoch[00](0/3): current batch triplet loss = 0.0984, average epoch triplet loss = 0.0983
2022-01-03 18:18:15   Cache: 1 / 3
2022-01-03 18:27:18   Epoch[00](1/3): current batch triplet loss = 0.0991, average epoch triplet loss = 0.0992
2022-01-03 18:27:18   Cache: 2 / 3
2022-01-03 18:36:05   Epoch[00](2/3): current batch triplet loss = 0.0993, average epoch triplet loss = 0.0995
2022-01-03 18:36:05   Finished epoch 00 in 0:27:19, average epoch triplet loss = 0.0995
2022-01-03 18:36:05   Extracting database features for evaluation/testing
2022-01-03 18:39:15   Extracting queries features for evaluation/testing
2022-01-03 18:41:45   Calculating recalls
2022-01-03 18:42:04   Recalls on val set < BaseDataset, pitts30k - #database: 10000; #queries: 7608 >: R@1: 18.8, R@5: 38.4, R@10: 50.3, R@20: 64.1
2022-01-03 18:42:04   Improved: previous best R@5 = 0.0, current R@5 = 38.4
2022-01-03 18:42:04   Start training epoch: 01
2022-01-03 18:42:04   Cache: 0 / 3
2022-01-03 18:50:39   Epoch[01](0/3): current batch triplet loss = 0.0997, average epoch triplet loss = 0.0994
2022-01-03 18:50:39   Cache: 1 / 3
2022-01-03 18:59:33   Epoch[01](1/3): current batch triplet loss = 0.0998, average epoch triplet loss = 0.0999
2022-01-03 18:59:33   Cache: 2 / 3
2022-01-03 19:08:16   Epoch[01](2/3): current batch triplet loss = 0.0978, average epoch triplet loss = 0.0996
2022-01-03 19:08:16   Finished epoch 01 in 0:26:11, average epoch triplet loss = 0.0996
2022-01-03 19:08:16   Extracting database features for evaluation/testing
2022-01-03 19:11:00   Extracting queries features for evaluation/testing
2022-01-03 19:13:10   Calculating recalls
2022-01-03 19:13:29   Recalls on val set < BaseDataset, pitts30k - #database: 10000; #queries: 7608 >: R@1: 18.2, R@5: 37.5, R@10: 49.7, R@20: 62.9
2022-01-03 19:13:29   Not improved: 1 / 3: best R@5 = 38.4, current R@5 = 37.5
2022-01-03 19:13:29   Start training epoch: 02
2022-01-03 19:13:29   Cache: 0 / 3
2022-01-03 19:21:58   Epoch[02](0/3): current batch triplet loss = 0.0997, average epoch triplet loss = 0.0999
2022-01-03 19:21:58   Cache: 1 / 3
2022-01-03 19:30:22   Epoch[02](1/3): current batch triplet loss = 0.0965, average epoch triplet loss = 0.0999
2022-01-03 19:30:22   Cache: 2 / 3
2022-01-03 19:38:36   Epoch[02](2/3): current batch triplet loss = 0.1066, average epoch triplet loss = 0.0998
2022-01-03 19:38:36   Finished epoch 02 in 0:25:07, average epoch triplet loss = 0.0998
2022-01-03 19:38:36   Extracting database features for evaluation/testing
2022-01-03 19:41:25   Extracting queries features for evaluation/testing
2022-01-03 19:43:38   Calculating recalls
2022-01-03 19:43:57   Recalls on val set < BaseDataset, pitts30k - #database: 10000; #queries: 7608 >: R@1: 18.4, R@5: 38.2, R@10: 50.2, R@20: 62.9
2022-01-03 19:43:58   Not improved: 2 / 3: best R@5 = 38.4, current R@5 = 38.2
2022-01-03 19:43:58   Start training epoch: 03
2022-01-03 19:43:58   Cache: 0 / 3
2022-01-03 19:52:56   Epoch[03](0/3): current batch triplet loss = 0.0970, average epoch triplet loss = 0.0995
2022-01-03 19:52:56   Cache: 1 / 3
2022-01-03 20:02:28   Epoch[03](1/3): current batch triplet loss = 0.0986, average epoch triplet loss = 0.0993
2022-01-03 20:02:28   Cache: 2 / 3
2022-01-03 20:11:40   Epoch[03](2/3): current batch triplet loss = 0.1011, average epoch triplet loss = 0.0996
2022-01-03 20:11:40   Finished epoch 03 in 0:27:42, average epoch triplet loss = 0.0996
2022-01-03 20:11:40   Extracting database features for evaluation/testing
2022-01-03 20:14:43   Extracting queries features for evaluation/testing
2022-01-03 20:17:00   Calculating recalls
2022-01-03 20:17:19   Recalls on val set < BaseDataset, pitts30k - #database: 10000; #queries: 7608 >: R@1: 19.5, R@5: 39.3, R@10: 51.5, R@20: 64.4
2022-01-03 20:17:19   Improved: previous best R@5 = 38.4, current R@5 = 39.3
2022-01-03 20:17:19   Start training epoch: 04
2022-01-03 20:17:19   Cache: 0 / 3
2022-01-03 20:26:21   Epoch[04](0/3): current batch triplet loss = 0.1221, average epoch triplet loss = 0.0998
2022-01-03 20:26:21   Cache: 1 / 3
2022-01-03 20:34:40   Epoch[04](1/3): current batch triplet loss = 0.0965, average epoch triplet loss = 0.0995
2022-01-03 20:34:40   Cache: 2 / 3
2022-01-03 20:42:51   Epoch[04](2/3): current batch triplet loss = 0.0997, average epoch triplet loss = 0.0997
2022-01-03 20:42:51   Finished epoch 04 in 0:25:31, average epoch triplet loss = 0.0997
2022-01-03 20:42:51   Extracting database features for evaluation/testing
2022-01-03 20:45:40   Extracting queries features for evaluation/testing
2022-01-03 20:47:49   Calculating recalls
2022-01-03 20:48:07   Recalls on val set < BaseDataset, pitts30k - #database: 10000; #queries: 7608 >: R@1: 18.4, R@5: 37.7, R@10: 50.4, R@20: 63.7
2022-01-03 20:48:07   Not improved: 1 / 3: best R@5 = 39.3, current R@5 = 37.7
2022-01-03 20:48:07   Start training epoch: 05
2022-01-03 20:48:07   Cache: 0 / 3
2022-01-03 20:56:36   Epoch[05](0/3): current batch triplet loss = 0.1011, average epoch triplet loss = 0.1000
2022-01-03 20:56:36   Cache: 1 / 3
2022-01-03 21:05:29   Epoch[05](1/3): current batch triplet loss = 0.0998, average epoch triplet loss = 0.0999
2022-01-03 21:05:29   Cache: 2 / 3
2022-01-03 21:14:08   Epoch[05](2/3): current batch triplet loss = 0.0922, average epoch triplet loss = 0.0997
2022-01-03 21:14:08   Finished epoch 05 in 0:26:01, average epoch triplet loss = 0.0997
2022-01-03 21:14:08   Extracting database features for evaluation/testing
2022-01-03 21:16:50   Extracting queries features for evaluation/testing
2022-01-03 21:19:01   Calculating recalls
2022-01-03 21:19:20   Recalls on val set < BaseDataset, pitts30k - #database: 10000; #queries: 7608 >: R@1: 18.0, R@5: 37.7, R@10: 50.3, R@20: 63.5
2022-01-03 21:19:20   Not improved: 2 / 3: best R@5 = 39.3, current R@5 = 37.7
2022-01-03 21:19:20   Start training epoch: 06
2022-01-03 21:19:20   Cache: 0 / 3
2022-01-03 21:28:16   Epoch[06](0/3): current batch triplet loss = 0.0899, average epoch triplet loss = 0.0997
2022-01-03 21:28:16   Cache: 1 / 3
2022-01-03 21:37:28   Epoch[06](1/3): current batch triplet loss = 0.0993, average epoch triplet loss = 0.1000
2022-01-03 21:37:28   Cache: 2 / 3
2022-01-03 21:45:51   Epoch[06](2/3): current batch triplet loss = 0.0990, average epoch triplet loss = 0.1003
2022-01-03 21:45:51   Finished epoch 06 in 0:26:31, average epoch triplet loss = 0.1003
2022-01-03 21:45:51   Extracting database features for evaluation/testing
2022-01-03 21:48:33   Extracting queries features for evaluation/testing
2022-01-03 21:50:34   Calculating recalls
2022-01-03 21:50:53   Recalls on val set < BaseDataset, pitts30k - #database: 10000; #queries: 7608 >: R@1: 18.1, R@5: 36.9, R@10: 48.7, R@20: 62.0
2022-01-03 21:50:53   Not improved: 3 / 3: best R@5 = 39.3, current R@5 = 36.9
2022-01-03 21:50:53   Performance did not improve for 3 epochs. Stop training.
2022-01-03 21:50:53   Best R@5: 39.3
2022-01-03 21:50:53   Trained for 07 epochs, in total in 3:42:11
2022-01-03 21:50:53   Extracting database features for evaluation/testing
2022-01-03 21:54:01   Extracting queries features for evaluation/testing
2022-01-03 21:56:15   Calculating recalls
2022-01-03 21:56:32   Recalls on < BaseDataset, pitts30k - #database: 10000; #queries: 6816 >: R@1: 23.7, R@5: 44.8, R@10: 56.6, R@20: 68.7
