2022-01-09 02:27:53   Arguments: Namespace(augment_data=True, cache_refresh_rate=1000, datasets_folder='../data/', device='cuda', epochs_num=20, exp_name='./runs/augment', gem_power=None, infer_batch_size=16, lr=0.0001, margin=0.1, neg_samples_num=1000, negs_num_per_query=10, netvlad_clusters=32, num_workers=4, optimizer='Adam', output_folder='runs\\./runs/augment\\2022-01-09_02-27-53', patience=3, queries_per_epoch=3000, recall_values=[1, 5, 10, 20], seed=0, train_batch_size=2, train_positives_dist_threshold=10, val_positive_dist_threshold=25)
2022-01-09 02:27:53   The outputs are being saved in runs\./runs/augment\2022-01-09_02-27-53
2022-01-09 02:27:53   Using 1 GPUs and 8 CPUs
2022-01-09 02:27:53   There are 96 queries without any positives within the training set. They won't be considered as they're useless for training.
2022-01-09 02:27:53   Train query set: < TripletsDataset, pitts30k - #database: 10000; #queries: 7320 >
2022-01-09 02:27:54   Val set: < BaseDataset, pitts30k - #database: 10000; #queries: 7608 >
2022-01-09 02:27:54   Test set: < BaseDataset, pitts30k - #database: 10000; #queries: 6816 >
2022-01-09 02:27:55   Output dimension of the model is 8192
2022-01-09 02:27:55   Start training epoch: 00
2022-01-09 02:53:20   Finished epoch 00 in 0:25:25, average epoch triplet loss = 0.0977
2022-01-09 02:58:41   Recalls on val set < BaseDataset, pitts30k - #database: 10000; #queries: 7608 >: R@1: 46.1, R@5: 67.2, R@10: 76.1, R@20: 83.6
2022-01-09 02:58:41   Improved: previous best R@5 = 0.0, current R@5 = 67.2
2022-01-09 02:58:41   Start training epoch: 01
2022-01-09 03:23:54   Finished epoch 01 in 0:25:13, average epoch triplet loss = 0.0966
2022-01-09 03:28:46   Recalls on val set < BaseDataset, pitts30k - #database: 10000; #queries: 7608 >: R@1: 52.8, R@5: 73.3, R@10: 80.2, R@20: 86.4
2022-01-09 03:28:46   Improved: previous best R@5 = 67.2, current R@5 = 73.3
2022-01-09 03:28:46   Start training epoch: 02
2022-01-09 03:53:58   Finished epoch 02 in 0:25:12, average epoch triplet loss = 0.0963
2022-01-09 03:58:52   Recalls on val set < BaseDataset, pitts30k - #database: 10000; #queries: 7608 >: R@1: 53.3, R@5: 74.3, R@10: 81.4, R@20: 86.9
2022-01-09 03:58:53   Improved: previous best R@5 = 73.3, current R@5 = 74.3
2022-01-09 03:58:53   Start training epoch: 03
2022-01-09 04:24:25   Finished epoch 03 in 0:25:32, average epoch triplet loss = 0.0960
2022-01-09 04:29:54   Recalls on val set < BaseDataset, pitts30k - #database: 10000; #queries: 7608 >: R@1: 47.0, R@5: 68.2, R@10: 75.9, R@20: 83.6
2022-01-09 04:29:54   Not improved: 1 / 3: best R@5 = 74.3, current R@5 = 68.2
2022-01-09 04:29:54   Start training epoch: 04
2022-01-09 04:55:59   Finished epoch 04 in 0:26:05, average epoch triplet loss = 0.0958
2022-01-09 05:01:27   Recalls on val set < BaseDataset, pitts30k - #database: 10000; #queries: 7608 >: R@1: 47.2, R@5: 68.4, R@10: 75.9, R@20: 83.2
2022-01-09 05:01:27   Not improved: 2 / 3: best R@5 = 74.3, current R@5 = 68.4
2022-01-09 05:01:27   Start training epoch: 05
2022-01-09 05:26:42   Finished epoch 05 in 0:25:14, average epoch triplet loss = 0.0951
2022-01-09 05:31:34   Recalls on val set < BaseDataset, pitts30k - #database: 10000; #queries: 7608 >: R@1: 54.1, R@5: 74.5, R@10: 81.2, R@20: 86.9
2022-01-09 05:31:34   Improved: previous best R@5 = 74.3, current R@5 = 74.5
2022-01-09 05:31:34   Start training epoch: 06
2022-01-09 05:56:54   Finished epoch 06 in 0:25:19, average epoch triplet loss = 0.0943
2022-01-09 06:01:50   Recalls on val set < BaseDataset, pitts30k - #database: 10000; #queries: 7608 >: R@1: 49.5, R@5: 70.3, R@10: 78.1, R@20: 84.7
2022-01-09 06:01:50   Not improved: 1 / 3: best R@5 = 74.5, current R@5 = 70.3
2022-01-09 06:01:50   Start training epoch: 07
2022-01-09 06:27:01   Finished epoch 07 in 0:25:10, average epoch triplet loss = 0.0935
2022-01-09 06:31:52   Recalls on val set < BaseDataset, pitts30k - #database: 10000; #queries: 7608 >: R@1: 40.9, R@5: 60.4, R@10: 68.2, R@20: 76.3
2022-01-09 06:31:52   Not improved: 2 / 3: best R@5 = 74.5, current R@5 = 60.4
2022-01-09 06:31:52   Start training epoch: 08
2022-01-09 06:57:13   Finished epoch 08 in 0:25:21, average epoch triplet loss = 0.0912
2022-01-09 07:02:12   Recalls on val set < BaseDataset, pitts30k - #database: 10000; #queries: 7608 >: R@1: 37.5, R@5: 57.3, R@10: 65.8, R@20: 74.2
2022-01-09 07:02:12   Not improved: 3 / 3: best R@5 = 74.5, current R@5 = 57.3
2022-01-09 07:02:12   Performance did not improve for 3 epochs. Stop training.
2022-01-09 07:02:12   Best R@5: 74.5
2022-01-09 07:02:12   Trained for 09 epochs, in total in 4:34:19
2022-01-09 07:07:32   Recalls on < BaseDataset, pitts30k - #database: 10000; #queries: 6816 >: R@1: 51.7, R@5: 72.9, R@10: 81.0, R@20: 87.6
