2022-01-11 13:24:18   Arguments: Namespace(augment_data=0, cache_refresh_rate=1000, datasets_folder='../data/', device='cuda', epochs_num=20, exp_name='./runs/NetVlad_abl', gem_power=None, infer_batch_size=16, lr=1e-05, margin=0.1, neg_samples_num=1000, negs_num_per_query=10, netvlad_clusters=64, num_workers=4, optimizer='Adam', output_folder='runs\\./runs/NetVlad_abl\\2022-01-11_13-24-18', patience=3, queries_per_epoch=3000, recall_values=[1, 5, 10, 20], seed=0, train_batch_size=2, train_positives_dist_threshold=10, val_positive_dist_threshold=25)
2022-01-11 13:24:18   The outputs are being saved in runs\./runs/NetVlad_abl\2022-01-11_13-24-18
2022-01-11 13:24:19   Using 1 GPUs and 8 CPUs
2022-01-11 13:24:19   Loading dataset Pitts30k from folder ../data/
2022-01-11 13:24:20   There are 96 queries without any positives within the training set. They won't be considered as they're useless for training.
2022-01-11 13:24:20   Train query set: < TripletsDataset, pitts30k - #database: 10000; #queries: 7320 >
2022-01-11 13:24:21   Val set: < BaseDataset, pitts30k - #database: 10000; #queries: 7608 >
2022-01-11 13:24:21   Test set: < BaseDataset, pitts30k - #database: 10000; #queries: 6816 >
2022-01-11 13:24:22   Train only conv4 of the ResNet-18 (remove conv5), freeze the previous ones
2022-01-11 13:24:23   Output dimension of the model is 16384
2022-01-11 13:24:23   Start training epoch: 00
2022-01-11 13:24:23   Cache: 0 / 3
2022-01-11 13:35:43   Epoch[00](0/3): current batch triplet loss = 0.0580, average epoch triplet loss = 0.0794
2022-01-11 13:35:43   Cache: 1 / 3
2022-01-11 13:47:41   Epoch[00](1/3): current batch triplet loss = 0.0879, average epoch triplet loss = 0.0764
2022-01-11 13:47:41   Cache: 2 / 3
2022-01-11 13:58:22   Epoch[00](2/3): current batch triplet loss = 0.0626, average epoch triplet loss = 0.0738
2022-01-11 13:58:22   Finished epoch 00 in 0:33:58, average epoch triplet loss = 0.0738
2022-01-11 13:58:22   Extracting database features for evaluation/testing
2022-01-11 14:01:03   Extracting queries features for evaluation/testing
2022-01-11 14:03:24   Calculating recalls
2022-01-11 14:03:53   Recalls on val set < BaseDataset, pitts30k - #database: 10000; #queries: 7608 >: R@1: 79.7, R@5: 91.1, R@10: 94.0, R@20: 96.3
2022-01-11 14:03:53   Improved: previous best R@5 = 0.0, current R@5 = 91.1
2022-01-11 14:03:53   Start training epoch: 01
2022-01-11 14:03:53   Cache: 0 / 3
2022-01-11 14:14:55   Epoch[01](0/3): current batch triplet loss = 0.0750, average epoch triplet loss = 0.0659
2022-01-11 14:14:55   Cache: 1 / 3
2022-01-11 14:25:24   Epoch[01](1/3): current batch triplet loss = 0.0598, average epoch triplet loss = 0.0644
2022-01-11 14:25:24   Cache: 2 / 3
2022-01-11 14:35:55   Epoch[01](2/3): current batch triplet loss = 0.0880, average epoch triplet loss = 0.0625
2022-01-11 14:35:55   Finished epoch 01 in 0:32:01, average epoch triplet loss = 0.0625
2022-01-11 14:35:55   Extracting database features for evaluation/testing
2022-01-11 14:38:28   Extracting queries features for evaluation/testing
2022-01-11 14:40:37   Calculating recalls
2022-01-11 14:41:08   Recalls on val set < BaseDataset, pitts30k - #database: 10000; #queries: 7608 >: R@1: 82.5, R@5: 92.5, R@10: 94.9, R@20: 96.6
2022-01-11 14:41:08   Improved: previous best R@5 = 91.1, current R@5 = 92.5
2022-01-11 14:41:08   Start training epoch: 02
2022-01-11 14:41:08   Cache: 0 / 3
2022-01-11 14:52:46   Epoch[02](0/3): current batch triplet loss = 0.0632, average epoch triplet loss = 0.0567
2022-01-11 14:52:46   Cache: 1 / 3
2022-01-11 15:03:45   Epoch[02](1/3): current batch triplet loss = 0.0617, average epoch triplet loss = 0.0553
2022-01-11 15:03:45   Cache: 2 / 3
2022-01-11 15:14:32   Epoch[02](2/3): current batch triplet loss = 0.0544, average epoch triplet loss = 0.0545
2022-01-11 15:14:32   Finished epoch 02 in 0:33:23, average epoch triplet loss = 0.0545
2022-01-11 15:14:32   Extracting database features for evaluation/testing
2022-01-11 15:17:05   Extracting queries features for evaluation/testing
2022-01-11 15:19:06   Calculating recalls
2022-01-11 15:19:35   Recalls on val set < BaseDataset, pitts30k - #database: 10000; #queries: 7608 >: R@1: 83.3, R@5: 92.5, R@10: 94.9, R@20: 96.6
2022-01-11 15:19:35   Not improved: 1 / 3: best R@5 = 92.5, current R@5 = 92.5
2022-01-11 15:19:35   Start training epoch: 03
2022-01-11 15:19:35   Cache: 0 / 3
2022-01-11 15:30:26   Epoch[03](0/3): current batch triplet loss = 0.0696, average epoch triplet loss = 0.0504
2022-01-11 15:30:26   Cache: 1 / 3
2022-01-11 15:41:20   Epoch[03](1/3): current batch triplet loss = 0.0633, average epoch triplet loss = 0.0488
2022-01-11 15:41:20   Cache: 2 / 3
2022-01-11 15:52:04   Epoch[03](2/3): current batch triplet loss = 0.0410, average epoch triplet loss = 0.0480
2022-01-11 15:52:04   Finished epoch 03 in 0:32:29, average epoch triplet loss = 0.0480
2022-01-11 15:52:04   Extracting database features for evaluation/testing
2022-01-11 15:54:41   Extracting queries features for evaluation/testing
2022-01-11 15:56:48   Calculating recalls
2022-01-11 15:57:17   Recalls on val set < BaseDataset, pitts30k - #database: 10000; #queries: 7608 >: R@1: 83.3, R@5: 92.4, R@10: 95.0, R@20: 96.6
2022-01-11 15:57:17   Not improved: 2 / 3: best R@5 = 92.5, current R@5 = 92.4
2022-01-11 15:57:17   Start training epoch: 04
2022-01-11 15:57:17   Cache: 0 / 3
2022-01-11 16:08:42   Epoch[04](0/3): current batch triplet loss = 0.0261, average epoch triplet loss = 0.0438
2022-01-11 16:08:42   Cache: 1 / 3
2022-01-11 16:19:56   Epoch[04](1/3): current batch triplet loss = 0.0312, average epoch triplet loss = 0.0424
2022-01-11 16:19:56   Cache: 2 / 3
2022-01-11 16:31:48   Epoch[04](2/3): current batch triplet loss = 0.0177, average epoch triplet loss = 0.0420
2022-01-11 16:31:48   Finished epoch 04 in 0:34:30, average epoch triplet loss = 0.0420
2022-01-11 16:31:48   Extracting database features for evaluation/testing
2022-01-11 16:34:38   Extracting queries features for evaluation/testing
2022-01-11 16:36:59   Calculating recalls
2022-01-11 16:37:34   Recalls on val set < BaseDataset, pitts30k - #database: 10000; #queries: 7608 >: R@1: 83.3, R@5: 92.4, R@10: 94.8, R@20: 96.7
2022-01-11 16:37:34   Not improved: 3 / 3: best R@5 = 92.5, current R@5 = 92.4
2022-01-11 16:37:34   Performance did not improve for 3 epochs. Stop training.
2022-01-11 16:37:34   Best R@5: 92.5
2022-01-11 16:37:34   Trained for 05 epochs, in total in 3:13:15
2022-01-11 16:37:34   Extracting database features for evaluation/testing
2022-01-11 16:41:08   Extracting queries features for evaluation/testing
2022-01-11 16:43:28   Calculating recalls
2022-01-11 16:43:56   Recalls on < BaseDataset, pitts30k - #database: 10000; #queries: 6816 >: R@1: 80.5, R@5: 90.9, R@10: 93.2, R@20: 95.0
