2022-01-11 13:24:18   Arguments: Namespace(augment_data=0, cache_refresh_rate=1000, datasets_folder='../data/', device='cuda', epochs_num=20, exp_name='./runs/NetVlad_abl', gem_power=None, infer_batch_size=16, lr=1e-05, margin=0.1, neg_samples_num=1000, negs_num_per_query=10, netvlad_clusters=64, num_workers=4, optimizer='Adam', output_folder='runs\\./runs/NetVlad_abl\\2022-01-11_13-24-18', patience=3, queries_per_epoch=3000, recall_values=[1, 5, 10, 20], seed=0, train_batch_size=2, train_positives_dist_threshold=10, val_positive_dist_threshold=25)
2022-01-11 13:24:18   The outputs are being saved in runs\./runs/NetVlad_abl\2022-01-11_13-24-18
2022-01-11 13:24:19   Using 1 GPUs and 8 CPUs
2022-01-11 13:24:20   There are 96 queries without any positives within the training set. They won't be considered as they're useless for training.
2022-01-11 13:24:20   Train query set: < TripletsDataset, pitts30k - #database: 10000; #queries: 7320 >
2022-01-11 13:24:21   Val set: < BaseDataset, pitts30k - #database: 10000; #queries: 7608 >
2022-01-11 13:24:21   Test set: < BaseDataset, pitts30k - #database: 10000; #queries: 6816 >
2022-01-11 13:24:23   Output dimension of the model is 16384
2022-01-11 13:24:23   Start training epoch: 00
2022-01-11 13:58:22   Finished epoch 00 in 0:33:58, average epoch triplet loss = 0.0738
2022-01-11 14:03:53   Recalls on val set < BaseDataset, pitts30k - #database: 10000; #queries: 7608 >: R@1: 79.7, R@5: 91.1, R@10: 94.0, R@20: 96.3
2022-01-11 14:03:53   Improved: previous best R@5 = 0.0, current R@5 = 91.1
2022-01-11 14:03:53   Start training epoch: 01
2022-01-11 14:35:55   Finished epoch 01 in 0:32:01, average epoch triplet loss = 0.0625
2022-01-11 14:41:08   Recalls on val set < BaseDataset, pitts30k - #database: 10000; #queries: 7608 >: R@1: 82.5, R@5: 92.5, R@10: 94.9, R@20: 96.6
2022-01-11 14:41:08   Improved: previous best R@5 = 91.1, current R@5 = 92.5
2022-01-11 14:41:08   Start training epoch: 02
2022-01-11 15:14:32   Finished epoch 02 in 0:33:23, average epoch triplet loss = 0.0545
2022-01-11 15:19:35   Recalls on val set < BaseDataset, pitts30k - #database: 10000; #queries: 7608 >: R@1: 83.3, R@5: 92.5, R@10: 94.9, R@20: 96.6
2022-01-11 15:19:35   Not improved: 1 / 3: best R@5 = 92.5, current R@5 = 92.5
2022-01-11 15:19:35   Start training epoch: 03
2022-01-11 15:52:04   Finished epoch 03 in 0:32:29, average epoch triplet loss = 0.0480
2022-01-11 15:57:17   Recalls on val set < BaseDataset, pitts30k - #database: 10000; #queries: 7608 >: R@1: 83.3, R@5: 92.4, R@10: 95.0, R@20: 96.6
2022-01-11 15:57:17   Not improved: 2 / 3: best R@5 = 92.5, current R@5 = 92.4
2022-01-11 15:57:17   Start training epoch: 04
2022-01-11 16:31:48   Finished epoch 04 in 0:34:30, average epoch triplet loss = 0.0420
2022-01-11 16:37:34   Recalls on val set < BaseDataset, pitts30k - #database: 10000; #queries: 7608 >: R@1: 83.3, R@5: 92.4, R@10: 94.8, R@20: 96.7
2022-01-11 16:37:34   Not improved: 3 / 3: best R@5 = 92.5, current R@5 = 92.4
2022-01-11 16:37:34   Performance did not improve for 3 epochs. Stop training.
2022-01-11 16:37:34   Best R@5: 92.5
2022-01-11 16:37:34   Trained for 05 epochs, in total in 3:13:15
2022-01-11 16:43:56   Recalls on < BaseDataset, pitts30k - #database: 10000; #queries: 6816 >: R@1: 80.5, R@5: 90.9, R@10: 93.2, R@20: 95.0
